Copyright 1986-2021 Xilinx, Inc. All Rights Reserved.
-------------------------------------------------------------------------------------
| Tool Version : Vivado v.2021.1 (lin64) Build 3247384 Thu Jun 10 19:36:07 MDT 2021
| Date         : Wed Apr 15 13:19:34 2026
| Host         : ece28 running 64-bit Ubuntu 20.04.2 LTS
| Command      : report_control_sets -verbose -file hdmi_top_control_sets_placed.rpt
| Design       : hdmi_top
| Device       : xc7z010
-------------------------------------------------------------------------------------

Control Set Information

Table of Contents
-----------------
1. Summary
2. Histogram
3. Flip-Flop Distribution
4. Detailed Control Set Information

1. Summary
----------

+----------------------------------------------------------+-------+
|                          Status                          | Count |
+----------------------------------------------------------+-------+
| Total control sets                                       |     7 |
|    Minimum number of control sets                        |     7 |
|    Addition due to synthesis replication                 |     0 |
|    Addition due to physical synthesis replication        |     0 |
| Unused register locations in slices containing registers |    32 |
+----------------------------------------------------------+-------+
* Control sets can be merged at opt_design using control_set_merge or merge_equivalent_drivers
** Run report_qor_suggestions for automated merging and remapping suggestions


2. Histogram
------------

+--------------------+-------+
|       Fanout       | Count |
+--------------------+-------+
| Total control sets |     7 |
| >= 0 to < 4        |     1 |
| >= 4 to < 6        |     0 |
| >= 6 to < 8        |     0 |
| >= 8 to < 10       |     0 |
| >= 10 to < 12      |     2 |
| >= 12 to < 14      |     0 |
| >= 14 to < 16      |     0 |
| >= 16              |     4 |
+--------------------+-------+
* Control sets can be remapped at either synth_design or opt_design


3. Flip-Flop Distribution
-------------------------

+--------------+-----------------------+------------------------+-----------------+--------------+
| Clock Enable | Synchronous Set/Reset | Asynchronous Set/Reset | Total Registers | Total Slices |
+--------------+-----------------------+------------------------+-----------------+--------------+
| No           | No                    | No                     |             166 |           88 |
| No           | No                    | Yes                    |               2 |            1 |
| No           | Yes                   | No                     |              60 |           23 |
| Yes          | No                    | No                     |              10 |            3 |
| Yes          | No                    | Yes                    |               0 |            0 |
| Yes          | Yes                   | No                     |              18 |            5 |
+--------------+-----------------------+------------------------+-----------------+--------------+


4. Detailed Control Set Information
-----------------------------------

+-------------------------------------+----------------------------------+--------------------------------------------------------------------+------------------+----------------+--------------+
|             Clock Signal            |           Enable Signal          |                          Set/Reset Signal                          | Slice Load Count | Bel Load Count | Bels / Slice |
+-------------------------------------+----------------------------------+--------------------------------------------------------------------+------------------+----------------+--------------+
|  clk_wiz_gen.clkgen_i/inst/clk_out1 |                                  | aRst                                                               |                1 |              2 |         2.00 |
|  clk_wiz_gen.clkgen_i/inst/clk_out1 |                                  | rgb2dvi_i/U0/DataEncoders[0].DataEncoder/pDataOutRaw[9]_i_1__1_n_0 |                3 |             10 |         3.33 |
|  clk_wiz_gen.clkgen_i/inst/clk_out1 | vga_ctrl_i/v_counter[9]_i_1_n_0  |                                                                    |                3 |             10 |         3.33 |
|  clk_wiz_gen.clkgen_i/inst/clk_out1 |                                  | vga_ctrl_i/SR[0]                                                   |                6 |             18 |         3.00 |
|  clk_wiz_gen.clkgen_i/inst/clk_out1 | pixel_pusher_hdmi_i/addr_counter | vga_ctrl_i/v_counter_reg[4]_0                                      |                5 |             18 |         3.60 |
|  clk_wiz_gen.clkgen_i/inst/clk_out1 |                                  | rgb2dvi_i/U0/DataEncoders[0].DataEncoder/SR[0]                     |               14 |             32 |         2.29 |
|  clk_wiz_gen.clkgen_i/inst/clk_out1 |                                  |                                                                    |               88 |            166 |         1.89 |
+-------------------------------------+----------------------------------+--------------------------------------------------------------------+------------------+----------------+--------------+


