Copyright 1986-2021 Xilinx, Inc. All Rights Reserved.
--------------------------------------------------------------------------------------
| Tool Version : Vivado v.2021.1 (lin64) Build 3247384 Thu Jun 10 19:36:07 MDT 2021
| Date         : Mon Apr 13 16:43:06 2026
| Host         : ece14 running 64-bit Ubuntu 20.04.2 LTS
| Command      : report_control_sets -verbose -file image_top_control_sets_placed.rpt
| Design       : image_top
| Device       : xc7z010
--------------------------------------------------------------------------------------

Control Set Information

Table of Contents
-----------------
1. Summary
2. Histogram
3. Flip-Flop Distribution
4. Detailed Control Set Information

1. Summary
----------

+----------------------------------------------------------+-------+
|                          Status                          | Count |
+----------------------------------------------------------+-------+
| Total control sets                                       |     5 |
|    Minimum number of control sets                        |     5 |
|    Addition due to synthesis replication                 |     0 |
|    Addition due to physical synthesis replication        |     0 |
| Unused register locations in slices containing registers |    20 |
+----------------------------------------------------------+-------+
* Control sets can be merged at opt_design using control_set_merge or merge_equivalent_drivers
** Run report_qor_suggestions for automated merging and remapping suggestions


2. Histogram
------------

+--------------------+-------+
|       Fanout       | Count |
+--------------------+-------+
| Total control sets |     5 |
| >= 0 to < 4        |     0 |
| >= 4 to < 6        |     0 |
| >= 6 to < 8        |     0 |
| >= 8 to < 10       |     1 |
| >= 10 to < 12      |     2 |
| >= 12 to < 14      |     0 |
| >= 14 to < 16      |     0 |
| >= 16              |     2 |
+--------------------+-------+
* Control sets can be remapped at either synth_design or opt_design


3. Flip-Flop Distribution
-------------------------

+--------------+-----------------------+------------------------+-----------------+--------------+
| Clock Enable | Synchronous Set/Reset | Asynchronous Set/Reset | Total Registers | Total Slices |
+--------------+-----------------------+------------------------+-----------------+--------------+
| No           | No                    | No                     |              70 |           64 |
| No           | No                    | Yes                    |               0 |            0 |
| No           | Yes                   | No                     |               8 |            6 |
| Yes          | No                    | No                     |              20 |            8 |
| Yes          | No                    | Yes                    |               0 |            0 |
| Yes          | Yes                   | No                     |              18 |            5 |
+--------------+-----------------------+------------------------+-----------------+--------------+


4. Detailed Control Set Information
-----------------------------------

+----------------+------------------------------------+----------------------------------+------------------+----------------+--------------+
|  Clock Signal  |            Enable Signal           |         Set/Reset Signal         | Slice Load Count | Bel Load Count | Bels / Slice |
+----------------+------------------------------------+----------------------------------+------------------+----------------+--------------+
|  clk_IBUF_BUFG |                                    | vga_ctrl_inst/h_counter_reg[5]_0 |                6 |              8 |         1.33 |
|  clk_IBUF_BUFG | vga_ctrl_inst/v_counter[9]_i_1_n_0 |                                  |                4 |             10 |         2.50 |
|  clk_IBUF_BUFG | clk_div_inst/clk_enable            |                                  |                4 |             10 |         2.50 |
|  clk_IBUF_BUFG | pixel_pusher_inst/addr_counter     | vga_ctrl_inst/v_counter_reg[4]_0 |                5 |             18 |         3.60 |
|  clk_IBUF_BUFG |                                    |                                  |               64 |             70 |         1.09 |
+----------------+------------------------------------+----------------------------------+------------------+----------------+--------------+


