Vivado Simulator v2021.1
Copyright 1986-1999, 2001-2021 Xilinx, Inc. All Rights Reserved.
Running: /home/software/Xilinx/Vivado/2021.1/bin/unwrapped/lnx64.o/xelab -wto 382d46cc1c7247108113bef65b5587f9 --incr --debug typical --relax --mt 8 --maxdelay -L xil_defaultlib -L simprims_ver -L secureip --snapshot lab_intro_tb_time_impl -transport_int_delays -pulse_r 0 -pulse_int_r 0 -pulse_e 0 -pulse_int_e 0 xil_defaultlib.lab_intro_tb xil_defaultlib.glbl -log elaborate.log 
Using 8 slave threads.
Starting static elaboration
Pass Through NonSizing Optimizer
Completed static elaboration
Starting simulation data flow analysis
Completed simulation data flow analysis
INFO: [XSIM 43-3451] SDF backannotation process started with SDF file "lab_intro_tb_time_impl.sdf", for root module "lab_intro_tb/dut".
INFO: [XSIM 43-3452] SDF backannotation was successful for SDF file "lab_intro_tb_time_impl.sdf", for root module "lab_intro_tb/dut".
Time Resolution for simulation is 1ps
Compiling package std.standard
Compiling package std.textio
Compiling package ieee.std_logic_1164
Compiling package ieee.numeric_std
Compiling package vl.vl_types
Compiling module xil_defaultlib.glbl
Compiling module simprims_ver.OBUF
Compiling module simprims_ver.x_lut1_mux2
Compiling module simprims_ver.LUT1(INIT=2'b01)
Compiling module simprims_ver.x_lut2_mux4
Compiling module simprims_ver.LUT2
Compiling module simprims_ver.x_lut3_mux8
Compiling module simprims_ver.LUT3(INIT=8'b11001010)
Compiling module simprims_ver.IBUF
Compiling module xil_defaultlib.lab_intro
Compiling architecture tb of entity xil_defaultlib.lab_intro_tb
Built simulation snapshot lab_intro_tb_time_impl
