
*** Running vivado
    with args -log image_top.vds -m64 -product Vivado -mode batch -messageDb vivado.pb -notrace -source image_top.tcl


****** Vivado v2021.1 (64-bit)
  **** SW Build 3247384 on Thu Jun 10 19:36:07 MDT 2021
  **** IP Build 3246043 on Fri Jun 11 00:30:35 MDT 2021
    ** Copyright 1986-2021 Xilinx, Inc. All Rights Reserved.

source image_top.tcl -notrace
INFO: [IP_Flow 19-234] Refreshing IP repositories
INFO: [IP_Flow 19-1700] Loaded user IP repository '/home/software/digilent'.
INFO: [IP_Flow 19-2313] Loaded Vivado IP repository '/home/software/Xilinx/Vivado/2021.1/data/ip'.
Command: synth_design -top image_top -part xc7z010clg400-1
Starting synth_design
Attempting to get a license for feature 'Synthesis' and/or device 'xc7z010'
INFO: [Common 17-349] Got license for feature 'Synthesis' and/or device 'xc7z010'
INFO: [Device 21-403] Loading part xc7z010clg400-1
INFO: [Synth 8-7079] Multithreading enabled for synth_design using a maximum of 4 processes.
INFO: [Synth 8-7078] Launching helper process for spawning children vivado processes
INFO: [Synth 8-7075] Helper process launched with PID 223465
---------------------------------------------------------------------------------
Starting RTL Elaboration : Time (s): cpu = 00:00:02 ; elapsed = 00:00:02 . Memory (MB): peak = 2497.227 ; gain = 0.000 ; free physical = 2527 ; free virtual = 22489
---------------------------------------------------------------------------------
INFO: [Synth 8-638] synthesizing module 'image_top' [/home/user/Desktop/lab_4_VGA_Video/lab_4_VGA_Video.srcs/sources_1/new/image_top.vhd:16]
INFO: [Synth 8-3491] module 'clock_div' declared at '/home/user/Desktop/lab_4_VGA_Video/lab_4_VGA_Video.srcs/sources_1/new/clock_div.vhd:5' bound to instance 'clk_div_inst' of component 'clock_div' [/home/user/Desktop/lab_4_VGA_Video/lab_4_VGA_Video.srcs/sources_1/new/image_top.vhd:73]
INFO: [Synth 8-638] synthesizing module 'clock_div' [/home/user/Desktop/lab_4_VGA_Video/lab_4_VGA_Video.srcs/sources_1/new/clock_div.vhd:12]
INFO: [Synth 8-256] done synthesizing module 'clock_div' (1#1) [/home/user/Desktop/lab_4_VGA_Video/lab_4_VGA_Video.srcs/sources_1/new/clock_div.vhd:12]
INFO: [Synth 8-3491] module 'vga_ctrl' declared at '/home/user/Desktop/lab_4_VGA_Video/lab_4_VGA_Video.srcs/sources_1/new/vga_ctrl.vhd:5' bound to instance 'vga_ctrl_inst' of component 'vga_ctrl' [/home/user/Desktop/lab_4_VGA_Video/lab_4_VGA_Video.srcs/sources_1/new/image_top.vhd:80]
INFO: [Synth 8-638] synthesizing module 'vga_ctrl' [/home/user/Desktop/lab_4_VGA_Video/lab_4_VGA_Video.srcs/sources_1/new/vga_ctrl.vhd:17]
INFO: [Synth 8-256] done synthesizing module 'vga_ctrl' (2#1) [/home/user/Desktop/lab_4_VGA_Video/lab_4_VGA_Video.srcs/sources_1/new/vga_ctrl.vhd:17]
INFO: [Synth 8-3491] module 'picture' declared at '/home/user/Desktop/lab_4_VGA_Video/lab_4_VGA_Video.runs/synth_1/.Xil/Vivado-223194-ece14/realtime/picture_stub.vhdl:5' bound to instance 'picture_inst' of component 'picture' [/home/user/Desktop/lab_4_VGA_Video/lab_4_VGA_Video.srcs/sources_1/new/image_top.vhd:92]
INFO: [Synth 8-638] synthesizing module 'picture' [/home/user/Desktop/lab_4_VGA_Video/lab_4_VGA_Video.runs/synth_1/.Xil/Vivado-223194-ece14/realtime/picture_stub.vhdl:15]
INFO: [Synth 8-3491] module 'pixel_pusher' declared at '/home/user/Desktop/lab_4_VGA_Video/lab_4_VGA_Video.srcs/sources_1/new/pixel_pusher.vhd:5' bound to instance 'pixel_pusher_inst' of component 'pixel_pusher' [/home/user/Desktop/lab_4_VGA_Video/lab_4_VGA_Video.srcs/sources_1/new/image_top.vhd:101]
INFO: [Synth 8-638] synthesizing module 'pixel_pusher' [/home/user/Desktop/lab_4_VGA_Video/lab_4_VGA_Video.srcs/sources_1/new/pixel_pusher.vhd:20]
INFO: [Synth 8-256] done synthesizing module 'pixel_pusher' (3#1) [/home/user/Desktop/lab_4_VGA_Video/lab_4_VGA_Video.srcs/sources_1/new/pixel_pusher.vhd:20]
INFO: [Synth 8-256] done synthesizing module 'image_top' (4#1) [/home/user/Desktop/lab_4_VGA_Video/lab_4_VGA_Video.srcs/sources_1/new/image_top.vhd:16]
---------------------------------------------------------------------------------
Finished RTL Elaboration : Time (s): cpu = 00:00:03 ; elapsed = 00:00:03 . Memory (MB): peak = 2497.227 ; gain = 0.000 ; free physical = 1881 ; free virtual = 21843
---------------------------------------------------------------------------------
---------------------------------------------------------------------------------
Start Handling Custom Attributes
---------------------------------------------------------------------------------
---------------------------------------------------------------------------------
Finished Handling Custom Attributes : Time (s): cpu = 00:00:03 ; elapsed = 00:00:04 . Memory (MB): peak = 2497.227 ; gain = 0.000 ; free physical = 1652 ; free virtual = 21613
---------------------------------------------------------------------------------
---------------------------------------------------------------------------------
Finished RTL Optimization Phase 1 : Time (s): cpu = 00:00:03 ; elapsed = 00:00:04 . Memory (MB): peak = 2497.227 ; gain = 0.000 ; free physical = 1652 ; free virtual = 21613
---------------------------------------------------------------------------------
Netlist sorting complete. Time (s): cpu = 00:00:00 ; elapsed = 00:00:00 . Memory (MB): peak = 2497.227 ; gain = 0.000 ; free physical = 1644 ; free virtual = 21606
INFO: [Project 1-570] Preparing netlist for logic optimization

Processing XDC Constraints
Initializing timing engine
Parsing XDC File [/home/user/Desktop/lab_4_VGA_Video/lab_4_VGA_Video.gen/sources_1/ip/picture/picture/picture_in_context.xdc] for cell 'picture_inst'
Finished Parsing XDC File [/home/user/Desktop/lab_4_VGA_Video/lab_4_VGA_Video.gen/sources_1/ip/picture/picture/picture_in_context.xdc] for cell 'picture_inst'
Parsing XDC File [/home/user/Desktop/lab_4_VGA_Video/lab_4_VGA_Video.srcs/sources_1/new/zybo_old_board.xdc]
Finished Parsing XDC File [/home/user/Desktop/lab_4_VGA_Video/lab_4_VGA_Video.srcs/sources_1/new/zybo_old_board.xdc]
INFO: [Project 1-236] Implementation specific constraints were found while reading constraint file [/home/user/Desktop/lab_4_VGA_Video/lab_4_VGA_Video.srcs/sources_1/new/zybo_old_board.xdc]. These constraints will be ignored for synthesis but will be used in implementation. Impacted constraints are listed in the file [.Xil/image_top_propImpl.xdc].
Resolution: To avoid this warning, move constraints listed in [.Xil/image_top_propImpl.xdc] to another XDC file and exclude this new file from synthesis with the used_in_synthesis property (File Properties dialog in GUI) and re-run elaboration/synthesis.
Completed Processing XDC Constraints

Netlist sorting complete. Time (s): cpu = 00:00:00 ; elapsed = 00:00:00 . Memory (MB): peak = 2561.125 ; gain = 0.000 ; free physical = 2395 ; free virtual = 22357
INFO: [Project 1-111] Unisim Transformation Summary:
No Unisim elements were transformed.

Constraint Validation Runtime : Time (s): cpu = 00:00:00 ; elapsed = 00:00:00.01 . Memory (MB): peak = 2561.125 ; gain = 0.000 ; free physical = 2395 ; free virtual = 22357
WARNING: [Timing 38-316] Clock period '20.000' specified during out-of-context synthesis of instance 'picture_inst' at clock pin 'clka' is different from the actual clock period '8.000', this can lead to different synthesis results.
---------------------------------------------------------------------------------
Finished Constraint Validation : Time (s): cpu = 00:00:07 ; elapsed = 00:00:07 . Memory (MB): peak = 2561.125 ; gain = 63.898 ; free physical = 2477 ; free virtual = 22439
---------------------------------------------------------------------------------
---------------------------------------------------------------------------------
Start Loading Part and Timing Information
---------------------------------------------------------------------------------
Loading part: xc7z010clg400-1
---------------------------------------------------------------------------------
Finished Loading Part and Timing Information : Time (s): cpu = 00:00:07 ; elapsed = 00:00:07 . Memory (MB): peak = 2561.125 ; gain = 63.898 ; free physical = 2477 ; free virtual = 22439
---------------------------------------------------------------------------------
---------------------------------------------------------------------------------
Start Applying 'set_property' XDC Constraints
---------------------------------------------------------------------------------
Applied set_property KEEP_HIERARCHY = SOFT for picture_inst. (constraint file  auto generated constraint).
---------------------------------------------------------------------------------
Finished applying 'set_property' XDC Constraints : Time (s): cpu = 00:00:07 ; elapsed = 00:00:07 . Memory (MB): peak = 2561.125 ; gain = 63.898 ; free physical = 2477 ; free virtual = 22439
---------------------------------------------------------------------------------
---------------------------------------------------------------------------------
Finished RTL Optimization Phase 2 : Time (s): cpu = 00:00:07 ; elapsed = 00:00:08 . Memory (MB): peak = 2561.125 ; gain = 63.898 ; free physical = 2468 ; free virtual = 22430
---------------------------------------------------------------------------------
---------------------------------------------------------------------------------
Start RTL Component Statistics 
---------------------------------------------------------------------------------
Detailed RTL Component Info : 
+---Adders : 
	   2 Input   10 Bit       Adders := 2     
	   2 Input    3 Bit       Adders := 1     
+---Registers : 
	               10 Bit    Registers := 2     
	                3 Bit    Registers := 1     
	                1 Bit    Registers := 1     
+---Muxes : 
	   2 Input    6 Bit        Muxes := 1     
	   2 Input    5 Bit        Muxes := 2     
	   2 Input    3 Bit        Muxes := 1     
	   2 Input    1 Bit        Muxes := 1     
---------------------------------------------------------------------------------
Finished RTL Component Statistics 
---------------------------------------------------------------------------------
---------------------------------------------------------------------------------
Start Part Resource Summary
---------------------------------------------------------------------------------
Part Resources:
DSPs: 80 (col length:40)
BRAMs: 120 (col length: RAMB18 40 RAMB36 20)
---------------------------------------------------------------------------------
Finished Part Resource Summary
---------------------------------------------------------------------------------
---------------------------------------------------------------------------------
Start Cross Boundary and Area Optimization
---------------------------------------------------------------------------------
---------------------------------------------------------------------------------
Finished Cross Boundary and Area Optimization : Time (s): cpu = 00:00:08 ; elapsed = 00:00:09 . Memory (MB): peak = 2561.125 ; gain = 63.898 ; free physical = 2454 ; free virtual = 22416
---------------------------------------------------------------------------------
---------------------------------------------------------------------------------
Start Applying XDC Timing Constraints
---------------------------------------------------------------------------------
---------------------------------------------------------------------------------
Finished Applying XDC Timing Constraints : Time (s): cpu = 00:00:12 ; elapsed = 00:00:13 . Memory (MB): peak = 2561.125 ; gain = 63.898 ; free physical = 2344 ; free virtual = 22306
---------------------------------------------------------------------------------
---------------------------------------------------------------------------------
Start Timing Optimization
---------------------------------------------------------------------------------
---------------------------------------------------------------------------------
Finished Timing Optimization : Time (s): cpu = 00:00:12 ; elapsed = 00:00:13 . Memory (MB): peak = 2561.125 ; gain = 63.898 ; free physical = 2334 ; free virtual = 22296
---------------------------------------------------------------------------------
---------------------------------------------------------------------------------
Start Technology Mapping
---------------------------------------------------------------------------------
---------------------------------------------------------------------------------
Finished Technology Mapping : Time (s): cpu = 00:00:12 ; elapsed = 00:00:13 . Memory (MB): peak = 2561.125 ; gain = 63.898 ; free physical = 2334 ; free virtual = 22296
---------------------------------------------------------------------------------
---------------------------------------------------------------------------------
Start IO Insertion
---------------------------------------------------------------------------------
---------------------------------------------------------------------------------
Start Flattening Before IO Insertion
---------------------------------------------------------------------------------
---------------------------------------------------------------------------------
Finished Flattening Before IO Insertion
---------------------------------------------------------------------------------
---------------------------------------------------------------------------------
Start Final Netlist Cleanup
---------------------------------------------------------------------------------
---------------------------------------------------------------------------------
Finished Final Netlist Cleanup
---------------------------------------------------------------------------------
---------------------------------------------------------------------------------
Finished IO Insertion : Time (s): cpu = 00:00:15 ; elapsed = 00:00:15 . Memory (MB): peak = 2561.125 ; gain = 63.898 ; free physical = 2332 ; free virtual = 22294
---------------------------------------------------------------------------------
---------------------------------------------------------------------------------
Start Renaming Generated Instances
---------------------------------------------------------------------------------
---------------------------------------------------------------------------------
Finished Renaming Generated Instances : Time (s): cpu = 00:00:15 ; elapsed = 00:00:15 . Memory (MB): peak = 2561.125 ; gain = 63.898 ; free physical = 2332 ; free virtual = 22294
---------------------------------------------------------------------------------
---------------------------------------------------------------------------------
Start Rebuilding User Hierarchy
---------------------------------------------------------------------------------
---------------------------------------------------------------------------------
Finished Rebuilding User Hierarchy : Time (s): cpu = 00:00:15 ; elapsed = 00:00:15 . Memory (MB): peak = 2561.125 ; gain = 63.898 ; free physical = 2332 ; free virtual = 22294
---------------------------------------------------------------------------------
---------------------------------------------------------------------------------
Start Renaming Generated Ports
---------------------------------------------------------------------------------
---------------------------------------------------------------------------------
Finished Renaming Generated Ports : Time (s): cpu = 00:00:15 ; elapsed = 00:00:15 . Memory (MB): peak = 2561.125 ; gain = 63.898 ; free physical = 2332 ; free virtual = 22294
---------------------------------------------------------------------------------
---------------------------------------------------------------------------------
Start Handling Custom Attributes
---------------------------------------------------------------------------------
---------------------------------------------------------------------------------
Finished Handling Custom Attributes : Time (s): cpu = 00:00:15 ; elapsed = 00:00:15 . Memory (MB): peak = 2561.125 ; gain = 63.898 ; free physical = 2332 ; free virtual = 22294
---------------------------------------------------------------------------------
---------------------------------------------------------------------------------
Start Renaming Generated Nets
---------------------------------------------------------------------------------
---------------------------------------------------------------------------------
Finished Renaming Generated Nets : Time (s): cpu = 00:00:15 ; elapsed = 00:00:15 . Memory (MB): peak = 2561.125 ; gain = 63.898 ; free physical = 2332 ; free virtual = 22294
---------------------------------------------------------------------------------
---------------------------------------------------------------------------------
Start Writing Synthesis Report
---------------------------------------------------------------------------------

Report BlackBoxes: 
+------+--------------+----------+
|      |BlackBox name |Instances |
+------+--------------+----------+
|1     |picture       |         1|
+------+--------------+----------+

Report Cell Usage: 
+------+-------------+------+
|      |Cell         |Count |
+------+-------------+------+
|1     |picture_bbox |     1|
|2     |BUFG         |     1|
|3     |CARRY4       |     5|
|4     |LUT1         |     2|
|5     |LUT2         |     4|
|6     |LUT3         |     7|
|7     |LUT4         |     6|
|8     |LUT5         |     7|
|9     |LUT6         |    20|
|10    |FDRE         |    42|
|11    |IBUF         |     1|
|12    |OBUF         |    18|
+------+-------------+------+
---------------------------------------------------------------------------------
Finished Writing Synthesis Report : Time (s): cpu = 00:00:15 ; elapsed = 00:00:15 . Memory (MB): peak = 2561.125 ; gain = 63.898 ; free physical = 2332 ; free virtual = 22294
---------------------------------------------------------------------------------
Synthesis finished with 0 errors, 0 critical warnings and 0 warnings.
Synthesis Optimization Runtime : Time (s): cpu = 00:00:13 ; elapsed = 00:00:14 . Memory (MB): peak = 2561.125 ; gain = 0.000 ; free physical = 2390 ; free virtual = 22352
Synthesis Optimization Complete : Time (s): cpu = 00:00:15 ; elapsed = 00:00:15 . Memory (MB): peak = 2561.125 ; gain = 63.898 ; free physical = 2390 ; free virtual = 22352
INFO: [Project 1-571] Translating synthesized netlist
Netlist sorting complete. Time (s): cpu = 00:00:00 ; elapsed = 00:00:00 . Memory (MB): peak = 2561.125 ; gain = 0.000 ; free physical = 2382 ; free virtual = 22344
INFO: [Netlist 29-17] Analyzing 5 Unisim elements for replacement
INFO: [Netlist 29-28] Unisim Transformation completed in 0 CPU seconds
INFO: [Project 1-570] Preparing netlist for logic optimization
INFO: [Opt 31-138] Pushed 0 inverter(s) to 0 load pin(s).
Netlist sorting complete. Time (s): cpu = 00:00:00 ; elapsed = 00:00:00 . Memory (MB): peak = 2561.125 ; gain = 0.000 ; free physical = 2414 ; free virtual = 22376
INFO: [Project 1-111] Unisim Transformation Summary:
No Unisim elements were transformed.

Synth Design complete, checksum: 2ee2669c
INFO: [Common 17-83] Releasing license: Synthesis
31 Infos, 1 Warnings, 0 Critical Warnings and 0 Errors encountered.
synth_design completed successfully
synth_design: Time (s): cpu = 00:00:22 ; elapsed = 00:00:19 . Memory (MB): peak = 2561.125 ; gain = 64.031 ; free physical = 2556 ; free virtual = 22518
INFO: [Common 17-1381] The checkpoint '/home/user/Desktop/lab_4_VGA_Video/lab_4_VGA_Video.runs/synth_1/image_top.dcp' has been generated.
INFO: [runtcl-4] Executing : report_utilization -file image_top_utilization_synth.rpt -pb image_top_utilization_synth.pb
INFO: [Common 17-206] Exiting Vivado at Thu Apr  9 16:21:35 2026...
