Copyright 1986-2021 Xilinx, Inc. All Rights Reserved.
-----------------------------------------------------------------------------------------------------------------------------------------------------------------------------------------------------------------------------
| Tool Version : Vivado v.2021.1 (lin64) Build 3247384 Thu Jun 10 19:36:07 MDT 2021
| Date         : Mon May 11 14:47:24 2026
| Host         : ece28 running 64-bit Ubuntu 20.04.2 LTS
| Command      : report_timing_summary -max_paths 10 -file hdmi_telemetry_top_timing_summary_routed.rpt -pb hdmi_telemetry_top_timing_summary_routed.pb -rpx hdmi_telemetry_top_timing_summary_routed.rpx -warn_on_violation
| Design       : hdmi_telemetry_top
| Device       : 7z010-clg400
| Speed File   : -1  PRODUCTION 1.12 2019-11-22
-----------------------------------------------------------------------------------------------------------------------------------------------------------------------------------------------------------------------------

Timing Summary Report

------------------------------------------------------------------------------------------------
| Timer Settings
| --------------
------------------------------------------------------------------------------------------------

  Enable Multi Corner Analysis               :  Yes
  Enable Pessimism Removal                   :  Yes
  Pessimism Removal Resolution               :  Nearest Common Node
  Enable Input Delay Default Clock           :  No
  Enable Preset / Clear Arcs                 :  No
  Disable Flight Delays                      :  No
  Ignore I/O Paths                           :  No
  Timing Early Launch at Borrowing Latches   :  No
  Borrow Time for Max Delay Exceptions       :  Yes
  Merge Timing Exceptions                    :  Yes

  Corner  Analyze    Analyze    
  Name    Max Paths  Min Paths  
  ------  ---------  ---------  
  Slow    Yes        Yes        
  Fast    Yes        Yes        


------------------------------------------------------------------------------------------------
| Report Methodology
| ------------------
------------------------------------------------------------------------------------------------

Rule       Severity  Description                    Violations  
---------  --------  -----------------------------  ----------  
TIMING-18  Warning   Missing input or output delay  13          

Note: This report is based on the most recent report_methodology run and may not be up-to-date. Run report_methodology on the current design for the latest report.



check_timing report

Table of Contents
-----------------
1. checking no_clock (0)
2. checking constant_clock (0)
3. checking pulse_width_clock (0)
4. checking unconstrained_internal_endpoints (0)
5. checking no_input_delay (3)
6. checking no_output_delay (9)
7. checking multiple_clock (0)
8. checking generated_clocks (0)
9. checking loops (0)
10. checking partial_input_delay (0)
11. checking partial_output_delay (0)
12. checking latch_loops (0)

1. checking no_clock (0)
------------------------
 There are 0 register/latch pins with no clock.


2. checking constant_clock (0)
------------------------------
 There are 0 register/latch pins with constant_clock.


3. checking pulse_width_clock (0)
---------------------------------
 There are 0 register/latch pins which need pulse_width check


4. checking unconstrained_internal_endpoints (0)
------------------------------------------------
 There are 0 pins that are not constrained for maximum delay.

 There are 0 pins that are not constrained for maximum delay due to constant clock.


5. checking no_input_delay (3)
------------------------------
 There are 3 input ports with no input delay specified. (HIGH)

 There are 0 input ports with no input delay but user has a false path constraint.


6. checking no_output_delay (9)
-------------------------------
 There are 9 ports with no output delay specified. (HIGH)

 There are 0 ports with no output delay but user has a false path constraint

 There are 0 ports with no output delay but with a timing clock defined on it or propagating through it


7. checking multiple_clock (0)
------------------------------
 There are 0 register/latch pins with multiple clocks.


8. checking generated_clocks (0)
--------------------------------
 There are 0 generated clocks that are not connected to a clock source.


9. checking loops (0)
---------------------
 There are 0 combinational loops in the design.


10. checking partial_input_delay (0)
------------------------------------
 There are 0 input ports with partial input delay specified.


11. checking partial_output_delay (0)
-------------------------------------
 There are 0 ports with partial output delay specified.


12. checking latch_loops (0)
----------------------------
 There are 0 combinational latch loops in the design through latch input



------------------------------------------------------------------------------------------------
| Design Timing Summary
| ---------------------
------------------------------------------------------------------------------------------------

    WNS(ns)      TNS(ns)  TNS Failing Endpoints  TNS Total Endpoints      WHS(ns)      THS(ns)  THS Failing Endpoints  THS Total Endpoints     WPWS(ns)     TPWS(ns)  TPWS Failing Endpoints  TPWS Total Endpoints  
    -------      -------  ---------------------  -------------------      -------      -------  ---------------------  -------------------     --------     --------  ----------------------  --------------------  
      4.125        0.000                      0                  513        0.150        0.000                      0                  513        3.500        0.000                       0                   282  


All user specified timing constraints are met.


------------------------------------------------------------------------------------------------
| Clock Summary
| -------------
------------------------------------------------------------------------------------------------

Clock        Waveform(ns)         Period(ns)      Frequency(MHz)
-----        ------------         ----------      --------------
sys_clk_pin  {0.000 4.000}        8.000           125.000         


------------------------------------------------------------------------------------------------
| Intra Clock Table
| -----------------
------------------------------------------------------------------------------------------------

Clock             WNS(ns)      TNS(ns)  TNS Failing Endpoints  TNS Total Endpoints      WHS(ns)      THS(ns)  THS Failing Endpoints  THS Total Endpoints     WPWS(ns)     TPWS(ns)  TPWS Failing Endpoints  TPWS Total Endpoints  
-----             -------      -------  ---------------------  -------------------      -------      -------  ---------------------  -------------------     --------     --------  ----------------------  --------------------  
sys_clk_pin         4.125        0.000                      0                  513        0.150        0.000                      0                  513        3.500        0.000                       0                   282  


------------------------------------------------------------------------------------------------
| Inter Clock Table
| -----------------
------------------------------------------------------------------------------------------------

From Clock    To Clock          WNS(ns)      TNS(ns)  TNS Failing Endpoints  TNS Total Endpoints      WHS(ns)      THS(ns)  THS Failing Endpoints  THS Total Endpoints  
----------    --------          -------      -------  ---------------------  -------------------      -------      -------  ---------------------  -------------------  


------------------------------------------------------------------------------------------------
| Other Path Groups Table
| -----------------------
------------------------------------------------------------------------------------------------

Path Group    From Clock    To Clock          WNS(ns)      TNS(ns)  TNS Failing Endpoints  TNS Total Endpoints      WHS(ns)      THS(ns)  THS Failing Endpoints  THS Total Endpoints  
----------    ----------    --------          -------      -------  ---------------------  -------------------      -------      -------  ---------------------  -------------------  


------------------------------------------------------------------------------------------------
| Timing Details
| --------------
------------------------------------------------------------------------------------------------


---------------------------------------------------------------------------------------------------
From Clock:  sys_clk_pin
  To Clock:  sys_clk_pin

Setup :            0  Failing Endpoints,  Worst Slack        4.125ns,  Total Violation        0.000ns
Hold  :            0  Failing Endpoints,  Worst Slack        0.150ns,  Total Violation        0.000ns
PW    :            0  Failing Endpoints,  Worst Slack        3.500ns,  Total Violation        0.000ns
---------------------------------------------------------------------------------------------------


Max Delay Paths
--------------------------------------------------------------------------------------
Slack (MET) :             4.125ns  (required time - arrival time)
  Source:                 U_SPI_CLK/spi_en_1mhz_reg/C
                            (rising edge-triggered cell FDRE clocked by sys_clk_pin  {rise@0.000ns fall@4.000ns period=8.000ns})
  Destination:            U_SPI_JSTK/rx_shift_reg[2]/R
                            (rising edge-triggered cell FDRE clocked by sys_clk_pin  {rise@0.000ns fall@4.000ns period=8.000ns})
  Path Group:             sys_clk_pin
  Path Type:              Setup (Max at Slow Process Corner)
  Requirement:            8.000ns  (sys_clk_pin rise@8.000ns - sys_clk_pin rise@0.000ns)
  Data Path Delay:        3.083ns  (logic 0.799ns (25.918%)  route 2.284ns (74.082%))
  Logic Levels:           1  (LUT4=1)
  Clock Path Skew:        -0.025ns (DCD - SCD + CPR)
    Destination Clock Delay (DCD):    4.969ns = ( 12.969 - 8.000 ) 
    Source Clock Delay      (SCD):    5.423ns
    Clock Pessimism Removal (CPR):    0.429ns
  Clock Uncertainty:      0.035ns  ((TSJ^2 + TIJ^2)^1/2 + DJ) / 2 + PE
    Total System Jitter     (TSJ):    0.071ns
    Total Input Jitter      (TIJ):    0.000ns
    Discrete Jitter          (DJ):    0.000ns
    Phase Error              (PE):    0.000ns

    Location             Delay type                Incr(ns)  Path(ns)    Netlist Resource(s)
  -------------------------------------------------------------------    -------------------
                         (clock sys_clk_pin rise edge)
                                                      0.000     0.000 r  
    L16                                               0.000     0.000 r  sysclk (IN)
                         net (fo=0)                   0.000     0.000    sysclk
    L16                  IBUF (Prop_ibuf_I_O)         1.491     1.491 r  sysclk_IBUF_inst/O
                         net (fo=1, routed)           2.076     3.567    sysclk_IBUF
    BUFGCTRL_X0Y16       BUFG (Prop_bufg_I_O)         0.101     3.668 r  sysclk_IBUF_BUFG_inst/O
                         net (fo=281, routed)         1.755     5.423    U_SPI_CLK/CLK
    SLICE_X42Y39         FDRE                                         r  U_SPI_CLK/spi_en_1mhz_reg/C
  -------------------------------------------------------------------    -------------------
    SLICE_X42Y39         FDRE (Prop_fdre_C_Q)         0.478     5.901 r  U_SPI_CLK/spi_en_1mhz_reg/Q
                         net (fo=34, routed)          0.990     6.891    U_JSTK_CTRL/spi_en
    SLICE_X43Y43         LUT4 (Prop_lut4_I3_O)        0.321     7.212 r  U_JSTK_CTRL/rx_shift[7]_i_1__0/O
                         net (fo=10, routed)          1.294     8.506    U_SPI_JSTK/SR[0]
    SLICE_X42Y40         FDRE                                         r  U_SPI_JSTK/rx_shift_reg[2]/R
  -------------------------------------------------------------------    -------------------

                         (clock sys_clk_pin rise edge)
                                                      8.000     8.000 r  
    L16                                               0.000     8.000 r  sysclk (IN)
                         net (fo=0)                   0.000     8.000    sysclk
    L16                  IBUF (Prop_ibuf_I_O)         1.421     9.421 r  sysclk_IBUF_inst/O
                         net (fo=1, routed)           1.880    11.301    sysclk_IBUF
    BUFGCTRL_X0Y16       BUFG (Prop_bufg_I_O)         0.091    11.392 r  sysclk_IBUF_BUFG_inst/O
                         net (fo=281, routed)         1.577    12.969    U_SPI_JSTK/CLK
    SLICE_X42Y40         FDRE                                         r  U_SPI_JSTK/rx_shift_reg[2]/C
                         clock pessimism              0.429    13.398    
                         clock uncertainty           -0.035    13.363    
    SLICE_X42Y40         FDRE (Setup_fdre_C_R)       -0.732    12.631    U_SPI_JSTK/rx_shift_reg[2]
  -------------------------------------------------------------------
                         required time                         12.631    
                         arrival time                          -8.506    
  -------------------------------------------------------------------
                         slack                                  4.125    

Slack (MET) :             4.198ns  (required time - arrival time)
  Source:                 U_IMU_CTRL/spi_done_reg/C
                            (rising edge-triggered cell FDRE clocked by sys_clk_pin  {rise@0.000ns fall@4.000ns period=8.000ns})
  Destination:            U_IMU_CTRL/zl_reg[2]/CE
                            (rising edge-triggered cell FDRE clocked by sys_clk_pin  {rise@0.000ns fall@4.000ns period=8.000ns})
  Path Group:             sys_clk_pin
  Path Type:              Setup (Max at Slow Process Corner)
  Requirement:            8.000ns  (sys_clk_pin rise@8.000ns - sys_clk_pin rise@0.000ns)
  Data Path Delay:        3.326ns  (logic 0.867ns (26.065%)  route 2.459ns (73.935%))
  Logic Levels:           2  (LUT5=2)
  Clock Path Skew:        -0.027ns (DCD - SCD + CPR)
    Destination Clock Delay (DCD):    4.965ns = ( 12.965 - 8.000 ) 
    Source Clock Delay      (SCD):    5.420ns
    Clock Pessimism Removal (CPR):    0.428ns
  Clock Uncertainty:      0.035ns  ((TSJ^2 + TIJ^2)^1/2 + DJ) / 2 + PE
    Total System Jitter     (TSJ):    0.071ns
    Total Input Jitter      (TIJ):    0.000ns
    Discrete Jitter          (DJ):    0.000ns
    Phase Error              (PE):    0.000ns

    Location             Delay type                Incr(ns)  Path(ns)    Netlist Resource(s)
  -------------------------------------------------------------------    -------------------
                         (clock sys_clk_pin rise edge)
                                                      0.000     0.000 r  
    L16                                               0.000     0.000 r  sysclk (IN)
                         net (fo=0)                   0.000     0.000    sysclk
    L16                  IBUF (Prop_ibuf_I_O)         1.491     1.491 r  sysclk_IBUF_inst/O
                         net (fo=1, routed)           2.076     3.567    sysclk_IBUF
    BUFGCTRL_X0Y16       BUFG (Prop_bufg_I_O)         0.101     3.668 r  sysclk_IBUF_BUFG_inst/O
                         net (fo=281, routed)         1.752     5.420    U_IMU_CTRL/CLK
    SLICE_X39Y38         FDRE                                         r  U_IMU_CTRL/spi_done_reg/C
  -------------------------------------------------------------------    -------------------
    SLICE_X39Y38         FDRE (Prop_fdre_C_Q)         0.419     5.839 r  U_IMU_CTRL/spi_done_reg/Q
                         net (fo=14, routed)          1.036     6.876    U_IMU_CTRL/spi_done_reg_n_0
    SLICE_X37Y36         LUT5 (Prop_lut5_I3_O)        0.296     7.172 r  U_IMU_CTRL/xl[7]_i_2/O
                         net (fo=6, routed)           0.835     8.007    U_IMU_CTRL/xl[7]_i_2_n_0
    SLICE_X37Y35         LUT5 (Prop_lut5_I1_O)        0.152     8.159 r  U_IMU_CTRL/zl[7]_i_1/O
                         net (fo=8, routed)           0.588     8.747    U_IMU_CTRL/zl[7]_i_1_n_0
    SLICE_X36Y35         FDRE                                         r  U_IMU_CTRL/zl_reg[2]/CE
  -------------------------------------------------------------------    -------------------

                         (clock sys_clk_pin rise edge)
                                                      8.000     8.000 r  
    L16                                               0.000     8.000 r  sysclk (IN)
                         net (fo=0)                   0.000     8.000    sysclk
    L16                  IBUF (Prop_ibuf_I_O)         1.421     9.421 r  sysclk_IBUF_inst/O
                         net (fo=1, routed)           1.880    11.301    sysclk_IBUF
    BUFGCTRL_X0Y16       BUFG (Prop_bufg_I_O)         0.091    11.392 r  sysclk_IBUF_BUFG_inst/O
                         net (fo=281, routed)         1.573    12.965    U_IMU_CTRL/CLK
    SLICE_X36Y35         FDRE                                         r  U_IMU_CTRL/zl_reg[2]/C
                         clock pessimism              0.428    13.393    
                         clock uncertainty           -0.035    13.358    
    SLICE_X36Y35         FDRE (Setup_fdre_C_CE)      -0.413    12.945    U_IMU_CTRL/zl_reg[2]
  -------------------------------------------------------------------
                         required time                         12.945    
                         arrival time                          -8.747    
  -------------------------------------------------------------------
                         slack                                  4.198    

Slack (MET) :             4.198ns  (required time - arrival time)
  Source:                 U_IMU_CTRL/spi_done_reg/C
                            (rising edge-triggered cell FDRE clocked by sys_clk_pin  {rise@0.000ns fall@4.000ns period=8.000ns})
  Destination:            U_IMU_CTRL/zl_reg[4]/CE
                            (rising edge-triggered cell FDRE clocked by sys_clk_pin  {rise@0.000ns fall@4.000ns period=8.000ns})
  Path Group:             sys_clk_pin
  Path Type:              Setup (Max at Slow Process Corner)
  Requirement:            8.000ns  (sys_clk_pin rise@8.000ns - sys_clk_pin rise@0.000ns)
  Data Path Delay:        3.326ns  (logic 0.867ns (26.065%)  route 2.459ns (73.935%))
  Logic Levels:           2  (LUT5=2)
  Clock Path Skew:        -0.027ns (DCD - SCD + CPR)
    Destination Clock Delay (DCD):    4.965ns = ( 12.965 - 8.000 ) 
    Source Clock Delay      (SCD):    5.420ns
    Clock Pessimism Removal (CPR):    0.428ns
  Clock Uncertainty:      0.035ns  ((TSJ^2 + TIJ^2)^1/2 + DJ) / 2 + PE
    Total System Jitter     (TSJ):    0.071ns
    Total Input Jitter      (TIJ):    0.000ns
    Discrete Jitter          (DJ):    0.000ns
    Phase Error              (PE):    0.000ns

    Location             Delay type                Incr(ns)  Path(ns)    Netlist Resource(s)
  -------------------------------------------------------------------    -------------------
                         (clock sys_clk_pin rise edge)
                                                      0.000     0.000 r  
    L16                                               0.000     0.000 r  sysclk (IN)
                         net (fo=0)                   0.000     0.000    sysclk
    L16                  IBUF (Prop_ibuf_I_O)         1.491     1.491 r  sysclk_IBUF_inst/O
                         net (fo=1, routed)           2.076     3.567    sysclk_IBUF
    BUFGCTRL_X0Y16       BUFG (Prop_bufg_I_O)         0.101     3.668 r  sysclk_IBUF_BUFG_inst/O
                         net (fo=281, routed)         1.752     5.420    U_IMU_CTRL/CLK
    SLICE_X39Y38         FDRE                                         r  U_IMU_CTRL/spi_done_reg/C
  -------------------------------------------------------------------    -------------------
    SLICE_X39Y38         FDRE (Prop_fdre_C_Q)         0.419     5.839 r  U_IMU_CTRL/spi_done_reg/Q
                         net (fo=14, routed)          1.036     6.876    U_IMU_CTRL/spi_done_reg_n_0
    SLICE_X37Y36         LUT5 (Prop_lut5_I3_O)        0.296     7.172 r  U_IMU_CTRL/xl[7]_i_2/O
                         net (fo=6, routed)           0.835     8.007    U_IMU_CTRL/xl[7]_i_2_n_0
    SLICE_X37Y35         LUT5 (Prop_lut5_I1_O)        0.152     8.159 r  U_IMU_CTRL/zl[7]_i_1/O
                         net (fo=8, routed)           0.588     8.747    U_IMU_CTRL/zl[7]_i_1_n_0
    SLICE_X36Y35         FDRE                                         r  U_IMU_CTRL/zl_reg[4]/CE
  -------------------------------------------------------------------    -------------------

                         (clock sys_clk_pin rise edge)
                                                      8.000     8.000 r  
    L16                                               0.000     8.000 r  sysclk (IN)
                         net (fo=0)                   0.000     8.000    sysclk
    L16                  IBUF (Prop_ibuf_I_O)         1.421     9.421 r  sysclk_IBUF_inst/O
                         net (fo=1, routed)           1.880    11.301    sysclk_IBUF
    BUFGCTRL_X0Y16       BUFG (Prop_bufg_I_O)         0.091    11.392 r  sysclk_IBUF_BUFG_inst/O
                         net (fo=281, routed)         1.573    12.965    U_IMU_CTRL/CLK
    SLICE_X36Y35         FDRE                                         r  U_IMU_CTRL/zl_reg[4]/C
                         clock pessimism              0.428    13.393    
                         clock uncertainty           -0.035    13.358    
    SLICE_X36Y35         FDRE (Setup_fdre_C_CE)      -0.413    12.945    U_IMU_CTRL/zl_reg[4]
  -------------------------------------------------------------------
                         required time                         12.945    
                         arrival time                          -8.747    
  -------------------------------------------------------------------
                         slack                                  4.198    

Slack (MET) :             4.198ns  (required time - arrival time)
  Source:                 U_IMU_CTRL/spi_done_reg/C
                            (rising edge-triggered cell FDRE clocked by sys_clk_pin  {rise@0.000ns fall@4.000ns period=8.000ns})
  Destination:            U_IMU_CTRL/zl_reg[6]/CE
                            (rising edge-triggered cell FDRE clocked by sys_clk_pin  {rise@0.000ns fall@4.000ns period=8.000ns})
  Path Group:             sys_clk_pin
  Path Type:              Setup (Max at Slow Process Corner)
  Requirement:            8.000ns  (sys_clk_pin rise@8.000ns - sys_clk_pin rise@0.000ns)
  Data Path Delay:        3.326ns  (logic 0.867ns (26.065%)  route 2.459ns (73.935%))
  Logic Levels:           2  (LUT5=2)
  Clock Path Skew:        -0.027ns (DCD - SCD + CPR)
    Destination Clock Delay (DCD):    4.965ns = ( 12.965 - 8.000 ) 
    Source Clock Delay      (SCD):    5.420ns
    Clock Pessimism Removal (CPR):    0.428ns
  Clock Uncertainty:      0.035ns  ((TSJ^2 + TIJ^2)^1/2 + DJ) / 2 + PE
    Total System Jitter     (TSJ):    0.071ns
    Total Input Jitter      (TIJ):    0.000ns
    Discrete Jitter          (DJ):    0.000ns
    Phase Error              (PE):    0.000ns

    Location             Delay type                Incr(ns)  Path(ns)    Netlist Resource(s)
  -------------------------------------------------------------------    -------------------
                         (clock sys_clk_pin rise edge)
                                                      0.000     0.000 r  
    L16                                               0.000     0.000 r  sysclk (IN)
                         net (fo=0)                   0.000     0.000    sysclk
    L16                  IBUF (Prop_ibuf_I_O)         1.491     1.491 r  sysclk_IBUF_inst/O
                         net (fo=1, routed)           2.076     3.567    sysclk_IBUF
    BUFGCTRL_X0Y16       BUFG (Prop_bufg_I_O)         0.101     3.668 r  sysclk_IBUF_BUFG_inst/O
                         net (fo=281, routed)         1.752     5.420    U_IMU_CTRL/CLK
    SLICE_X39Y38         FDRE                                         r  U_IMU_CTRL/spi_done_reg/C
  -------------------------------------------------------------------    -------------------
    SLICE_X39Y38         FDRE (Prop_fdre_C_Q)         0.419     5.839 r  U_IMU_CTRL/spi_done_reg/Q
                         net (fo=14, routed)          1.036     6.876    U_IMU_CTRL/spi_done_reg_n_0
    SLICE_X37Y36         LUT5 (Prop_lut5_I3_O)        0.296     7.172 r  U_IMU_CTRL/xl[7]_i_2/O
                         net (fo=6, routed)           0.835     8.007    U_IMU_CTRL/xl[7]_i_2_n_0
    SLICE_X37Y35         LUT5 (Prop_lut5_I1_O)        0.152     8.159 r  U_IMU_CTRL/zl[7]_i_1/O
                         net (fo=8, routed)           0.588     8.747    U_IMU_CTRL/zl[7]_i_1_n_0
    SLICE_X36Y35         FDRE                                         r  U_IMU_CTRL/zl_reg[6]/CE
  -------------------------------------------------------------------    -------------------

                         (clock sys_clk_pin rise edge)
                                                      8.000     8.000 r  
    L16                                               0.000     8.000 r  sysclk (IN)
                         net (fo=0)                   0.000     8.000    sysclk
    L16                  IBUF (Prop_ibuf_I_O)         1.421     9.421 r  sysclk_IBUF_inst/O
                         net (fo=1, routed)           1.880    11.301    sysclk_IBUF
    BUFGCTRL_X0Y16       BUFG (Prop_bufg_I_O)         0.091    11.392 r  sysclk_IBUF_BUFG_inst/O
                         net (fo=281, routed)         1.573    12.965    U_IMU_CTRL/CLK
    SLICE_X36Y35         FDRE                                         r  U_IMU_CTRL/zl_reg[6]/C
                         clock pessimism              0.428    13.393    
                         clock uncertainty           -0.035    13.358    
    SLICE_X36Y35         FDRE (Setup_fdre_C_CE)      -0.413    12.945    U_IMU_CTRL/zl_reg[6]
  -------------------------------------------------------------------
                         required time                         12.945    
                         arrival time                          -8.747    
  -------------------------------------------------------------------
                         slack                                  4.198    

Slack (MET) :             4.198ns  (required time - arrival time)
  Source:                 U_IMU_CTRL/spi_done_reg/C
                            (rising edge-triggered cell FDRE clocked by sys_clk_pin  {rise@0.000ns fall@4.000ns period=8.000ns})
  Destination:            U_IMU_CTRL/zl_reg[7]/CE
                            (rising edge-triggered cell FDRE clocked by sys_clk_pin  {rise@0.000ns fall@4.000ns period=8.000ns})
  Path Group:             sys_clk_pin
  Path Type:              Setup (Max at Slow Process Corner)
  Requirement:            8.000ns  (sys_clk_pin rise@8.000ns - sys_clk_pin rise@0.000ns)
  Data Path Delay:        3.326ns  (logic 0.867ns (26.065%)  route 2.459ns (73.935%))
  Logic Levels:           2  (LUT5=2)
  Clock Path Skew:        -0.027ns (DCD - SCD + CPR)
    Destination Clock Delay (DCD):    4.965ns = ( 12.965 - 8.000 ) 
    Source Clock Delay      (SCD):    5.420ns
    Clock Pessimism Removal (CPR):    0.428ns
  Clock Uncertainty:      0.035ns  ((TSJ^2 + TIJ^2)^1/2 + DJ) / 2 + PE
    Total System Jitter     (TSJ):    0.071ns
    Total Input Jitter      (TIJ):    0.000ns
    Discrete Jitter          (DJ):    0.000ns
    Phase Error              (PE):    0.000ns

    Location             Delay type                Incr(ns)  Path(ns)    Netlist Resource(s)
  -------------------------------------------------------------------    -------------------
                         (clock sys_clk_pin rise edge)
                                                      0.000     0.000 r  
    L16                                               0.000     0.000 r  sysclk (IN)
                         net (fo=0)                   0.000     0.000    sysclk
    L16                  IBUF (Prop_ibuf_I_O)         1.491     1.491 r  sysclk_IBUF_inst/O
                         net (fo=1, routed)           2.076     3.567    sysclk_IBUF
    BUFGCTRL_X0Y16       BUFG (Prop_bufg_I_O)         0.101     3.668 r  sysclk_IBUF_BUFG_inst/O
                         net (fo=281, routed)         1.752     5.420    U_IMU_CTRL/CLK
    SLICE_X39Y38         FDRE                                         r  U_IMU_CTRL/spi_done_reg/C
  -------------------------------------------------------------------    -------------------
    SLICE_X39Y38         FDRE (Prop_fdre_C_Q)         0.419     5.839 r  U_IMU_CTRL/spi_done_reg/Q
                         net (fo=14, routed)          1.036     6.876    U_IMU_CTRL/spi_done_reg_n_0
    SLICE_X37Y36         LUT5 (Prop_lut5_I3_O)        0.296     7.172 r  U_IMU_CTRL/xl[7]_i_2/O
                         net (fo=6, routed)           0.835     8.007    U_IMU_CTRL/xl[7]_i_2_n_0
    SLICE_X37Y35         LUT5 (Prop_lut5_I1_O)        0.152     8.159 r  U_IMU_CTRL/zl[7]_i_1/O
                         net (fo=8, routed)           0.588     8.747    U_IMU_CTRL/zl[7]_i_1_n_0
    SLICE_X36Y35         FDRE                                         r  U_IMU_CTRL/zl_reg[7]/CE
  -------------------------------------------------------------------    -------------------

                         (clock sys_clk_pin rise edge)
                                                      8.000     8.000 r  
    L16                                               0.000     8.000 r  sysclk (IN)
                         net (fo=0)                   0.000     8.000    sysclk
    L16                  IBUF (Prop_ibuf_I_O)         1.421     9.421 r  sysclk_IBUF_inst/O
                         net (fo=1, routed)           1.880    11.301    sysclk_IBUF
    BUFGCTRL_X0Y16       BUFG (Prop_bufg_I_O)         0.091    11.392 r  sysclk_IBUF_BUFG_inst/O
                         net (fo=281, routed)         1.573    12.965    U_IMU_CTRL/CLK
    SLICE_X36Y35         FDRE                                         r  U_IMU_CTRL/zl_reg[7]/C
                         clock pessimism              0.428    13.393    
                         clock uncertainty           -0.035    13.358    
    SLICE_X36Y35         FDRE (Setup_fdre_C_CE)      -0.413    12.945    U_IMU_CTRL/zl_reg[7]
  -------------------------------------------------------------------
                         required time                         12.945    
                         arrival time                          -8.747    
  -------------------------------------------------------------------
                         slack                                  4.198    

Slack (MET) :             4.220ns  (required time - arrival time)
  Source:                 U_SPI_CLK/spi_en_1mhz_reg/C
                            (rising edge-triggered cell FDRE clocked by sys_clk_pin  {rise@0.000ns fall@4.000ns period=8.000ns})
  Destination:            U_SPI_JSTK/rx_shift_reg[7]/R
                            (rising edge-triggered cell FDRE clocked by sys_clk_pin  {rise@0.000ns fall@4.000ns period=8.000ns})
  Path Group:             sys_clk_pin
  Path Type:              Setup (Max at Slow Process Corner)
  Requirement:            8.000ns  (sys_clk_pin rise@8.000ns - sys_clk_pin rise@0.000ns)
  Data Path Delay:        3.083ns  (logic 0.799ns (25.918%)  route 2.284ns (74.082%))
  Logic Levels:           1  (LUT4=1)
  Clock Path Skew:        -0.025ns (DCD - SCD + CPR)
    Destination Clock Delay (DCD):    4.969ns = ( 12.969 - 8.000 ) 
    Source Clock Delay      (SCD):    5.423ns
    Clock Pessimism Removal (CPR):    0.429ns
  Clock Uncertainty:      0.035ns  ((TSJ^2 + TIJ^2)^1/2 + DJ) / 2 + PE
    Total System Jitter     (TSJ):    0.071ns
    Total Input Jitter      (TIJ):    0.000ns
    Discrete Jitter          (DJ):    0.000ns
    Phase Error              (PE):    0.000ns

    Location             Delay type                Incr(ns)  Path(ns)    Netlist Resource(s)
  -------------------------------------------------------------------    -------------------
                         (clock sys_clk_pin rise edge)
                                                      0.000     0.000 r  
    L16                                               0.000     0.000 r  sysclk (IN)
                         net (fo=0)                   0.000     0.000    sysclk
    L16                  IBUF (Prop_ibuf_I_O)         1.491     1.491 r  sysclk_IBUF_inst/O
                         net (fo=1, routed)           2.076     3.567    sysclk_IBUF
    BUFGCTRL_X0Y16       BUFG (Prop_bufg_I_O)         0.101     3.668 r  sysclk_IBUF_BUFG_inst/O
                         net (fo=281, routed)         1.755     5.423    U_SPI_CLK/CLK
    SLICE_X42Y39         FDRE                                         r  U_SPI_CLK/spi_en_1mhz_reg/C
  -------------------------------------------------------------------    -------------------
    SLICE_X42Y39         FDRE (Prop_fdre_C_Q)         0.478     5.901 r  U_SPI_CLK/spi_en_1mhz_reg/Q
                         net (fo=34, routed)          0.990     6.891    U_JSTK_CTRL/spi_en
    SLICE_X43Y43         LUT4 (Prop_lut4_I3_O)        0.321     7.212 r  U_JSTK_CTRL/rx_shift[7]_i_1__0/O
                         net (fo=10, routed)          1.294     8.506    U_SPI_JSTK/SR[0]
    SLICE_X43Y40         FDRE                                         r  U_SPI_JSTK/rx_shift_reg[7]/R
  -------------------------------------------------------------------    -------------------

                         (clock sys_clk_pin rise edge)
                                                      8.000     8.000 r  
    L16                                               0.000     8.000 r  sysclk (IN)
                         net (fo=0)                   0.000     8.000    sysclk
    L16                  IBUF (Prop_ibuf_I_O)         1.421     9.421 r  sysclk_IBUF_inst/O
                         net (fo=1, routed)           1.880    11.301    sysclk_IBUF
    BUFGCTRL_X0Y16       BUFG (Prop_bufg_I_O)         0.091    11.392 r  sysclk_IBUF_BUFG_inst/O
                         net (fo=281, routed)         1.577    12.969    U_SPI_JSTK/CLK
    SLICE_X43Y40         FDRE                                         r  U_SPI_JSTK/rx_shift_reg[7]/C
                         clock pessimism              0.429    13.398    
                         clock uncertainty           -0.035    13.363    
    SLICE_X43Y40         FDRE (Setup_fdre_C_R)       -0.637    12.726    U_SPI_JSTK/rx_shift_reg[7]
  -------------------------------------------------------------------
                         required time                         12.726    
                         arrival time                          -8.506    
  -------------------------------------------------------------------
                         slack                                  4.220    

Slack (MET) :             4.238ns  (required time - arrival time)
  Source:                 U_IMU_CTRL/step_reg[1]/C
                            (rising edge-triggered cell FDRE clocked by sys_clk_pin  {rise@0.000ns fall@4.000ns period=8.000ns})
  Destination:            U_IMU_CTRL/step_reg[3]/CE
                            (rising edge-triggered cell FDRE clocked by sys_clk_pin  {rise@0.000ns fall@4.000ns period=8.000ns})
  Path Group:             sys_clk_pin
  Path Type:              Setup (Max at Slow Process Corner)
  Requirement:            8.000ns  (sys_clk_pin rise@8.000ns - sys_clk_pin rise@0.000ns)
  Data Path Delay:        3.500ns  (logic 0.704ns (20.114%)  route 2.796ns (79.886%))
  Logic Levels:           2  (LUT3=1 LUT6=1)
  Clock Path Skew:        -0.022ns (DCD - SCD + CPR)
    Destination Clock Delay (DCD):    4.966ns = ( 12.966 - 8.000 ) 
    Source Clock Delay      (SCD):    5.419ns
    Clock Pessimism Removal (CPR):    0.431ns
  Clock Uncertainty:      0.035ns  ((TSJ^2 + TIJ^2)^1/2 + DJ) / 2 + PE
    Total System Jitter     (TSJ):    0.071ns
    Total Input Jitter      (TIJ):    0.000ns
    Discrete Jitter          (DJ):    0.000ns
    Phase Error              (PE):    0.000ns

    Location             Delay type                Incr(ns)  Path(ns)    Netlist Resource(s)
  -------------------------------------------------------------------    -------------------
                         (clock sys_clk_pin rise edge)
                                                      0.000     0.000 r  
    L16                                               0.000     0.000 r  sysclk (IN)
                         net (fo=0)                   0.000     0.000    sysclk
    L16                  IBUF (Prop_ibuf_I_O)         1.491     1.491 r  sysclk_IBUF_inst/O
                         net (fo=1, routed)           2.076     3.567    sysclk_IBUF
    BUFGCTRL_X0Y16       BUFG (Prop_bufg_I_O)         0.101     3.668 r  sysclk_IBUF_BUFG_inst/O
                         net (fo=281, routed)         1.751     5.419    U_IMU_CTRL/CLK
    SLICE_X36Y37         FDRE                                         r  U_IMU_CTRL/step_reg[1]/C
  -------------------------------------------------------------------    -------------------
    SLICE_X36Y37         FDRE (Prop_fdre_C_Q)         0.456     5.875 r  U_IMU_CTRL/step_reg[1]/Q
                         net (fo=23, routed)          1.121     6.996    U_IMU_CTRL/step_reg_n_0_[1]
    SLICE_X38Y37         LUT3 (Prop_lut3_I1_O)        0.124     7.120 r  U_IMU_CTRL/step[3]_i_4/O
                         net (fo=1, routed)           0.689     7.810    U_IMU_CTRL/step[3]_i_4_n_0
    SLICE_X38Y37         LUT6 (Prop_lut6_I3_O)        0.124     7.934 r  U_IMU_CTRL/step[3]_i_1/O
                         net (fo=4, routed)           0.986     8.919    U_IMU_CTRL/step[3]_i_1_n_0
    SLICE_X37Y37         FDRE                                         r  U_IMU_CTRL/step_reg[3]/CE
  -------------------------------------------------------------------    -------------------

                         (clock sys_clk_pin rise edge)
                                                      8.000     8.000 r  
    L16                                               0.000     8.000 r  sysclk (IN)
                         net (fo=0)                   0.000     8.000    sysclk
    L16                  IBUF (Prop_ibuf_I_O)         1.421     9.421 r  sysclk_IBUF_inst/O
                         net (fo=1, routed)           1.880    11.301    sysclk_IBUF
    BUFGCTRL_X0Y16       BUFG (Prop_bufg_I_O)         0.091    11.392 r  sysclk_IBUF_BUFG_inst/O
                         net (fo=281, routed)         1.574    12.966    U_IMU_CTRL/CLK
    SLICE_X37Y37         FDRE                                         r  U_IMU_CTRL/step_reg[3]/C
                         clock pessimism              0.431    13.397    
                         clock uncertainty           -0.035    13.362    
    SLICE_X37Y37         FDRE (Setup_fdre_C_CE)      -0.205    13.157    U_IMU_CTRL/step_reg[3]
  -------------------------------------------------------------------
                         required time                         13.157    
                         arrival time                          -8.919    
  -------------------------------------------------------------------
                         slack                                  4.238    

Slack (MET) :             4.240ns  (required time - arrival time)
  Source:                 U_IMU_CTRL/spi_done_reg/C
                            (rising edge-triggered cell FDRE clocked by sys_clk_pin  {rise@0.000ns fall@4.000ns period=8.000ns})
  Destination:            U_IMU_CTRL/zl_reg[0]/CE
                            (rising edge-triggered cell FDRE clocked by sys_clk_pin  {rise@0.000ns fall@4.000ns period=8.000ns})
  Path Group:             sys_clk_pin
  Path Type:              Setup (Max at Slow Process Corner)
  Requirement:            8.000ns  (sys_clk_pin rise@8.000ns - sys_clk_pin rise@0.000ns)
  Data Path Delay:        3.284ns  (logic 0.867ns (26.400%)  route 2.417ns (73.600%))
  Logic Levels:           2  (LUT5=2)
  Clock Path Skew:        -0.028ns (DCD - SCD + CPR)
    Destination Clock Delay (DCD):    4.964ns = ( 12.964 - 8.000 ) 
    Source Clock Delay      (SCD):    5.420ns
    Clock Pessimism Removal (CPR):    0.428ns
  Clock Uncertainty:      0.035ns  ((TSJ^2 + TIJ^2)^1/2 + DJ) / 2 + PE
    Total System Jitter     (TSJ):    0.071ns
    Total Input Jitter      (TIJ):    0.000ns
    Discrete Jitter          (DJ):    0.000ns
    Phase Error              (PE):    0.000ns

    Location             Delay type                Incr(ns)  Path(ns)    Netlist Resource(s)
  -------------------------------------------------------------------    -------------------
                         (clock sys_clk_pin rise edge)
                                                      0.000     0.000 r  
    L16                                               0.000     0.000 r  sysclk (IN)
                         net (fo=0)                   0.000     0.000    sysclk
    L16                  IBUF (Prop_ibuf_I_O)         1.491     1.491 r  sysclk_IBUF_inst/O
                         net (fo=1, routed)           2.076     3.567    sysclk_IBUF
    BUFGCTRL_X0Y16       BUFG (Prop_bufg_I_O)         0.101     3.668 r  sysclk_IBUF_BUFG_inst/O
                         net (fo=281, routed)         1.752     5.420    U_IMU_CTRL/CLK
    SLICE_X39Y38         FDRE                                         r  U_IMU_CTRL/spi_done_reg/C
  -------------------------------------------------------------------    -------------------
    SLICE_X39Y38         FDRE (Prop_fdre_C_Q)         0.419     5.839 r  U_IMU_CTRL/spi_done_reg/Q
                         net (fo=14, routed)          1.036     6.876    U_IMU_CTRL/spi_done_reg_n_0
    SLICE_X37Y36         LUT5 (Prop_lut5_I3_O)        0.296     7.172 r  U_IMU_CTRL/xl[7]_i_2/O
                         net (fo=6, routed)           0.835     8.007    U_IMU_CTRL/xl[7]_i_2_n_0
    SLICE_X37Y35         LUT5 (Prop_lut5_I1_O)        0.152     8.159 r  U_IMU_CTRL/zl[7]_i_1/O
                         net (fo=8, routed)           0.546     8.704    U_IMU_CTRL/zl[7]_i_1_n_0
    SLICE_X39Y34         FDRE                                         r  U_IMU_CTRL/zl_reg[0]/CE
  -------------------------------------------------------------------    -------------------

                         (clock sys_clk_pin rise edge)
                                                      8.000     8.000 r  
    L16                                               0.000     8.000 r  sysclk (IN)
                         net (fo=0)                   0.000     8.000    sysclk
    L16                  IBUF (Prop_ibuf_I_O)         1.421     9.421 r  sysclk_IBUF_inst/O
                         net (fo=1, routed)           1.880    11.301    sysclk_IBUF
    BUFGCTRL_X0Y16       BUFG (Prop_bufg_I_O)         0.091    11.392 r  sysclk_IBUF_BUFG_inst/O
                         net (fo=281, routed)         1.572    12.964    U_IMU_CTRL/CLK
    SLICE_X39Y34         FDRE                                         r  U_IMU_CTRL/zl_reg[0]/C
                         clock pessimism              0.428    13.392    
                         clock uncertainty           -0.035    13.357    
    SLICE_X39Y34         FDRE (Setup_fdre_C_CE)      -0.413    12.944    U_IMU_CTRL/zl_reg[0]
  -------------------------------------------------------------------
                         required time                         12.944    
                         arrival time                          -8.704    
  -------------------------------------------------------------------
                         slack                                  4.240    

Slack (MET) :             4.240ns  (required time - arrival time)
  Source:                 U_IMU_CTRL/spi_done_reg/C
                            (rising edge-triggered cell FDRE clocked by sys_clk_pin  {rise@0.000ns fall@4.000ns period=8.000ns})
  Destination:            U_IMU_CTRL/zl_reg[1]/CE
                            (rising edge-triggered cell FDRE clocked by sys_clk_pin  {rise@0.000ns fall@4.000ns period=8.000ns})
  Path Group:             sys_clk_pin
  Path Type:              Setup (Max at Slow Process Corner)
  Requirement:            8.000ns  (sys_clk_pin rise@8.000ns - sys_clk_pin rise@0.000ns)
  Data Path Delay:        3.284ns  (logic 0.867ns (26.400%)  route 2.417ns (73.600%))
  Logic Levels:           2  (LUT5=2)
  Clock Path Skew:        -0.028ns (DCD - SCD + CPR)
    Destination Clock Delay (DCD):    4.964ns = ( 12.964 - 8.000 ) 
    Source Clock Delay      (SCD):    5.420ns
    Clock Pessimism Removal (CPR):    0.428ns
  Clock Uncertainty:      0.035ns  ((TSJ^2 + TIJ^2)^1/2 + DJ) / 2 + PE
    Total System Jitter     (TSJ):    0.071ns
    Total Input Jitter      (TIJ):    0.000ns
    Discrete Jitter          (DJ):    0.000ns
    Phase Error              (PE):    0.000ns

    Location             Delay type                Incr(ns)  Path(ns)    Netlist Resource(s)
  -------------------------------------------------------------------    -------------------
                         (clock sys_clk_pin rise edge)
                                                      0.000     0.000 r  
    L16                                               0.000     0.000 r  sysclk (IN)
                         net (fo=0)                   0.000     0.000    sysclk
    L16                  IBUF (Prop_ibuf_I_O)         1.491     1.491 r  sysclk_IBUF_inst/O
                         net (fo=1, routed)           2.076     3.567    sysclk_IBUF
    BUFGCTRL_X0Y16       BUFG (Prop_bufg_I_O)         0.101     3.668 r  sysclk_IBUF_BUFG_inst/O
                         net (fo=281, routed)         1.752     5.420    U_IMU_CTRL/CLK
    SLICE_X39Y38         FDRE                                         r  U_IMU_CTRL/spi_done_reg/C
  -------------------------------------------------------------------    -------------------
    SLICE_X39Y38         FDRE (Prop_fdre_C_Q)         0.419     5.839 r  U_IMU_CTRL/spi_done_reg/Q
                         net (fo=14, routed)          1.036     6.876    U_IMU_CTRL/spi_done_reg_n_0
    SLICE_X37Y36         LUT5 (Prop_lut5_I3_O)        0.296     7.172 r  U_IMU_CTRL/xl[7]_i_2/O
                         net (fo=6, routed)           0.835     8.007    U_IMU_CTRL/xl[7]_i_2_n_0
    SLICE_X37Y35         LUT5 (Prop_lut5_I1_O)        0.152     8.159 r  U_IMU_CTRL/zl[7]_i_1/O
                         net (fo=8, routed)           0.546     8.704    U_IMU_CTRL/zl[7]_i_1_n_0
    SLICE_X39Y34         FDRE                                         r  U_IMU_CTRL/zl_reg[1]/CE
  -------------------------------------------------------------------    -------------------

                         (clock sys_clk_pin rise edge)
                                                      8.000     8.000 r  
    L16                                               0.000     8.000 r  sysclk (IN)
                         net (fo=0)                   0.000     8.000    sysclk
    L16                  IBUF (Prop_ibuf_I_O)         1.421     9.421 r  sysclk_IBUF_inst/O
                         net (fo=1, routed)           1.880    11.301    sysclk_IBUF
    BUFGCTRL_X0Y16       BUFG (Prop_bufg_I_O)         0.091    11.392 r  sysclk_IBUF_BUFG_inst/O
                         net (fo=281, routed)         1.572    12.964    U_IMU_CTRL/CLK
    SLICE_X39Y34         FDRE                                         r  U_IMU_CTRL/zl_reg[1]/C
                         clock pessimism              0.428    13.392    
                         clock uncertainty           -0.035    13.357    
    SLICE_X39Y34         FDRE (Setup_fdre_C_CE)      -0.413    12.944    U_IMU_CTRL/zl_reg[1]
  -------------------------------------------------------------------
                         required time                         12.944    
                         arrival time                          -8.704    
  -------------------------------------------------------------------
                         slack                                  4.240    

Slack (MET) :             4.240ns  (required time - arrival time)
  Source:                 U_IMU_CTRL/spi_done_reg/C
                            (rising edge-triggered cell FDRE clocked by sys_clk_pin  {rise@0.000ns fall@4.000ns period=8.000ns})
  Destination:            U_IMU_CTRL/zl_reg[3]/CE
                            (rising edge-triggered cell FDRE clocked by sys_clk_pin  {rise@0.000ns fall@4.000ns period=8.000ns})
  Path Group:             sys_clk_pin
  Path Type:              Setup (Max at Slow Process Corner)
  Requirement:            8.000ns  (sys_clk_pin rise@8.000ns - sys_clk_pin rise@0.000ns)
  Data Path Delay:        3.284ns  (logic 0.867ns (26.400%)  route 2.417ns (73.600%))
  Logic Levels:           2  (LUT5=2)
  Clock Path Skew:        -0.028ns (DCD - SCD + CPR)
    Destination Clock Delay (DCD):    4.964ns = ( 12.964 - 8.000 ) 
    Source Clock Delay      (SCD):    5.420ns
    Clock Pessimism Removal (CPR):    0.428ns
  Clock Uncertainty:      0.035ns  ((TSJ^2 + TIJ^2)^1/2 + DJ) / 2 + PE
    Total System Jitter     (TSJ):    0.071ns
    Total Input Jitter      (TIJ):    0.000ns
    Discrete Jitter          (DJ):    0.000ns
    Phase Error              (PE):    0.000ns

    Location             Delay type                Incr(ns)  Path(ns)    Netlist Resource(s)
  -------------------------------------------------------------------    -------------------
                         (clock sys_clk_pin rise edge)
                                                      0.000     0.000 r  
    L16                                               0.000     0.000 r  sysclk (IN)
                         net (fo=0)                   0.000     0.000    sysclk
    L16                  IBUF (Prop_ibuf_I_O)         1.491     1.491 r  sysclk_IBUF_inst/O
                         net (fo=1, routed)           2.076     3.567    sysclk_IBUF
    BUFGCTRL_X0Y16       BUFG (Prop_bufg_I_O)         0.101     3.668 r  sysclk_IBUF_BUFG_inst/O
                         net (fo=281, routed)         1.752     5.420    U_IMU_CTRL/CLK
    SLICE_X39Y38         FDRE                                         r  U_IMU_CTRL/spi_done_reg/C
  -------------------------------------------------------------------    -------------------
    SLICE_X39Y38         FDRE (Prop_fdre_C_Q)         0.419     5.839 r  U_IMU_CTRL/spi_done_reg/Q
                         net (fo=14, routed)          1.036     6.876    U_IMU_CTRL/spi_done_reg_n_0
    SLICE_X37Y36         LUT5 (Prop_lut5_I3_O)        0.296     7.172 r  U_IMU_CTRL/xl[7]_i_2/O
                         net (fo=6, routed)           0.835     8.007    U_IMU_CTRL/xl[7]_i_2_n_0
    SLICE_X37Y35         LUT5 (Prop_lut5_I1_O)        0.152     8.159 r  U_IMU_CTRL/zl[7]_i_1/O
                         net (fo=8, routed)           0.546     8.704    U_IMU_CTRL/zl[7]_i_1_n_0
    SLICE_X39Y34         FDRE                                         r  U_IMU_CTRL/zl_reg[3]/CE
  -------------------------------------------------------------------    -------------------

                         (clock sys_clk_pin rise edge)
                                                      8.000     8.000 r  
    L16                                               0.000     8.000 r  sysclk (IN)
                         net (fo=0)                   0.000     8.000    sysclk
    L16                  IBUF (Prop_ibuf_I_O)         1.421     9.421 r  sysclk_IBUF_inst/O
                         net (fo=1, routed)           1.880    11.301    sysclk_IBUF
    BUFGCTRL_X0Y16       BUFG (Prop_bufg_I_O)         0.091    11.392 r  sysclk_IBUF_BUFG_inst/O
                         net (fo=281, routed)         1.572    12.964    U_IMU_CTRL/CLK
    SLICE_X39Y34         FDRE                                         r  U_IMU_CTRL/zl_reg[3]/C
                         clock pessimism              0.428    13.392    
                         clock uncertainty           -0.035    13.357    
    SLICE_X39Y34         FDRE (Setup_fdre_C_CE)      -0.413    12.944    U_IMU_CTRL/zl_reg[3]
  -------------------------------------------------------------------
                         required time                         12.944    
                         arrival time                          -8.704    
  -------------------------------------------------------------------
                         slack                                  4.240    





Min Delay Paths
--------------------------------------------------------------------------------------
Slack (MET) :             0.150ns  (arrival time - required time)
  Source:                 U_IMU_CTRL/zh_reg[1]/C
                            (rising edge-triggered cell FDRE clocked by sys_clk_pin  {rise@0.000ns fall@4.000ns period=8.000ns})
  Destination:            U_IMU_CTRL/yaw_out_reg[9]/D
                            (rising edge-triggered cell FDRE clocked by sys_clk_pin  {rise@0.000ns fall@4.000ns period=8.000ns})
  Path Group:             sys_clk_pin
  Path Type:              Hold (Min at Fast Process Corner)
  Requirement:            0.000ns  (sys_clk_pin rise@0.000ns - sys_clk_pin rise@0.000ns)
  Data Path Delay:        0.257ns  (logic 0.141ns (54.812%)  route 0.116ns (45.188%))
  Logic Levels:           0  
  Clock Path Skew:        0.036ns (DCD - SCD - CPR)
    Destination Clock Delay (DCD):    2.016ns
    Source Clock Delay      (SCD):    1.500ns
    Clock Pessimism Removal (CPR):    0.480ns

    Location             Delay type                Incr(ns)  Path(ns)    Netlist Resource(s)
  -------------------------------------------------------------------    -------------------
                         (clock sys_clk_pin rise edge)
                                                      0.000     0.000 r  
    L16                                               0.000     0.000 r  sysclk (IN)
                         net (fo=0)                   0.000     0.000    sysclk
    L16                  IBUF (Prop_ibuf_I_O)         0.259     0.259 r  sysclk_IBUF_inst/O
                         net (fo=1, routed)           0.627     0.886    sysclk_IBUF
    BUFGCTRL_X0Y16       BUFG (Prop_bufg_I_O)         0.026     0.912 r  sysclk_IBUF_BUFG_inst/O
                         net (fo=281, routed)         0.588     1.500    U_IMU_CTRL/CLK
    SLICE_X37Y34         FDRE                                         r  U_IMU_CTRL/zh_reg[1]/C
  -------------------------------------------------------------------    -------------------
    SLICE_X37Y34         FDRE (Prop_fdre_C_Q)         0.141     1.641 r  U_IMU_CTRL/zh_reg[1]/Q
                         net (fo=1, routed)           0.116     1.757    U_IMU_CTRL/zh[1]
    SLICE_X41Y34         FDRE                                         r  U_IMU_CTRL/yaw_out_reg[9]/D
  -------------------------------------------------------------------    -------------------

                         (clock sys_clk_pin rise edge)
                                                      0.000     0.000 r  
    L16                                               0.000     0.000 r  sysclk (IN)
                         net (fo=0)                   0.000     0.000    sysclk
    L16                  IBUF (Prop_ibuf_I_O)         0.447     0.447 r  sysclk_IBUF_inst/O
                         net (fo=1, routed)           0.683     1.130    sysclk_IBUF
    BUFGCTRL_X0Y16       BUFG (Prop_bufg_I_O)         0.029     1.159 r  sysclk_IBUF_BUFG_inst/O
                         net (fo=281, routed)         0.857     2.016    U_IMU_CTRL/CLK
    SLICE_X41Y34         FDRE                                         r  U_IMU_CTRL/yaw_out_reg[9]/C
                         clock pessimism             -0.480     1.536    
    SLICE_X41Y34         FDRE (Hold_fdre_C_D)         0.071     1.607    U_IMU_CTRL/yaw_out_reg[9]
  -------------------------------------------------------------------
                         required time                         -1.607    
                         arrival time                           1.757    
  -------------------------------------------------------------------
                         slack                                  0.150    

Slack (MET) :             0.152ns  (arrival time - required time)
  Source:                 U_IMU_CTRL/tx_byte_reg[4]/C
                            (rising edge-triggered cell FDRE clocked by sys_clk_pin  {rise@0.000ns fall@4.000ns period=8.000ns})
  Destination:            U_IMU_CTRL/spi_data_out_reg[4]/D
                            (rising edge-triggered cell FDRE clocked by sys_clk_pin  {rise@0.000ns fall@4.000ns period=8.000ns})
  Path Group:             sys_clk_pin
  Path Type:              Hold (Min at Fast Process Corner)
  Requirement:            0.000ns  (sys_clk_pin rise@0.000ns - sys_clk_pin rise@0.000ns)
  Data Path Delay:        0.261ns  (logic 0.141ns (54.088%)  route 0.120ns (45.911%))
  Logic Levels:           0  
  Clock Path Skew:        0.037ns (DCD - SCD - CPR)
    Destination Clock Delay (DCD):    2.018ns
    Source Clock Delay      (SCD):    1.501ns
    Clock Pessimism Removal (CPR):    0.480ns

    Location             Delay type                Incr(ns)  Path(ns)    Netlist Resource(s)
  -------------------------------------------------------------------    -------------------
                         (clock sys_clk_pin rise edge)
                                                      0.000     0.000 r  
    L16                                               0.000     0.000 r  sysclk (IN)
                         net (fo=0)                   0.000     0.000    sysclk
    L16                  IBUF (Prop_ibuf_I_O)         0.259     0.259 r  sysclk_IBUF_inst/O
                         net (fo=1, routed)           0.627     0.886    sysclk_IBUF
    BUFGCTRL_X0Y16       BUFG (Prop_bufg_I_O)         0.026     0.912 r  sysclk_IBUF_BUFG_inst/O
                         net (fo=281, routed)         0.589     1.501    U_IMU_CTRL/CLK
    SLICE_X39Y37         FDRE                                         r  U_IMU_CTRL/tx_byte_reg[4]/C
  -------------------------------------------------------------------    -------------------
    SLICE_X39Y37         FDRE (Prop_fdre_C_Q)         0.141     1.642 r  U_IMU_CTRL/tx_byte_reg[4]/Q
                         net (fo=1, routed)           0.120     1.761    U_IMU_CTRL/tx_byte[4]
    SLICE_X40Y37         FDRE                                         r  U_IMU_CTRL/spi_data_out_reg[4]/D
  -------------------------------------------------------------------    -------------------

                         (clock sys_clk_pin rise edge)
                                                      0.000     0.000 r  
    L16                                               0.000     0.000 r  sysclk (IN)
                         net (fo=0)                   0.000     0.000    sysclk
    L16                  IBUF (Prop_ibuf_I_O)         0.447     0.447 r  sysclk_IBUF_inst/O
                         net (fo=1, routed)           0.683     1.130    sysclk_IBUF
    BUFGCTRL_X0Y16       BUFG (Prop_bufg_I_O)         0.029     1.159 r  sysclk_IBUF_BUFG_inst/O
                         net (fo=281, routed)         0.859     2.018    U_IMU_CTRL/CLK
    SLICE_X40Y37         FDRE                                         r  U_IMU_CTRL/spi_data_out_reg[4]/C
                         clock pessimism             -0.480     1.538    
    SLICE_X40Y37         FDRE (Hold_fdre_C_D)         0.072     1.610    U_IMU_CTRL/spi_data_out_reg[4]
  -------------------------------------------------------------------
                         required time                         -1.610    
                         arrival time                           1.761    
  -------------------------------------------------------------------
                         slack                                  0.152    

Slack (MET) :             0.153ns  (arrival time - required time)
  Source:                 U_JSTK_CTRL/y_pos_reg[1]/C
                            (rising edge-triggered cell FDRE clocked by sys_clk_pin  {rise@0.000ns fall@4.000ns period=8.000ns})
  Destination:            U_JSTK_CTRL/y_out_reg[1]/D
                            (rising edge-triggered cell FDRE clocked by sys_clk_pin  {rise@0.000ns fall@4.000ns period=8.000ns})
  Path Group:             sys_clk_pin
  Path Type:              Hold (Min at Fast Process Corner)
  Requirement:            0.000ns  (sys_clk_pin rise@0.000ns - sys_clk_pin rise@0.000ns)
  Data Path Delay:        0.257ns  (logic 0.141ns (54.785%)  route 0.116ns (45.215%))
  Logic Levels:           0  
  Clock Path Skew:        0.034ns (DCD - SCD - CPR)
    Destination Clock Delay (DCD):    2.019ns
    Source Clock Delay      (SCD):    1.505ns
    Clock Pessimism Removal (CPR):    0.480ns

    Location             Delay type                Incr(ns)  Path(ns)    Netlist Resource(s)
  -------------------------------------------------------------------    -------------------
                         (clock sys_clk_pin rise edge)
                                                      0.000     0.000 r  
    L16                                               0.000     0.000 r  sysclk (IN)
                         net (fo=0)                   0.000     0.000    sysclk
    L16                  IBUF (Prop_ibuf_I_O)         0.259     0.259 r  sysclk_IBUF_inst/O
                         net (fo=1, routed)           0.627     0.886    sysclk_IBUF
    BUFGCTRL_X0Y16       BUFG (Prop_bufg_I_O)         0.026     0.912 r  sysclk_IBUF_BUFG_inst/O
                         net (fo=281, routed)         0.593     1.505    U_JSTK_CTRL/CLK
    SLICE_X41Y40         FDRE                                         r  U_JSTK_CTRL/y_pos_reg[1]/C
  -------------------------------------------------------------------    -------------------
    SLICE_X41Y40         FDRE (Prop_fdre_C_Q)         0.141     1.646 r  U_JSTK_CTRL/y_pos_reg[1]/Q
                         net (fo=1, routed)           0.116     1.762    U_JSTK_CTRL/y_pos[1]
    SLICE_X39Y40         FDRE                                         r  U_JSTK_CTRL/y_out_reg[1]/D
  -------------------------------------------------------------------    -------------------

                         (clock sys_clk_pin rise edge)
                                                      0.000     0.000 r  
    L16                                               0.000     0.000 r  sysclk (IN)
                         net (fo=0)                   0.000     0.000    sysclk
    L16                  IBUF (Prop_ibuf_I_O)         0.447     0.447 r  sysclk_IBUF_inst/O
                         net (fo=1, routed)           0.683     1.130    sysclk_IBUF
    BUFGCTRL_X0Y16       BUFG (Prop_bufg_I_O)         0.029     1.159 r  sysclk_IBUF_BUFG_inst/O
                         net (fo=281, routed)         0.860     2.019    U_JSTK_CTRL/CLK
    SLICE_X39Y40         FDRE                                         r  U_JSTK_CTRL/y_out_reg[1]/C
                         clock pessimism             -0.480     1.539    
    SLICE_X39Y40         FDRE (Hold_fdre_C_D)         0.070     1.609    U_JSTK_CTRL/y_out_reg[1]
  -------------------------------------------------------------------
                         required time                         -1.609    
                         arrival time                           1.762    
  -------------------------------------------------------------------
                         slack                                  0.153    

Slack (MET) :             0.163ns  (arrival time - required time)
  Source:                 U_JSTK_CTRL/x_pos_reg[5]/C
                            (rising edge-triggered cell FDRE clocked by sys_clk_pin  {rise@0.000ns fall@4.000ns period=8.000ns})
  Destination:            U_JSTK_CTRL/x_out_reg[5]/D
                            (rising edge-triggered cell FDRE clocked by sys_clk_pin  {rise@0.000ns fall@4.000ns period=8.000ns})
  Path Group:             sys_clk_pin
  Path Type:              Hold (Min at Fast Process Corner)
  Requirement:            0.000ns  (sys_clk_pin rise@0.000ns - sys_clk_pin rise@0.000ns)
  Data Path Delay:        0.260ns  (logic 0.141ns (54.185%)  route 0.119ns (45.815%))
  Logic Levels:           0  
  Clock Path Skew:        0.034ns (DCD - SCD - CPR)
    Destination Clock Delay (DCD):    2.019ns
    Source Clock Delay      (SCD):    1.505ns
    Clock Pessimism Removal (CPR):    0.480ns

    Location             Delay type                Incr(ns)  Path(ns)    Netlist Resource(s)
  -------------------------------------------------------------------    -------------------
                         (clock sys_clk_pin rise edge)
                                                      0.000     0.000 r  
    L16                                               0.000     0.000 r  sysclk (IN)
                         net (fo=0)                   0.000     0.000    sysclk
    L16                  IBUF (Prop_ibuf_I_O)         0.259     0.259 r  sysclk_IBUF_inst/O
                         net (fo=1, routed)           0.627     0.886    sysclk_IBUF
    BUFGCTRL_X0Y16       BUFG (Prop_bufg_I_O)         0.026     0.912 r  sysclk_IBUF_BUFG_inst/O
                         net (fo=281, routed)         0.593     1.505    U_JSTK_CTRL/CLK
    SLICE_X40Y40         FDRE                                         r  U_JSTK_CTRL/x_pos_reg[5]/C
  -------------------------------------------------------------------    -------------------
    SLICE_X40Y40         FDRE (Prop_fdre_C_Q)         0.141     1.646 r  U_JSTK_CTRL/x_pos_reg[5]/Q
                         net (fo=1, routed)           0.119     1.765    U_JSTK_CTRL/x_pos[5]
    SLICE_X38Y40         FDRE                                         r  U_JSTK_CTRL/x_out_reg[5]/D
  -------------------------------------------------------------------    -------------------

                         (clock sys_clk_pin rise edge)
                                                      0.000     0.000 r  
    L16                                               0.000     0.000 r  sysclk (IN)
                         net (fo=0)                   0.000     0.000    sysclk
    L16                  IBUF (Prop_ibuf_I_O)         0.447     0.447 r  sysclk_IBUF_inst/O
                         net (fo=1, routed)           0.683     1.130    sysclk_IBUF
    BUFGCTRL_X0Y16       BUFG (Prop_bufg_I_O)         0.029     1.159 r  sysclk_IBUF_BUFG_inst/O
                         net (fo=281, routed)         0.860     2.019    U_JSTK_CTRL/CLK
    SLICE_X38Y40         FDRE                                         r  U_JSTK_CTRL/x_out_reg[5]/C
                         clock pessimism             -0.480     1.539    
    SLICE_X38Y40         FDRE (Hold_fdre_C_D)         0.063     1.602    U_JSTK_CTRL/x_out_reg[5]
  -------------------------------------------------------------------
                         required time                         -1.602    
                         arrival time                           1.765    
  -------------------------------------------------------------------
                         slack                                  0.163    

Slack (MET) :             0.166ns  (arrival time - required time)
  Source:                 U_IMU_CTRL/zl_reg[5]/C
                            (rising edge-triggered cell FDRE clocked by sys_clk_pin  {rise@0.000ns fall@4.000ns period=8.000ns})
  Destination:            U_IMU_CTRL/yaw_out_reg[5]/D
                            (rising edge-triggered cell FDRE clocked by sys_clk_pin  {rise@0.000ns fall@4.000ns period=8.000ns})
  Path Group:             sys_clk_pin
  Path Type:              Hold (Min at Fast Process Corner)
  Requirement:            0.000ns  (sys_clk_pin rise@0.000ns - sys_clk_pin rise@0.000ns)
  Data Path Delay:        0.251ns  (logic 0.141ns (56.174%)  route 0.110ns (43.826%))
  Logic Levels:           0  
  Clock Path Skew:        0.013ns (DCD - SCD - CPR)
    Destination Clock Delay (DCD):    2.013ns
    Source Clock Delay      (SCD):    1.500ns
    Clock Pessimism Removal (CPR):    0.500ns

    Location             Delay type                Incr(ns)  Path(ns)    Netlist Resource(s)
  -------------------------------------------------------------------    -------------------
                         (clock sys_clk_pin rise edge)
                                                      0.000     0.000 r  
    L16                                               0.000     0.000 r  sysclk (IN)
                         net (fo=0)                   0.000     0.000    sysclk
    L16                  IBUF (Prop_ibuf_I_O)         0.259     0.259 r  sysclk_IBUF_inst/O
                         net (fo=1, routed)           0.627     0.886    sysclk_IBUF
    BUFGCTRL_X0Y16       BUFG (Prop_bufg_I_O)         0.026     0.912 r  sysclk_IBUF_BUFG_inst/O
                         net (fo=281, routed)         0.588     1.500    U_IMU_CTRL/CLK
    SLICE_X39Y34         FDRE                                         r  U_IMU_CTRL/zl_reg[5]/C
  -------------------------------------------------------------------    -------------------
    SLICE_X39Y34         FDRE (Prop_fdre_C_Q)         0.141     1.641 r  U_IMU_CTRL/zl_reg[5]/Q
                         net (fo=1, routed)           0.110     1.751    U_IMU_CTRL/zl[5]
    SLICE_X39Y33         FDRE                                         r  U_IMU_CTRL/yaw_out_reg[5]/D
  -------------------------------------------------------------------    -------------------

                         (clock sys_clk_pin rise edge)
                                                      0.000     0.000 r  
    L16                                               0.000     0.000 r  sysclk (IN)
                         net (fo=0)                   0.000     0.000    sysclk
    L16                  IBUF (Prop_ibuf_I_O)         0.447     0.447 r  sysclk_IBUF_inst/O
                         net (fo=1, routed)           0.683     1.130    sysclk_IBUF
    BUFGCTRL_X0Y16       BUFG (Prop_bufg_I_O)         0.029     1.159 r  sysclk_IBUF_BUFG_inst/O
                         net (fo=281, routed)         0.854     2.013    U_IMU_CTRL/CLK
    SLICE_X39Y33         FDRE                                         r  U_IMU_CTRL/yaw_out_reg[5]/C
                         clock pessimism             -0.500     1.513    
    SLICE_X39Y33         FDRE (Hold_fdre_C_D)         0.072     1.585    U_IMU_CTRL/yaw_out_reg[5]
  -------------------------------------------------------------------
                         required time                         -1.585    
                         arrival time                           1.751    
  -------------------------------------------------------------------
                         slack                                  0.166    

Slack (MET) :             0.167ns  (arrival time - required time)
  Source:                 U_IMU_CTRL/spi_data_out_reg[4]/C
                            (rising edge-triggered cell FDRE clocked by sys_clk_pin  {rise@0.000ns fall@4.000ns period=8.000ns})
  Destination:            U_SPI_NAV/tx_shift_reg[4]/D
                            (rising edge-triggered cell FDRE clocked by sys_clk_pin  {rise@0.000ns fall@4.000ns period=8.000ns})
  Path Group:             sys_clk_pin
  Path Type:              Hold (Min at Fast Process Corner)
  Requirement:            0.000ns  (sys_clk_pin rise@0.000ns - sys_clk_pin rise@0.000ns)
  Data Path Delay:        0.256ns  (logic 0.141ns (55.114%)  route 0.115ns (44.886%))
  Logic Levels:           0  
  Clock Path Skew:        0.017ns (DCD - SCD - CPR)
    Destination Clock Delay (DCD):    2.020ns
    Source Clock Delay      (SCD):    1.503ns
    Clock Pessimism Removal (CPR):    0.500ns

    Location             Delay type                Incr(ns)  Path(ns)    Netlist Resource(s)
  -------------------------------------------------------------------    -------------------
                         (clock sys_clk_pin rise edge)
                                                      0.000     0.000 r  
    L16                                               0.000     0.000 r  sysclk (IN)
                         net (fo=0)                   0.000     0.000    sysclk
    L16                  IBUF (Prop_ibuf_I_O)         0.259     0.259 r  sysclk_IBUF_inst/O
                         net (fo=1, routed)           0.627     0.886    sysclk_IBUF
    BUFGCTRL_X0Y16       BUFG (Prop_bufg_I_O)         0.026     0.912 r  sysclk_IBUF_BUFG_inst/O
                         net (fo=281, routed)         0.591     1.503    U_IMU_CTRL/CLK
    SLICE_X40Y37         FDRE                                         r  U_IMU_CTRL/spi_data_out_reg[4]/C
  -------------------------------------------------------------------    -------------------
    SLICE_X40Y37         FDRE (Prop_fdre_C_Q)         0.141     1.644 r  U_IMU_CTRL/spi_data_out_reg[4]/Q
                         net (fo=1, routed)           0.115     1.759    U_SPI_NAV/D[3]
    SLICE_X41Y38         FDRE                                         r  U_SPI_NAV/tx_shift_reg[4]/D
  -------------------------------------------------------------------    -------------------

                         (clock sys_clk_pin rise edge)
                                                      0.000     0.000 r  
    L16                                               0.000     0.000 r  sysclk (IN)
                         net (fo=0)                   0.000     0.000    sysclk
    L16                  IBUF (Prop_ibuf_I_O)         0.447     0.447 r  sysclk_IBUF_inst/O
                         net (fo=1, routed)           0.683     1.130    sysclk_IBUF
    BUFGCTRL_X0Y16       BUFG (Prop_bufg_I_O)         0.029     1.159 r  sysclk_IBUF_BUFG_inst/O
                         net (fo=281, routed)         0.861     2.020    U_SPI_NAV/CLK
    SLICE_X41Y38         FDRE                                         r  U_SPI_NAV/tx_shift_reg[4]/C
                         clock pessimism             -0.500     1.520    
    SLICE_X41Y38         FDRE (Hold_fdre_C_D)         0.072     1.592    U_SPI_NAV/tx_shift_reg[4]
  -------------------------------------------------------------------
                         required time                         -1.592    
                         arrival time                           1.759    
  -------------------------------------------------------------------
                         slack                                  0.167    

Slack (MET) :             0.168ns  (arrival time - required time)
  Source:                 U_JSTK_CTRL/x_pos_reg[0]/C
                            (rising edge-triggered cell FDRE clocked by sys_clk_pin  {rise@0.000ns fall@4.000ns period=8.000ns})
  Destination:            U_JSTK_CTRL/x_out_reg[0]/D
                            (rising edge-triggered cell FDRE clocked by sys_clk_pin  {rise@0.000ns fall@4.000ns period=8.000ns})
  Path Group:             sys_clk_pin
  Path Type:              Hold (Min at Fast Process Corner)
  Requirement:            0.000ns  (sys_clk_pin rise@0.000ns - sys_clk_pin rise@0.000ns)
  Data Path Delay:        0.261ns  (logic 0.141ns (54.034%)  route 0.120ns (45.966%))
  Logic Levels:           0  
  Clock Path Skew:        0.034ns (DCD - SCD - CPR)
    Destination Clock Delay (DCD):    2.019ns
    Source Clock Delay      (SCD):    1.505ns
    Clock Pessimism Removal (CPR):    0.480ns

    Location             Delay type                Incr(ns)  Path(ns)    Netlist Resource(s)
  -------------------------------------------------------------------    -------------------
                         (clock sys_clk_pin rise edge)
                                                      0.000     0.000 r  
    L16                                               0.000     0.000 r  sysclk (IN)
                         net (fo=0)                   0.000     0.000    sysclk
    L16                  IBUF (Prop_ibuf_I_O)         0.259     0.259 r  sysclk_IBUF_inst/O
                         net (fo=1, routed)           0.627     0.886    sysclk_IBUF
    BUFGCTRL_X0Y16       BUFG (Prop_bufg_I_O)         0.026     0.912 r  sysclk_IBUF_BUFG_inst/O
                         net (fo=281, routed)         0.593     1.505    U_JSTK_CTRL/CLK
    SLICE_X40Y40         FDRE                                         r  U_JSTK_CTRL/x_pos_reg[0]/C
  -------------------------------------------------------------------    -------------------
    SLICE_X40Y40         FDRE (Prop_fdre_C_Q)         0.141     1.646 r  U_JSTK_CTRL/x_pos_reg[0]/Q
                         net (fo=1, routed)           0.120     1.766    U_JSTK_CTRL/x_pos[0]
    SLICE_X38Y40         FDRE                                         r  U_JSTK_CTRL/x_out_reg[0]/D
  -------------------------------------------------------------------    -------------------

                         (clock sys_clk_pin rise edge)
                                                      0.000     0.000 r  
    L16                                               0.000     0.000 r  sysclk (IN)
                         net (fo=0)                   0.000     0.000    sysclk
    L16                  IBUF (Prop_ibuf_I_O)         0.447     0.447 r  sysclk_IBUF_inst/O
                         net (fo=1, routed)           0.683     1.130    sysclk_IBUF
    BUFGCTRL_X0Y16       BUFG (Prop_bufg_I_O)         0.029     1.159 r  sysclk_IBUF_BUFG_inst/O
                         net (fo=281, routed)         0.860     2.019    U_JSTK_CTRL/CLK
    SLICE_X38Y40         FDRE                                         r  U_JSTK_CTRL/x_out_reg[0]/C
                         clock pessimism             -0.480     1.539    
    SLICE_X38Y40         FDRE (Hold_fdre_C_D)         0.059     1.598    U_JSTK_CTRL/x_out_reg[0]
  -------------------------------------------------------------------
                         required time                         -1.598    
                         arrival time                           1.766    
  -------------------------------------------------------------------
                         slack                                  0.168    

Slack (MET) :             0.169ns  (arrival time - required time)
  Source:                 U_SPI_JSTK/rx_shift_reg[3]/C
                            (rising edge-triggered cell FDRE clocked by sys_clk_pin  {rise@0.000ns fall@4.000ns period=8.000ns})
  Destination:            U_SPI_JSTK/data_out_reg[3]/D
                            (rising edge-triggered cell FDRE clocked by sys_clk_pin  {rise@0.000ns fall@4.000ns period=8.000ns})
  Path Group:             sys_clk_pin
  Path Type:              Hold (Min at Fast Process Corner)
  Requirement:            0.000ns  (sys_clk_pin rise@0.000ns - sys_clk_pin rise@0.000ns)
  Data Path Delay:        0.254ns  (logic 0.141ns (55.528%)  route 0.113ns (44.472%))
  Logic Levels:           0  
  Clock Path Skew:        0.038ns (DCD - SCD - CPR)
    Destination Clock Delay (DCD):    2.021ns
    Source Clock Delay      (SCD):    1.503ns
    Clock Pessimism Removal (CPR):    0.480ns

    Location             Delay type                Incr(ns)  Path(ns)    Netlist Resource(s)
  -------------------------------------------------------------------    -------------------
                         (clock sys_clk_pin rise edge)
                                                      0.000     0.000 r  
    L16                                               0.000     0.000 r  sysclk (IN)
                         net (fo=0)                   0.000     0.000    sysclk
    L16                  IBUF (Prop_ibuf_I_O)         0.259     0.259 r  sysclk_IBUF_inst/O
                         net (fo=1, routed)           0.627     0.886    sysclk_IBUF
    BUFGCTRL_X0Y16       BUFG (Prop_bufg_I_O)         0.026     0.912 r  sysclk_IBUF_BUFG_inst/O
                         net (fo=281, routed)         0.591     1.503    U_SPI_JSTK/CLK
    SLICE_X39Y41         FDRE                                         r  U_SPI_JSTK/rx_shift_reg[3]/C
  -------------------------------------------------------------------    -------------------
    SLICE_X39Y41         FDRE (Prop_fdre_C_Q)         0.141     1.644 r  U_SPI_JSTK/rx_shift_reg[3]/Q
                         net (fo=1, routed)           0.113     1.757    U_SPI_JSTK/rx_shift_reg_n_0_[3]
    SLICE_X41Y41         FDRE                                         r  U_SPI_JSTK/data_out_reg[3]/D
  -------------------------------------------------------------------    -------------------

                         (clock sys_clk_pin rise edge)
                                                      0.000     0.000 r  
    L16                                               0.000     0.000 r  sysclk (IN)
                         net (fo=0)                   0.000     0.000    sysclk
    L16                  IBUF (Prop_ibuf_I_O)         0.447     0.447 r  sysclk_IBUF_inst/O
                         net (fo=1, routed)           0.683     1.130    sysclk_IBUF
    BUFGCTRL_X0Y16       BUFG (Prop_bufg_I_O)         0.029     1.159 r  sysclk_IBUF_BUFG_inst/O
                         net (fo=281, routed)         0.862     2.021    U_SPI_JSTK/CLK
    SLICE_X41Y41         FDRE                                         r  U_SPI_JSTK/data_out_reg[3]/C
                         clock pessimism             -0.480     1.541    
    SLICE_X41Y41         FDRE (Hold_fdre_C_D)         0.047     1.588    U_SPI_JSTK/data_out_reg[3]
  -------------------------------------------------------------------
                         required time                         -1.588    
                         arrival time                           1.757    
  -------------------------------------------------------------------
                         slack                                  0.169    

Slack (MET) :             0.170ns  (arrival time - required time)
  Source:                 U_IMU_CTRL/spi_data_out_reg[1]/C
                            (rising edge-triggered cell FDRE clocked by sys_clk_pin  {rise@0.000ns fall@4.000ns period=8.000ns})
  Destination:            U_SPI_NAV/tx_shift_reg[1]/D
                            (rising edge-triggered cell FDRE clocked by sys_clk_pin  {rise@0.000ns fall@4.000ns period=8.000ns})
  Path Group:             sys_clk_pin
  Path Type:              Hold (Min at Fast Process Corner)
  Requirement:            0.000ns  (sys_clk_pin rise@0.000ns - sys_clk_pin rise@0.000ns)
  Data Path Delay:        0.257ns  (logic 0.141ns (54.953%)  route 0.116ns (45.047%))
  Logic Levels:           0  
  Clock Path Skew:        0.017ns (DCD - SCD - CPR)
    Destination Clock Delay (DCD):    2.020ns
    Source Clock Delay      (SCD):    1.503ns
    Clock Pessimism Removal (CPR):    0.500ns

    Location             Delay type                Incr(ns)  Path(ns)    Netlist Resource(s)
  -------------------------------------------------------------------    -------------------
                         (clock sys_clk_pin rise edge)
                                                      0.000     0.000 r  
    L16                                               0.000     0.000 r  sysclk (IN)
                         net (fo=0)                   0.000     0.000    sysclk
    L16                  IBUF (Prop_ibuf_I_O)         0.259     0.259 r  sysclk_IBUF_inst/O
                         net (fo=1, routed)           0.627     0.886    sysclk_IBUF
    BUFGCTRL_X0Y16       BUFG (Prop_bufg_I_O)         0.026     0.912 r  sysclk_IBUF_BUFG_inst/O
                         net (fo=281, routed)         0.591     1.503    U_IMU_CTRL/CLK
    SLICE_X40Y37         FDRE                                         r  U_IMU_CTRL/spi_data_out_reg[1]/C
  -------------------------------------------------------------------    -------------------
    SLICE_X40Y37         FDRE (Prop_fdre_C_Q)         0.141     1.644 r  U_IMU_CTRL/spi_data_out_reg[1]/Q
                         net (fo=1, routed)           0.116     1.759    U_SPI_NAV/D[0]
    SLICE_X41Y38         FDRE                                         r  U_SPI_NAV/tx_shift_reg[1]/D
  -------------------------------------------------------------------    -------------------

                         (clock sys_clk_pin rise edge)
                                                      0.000     0.000 r  
    L16                                               0.000     0.000 r  sysclk (IN)
                         net (fo=0)                   0.000     0.000    sysclk
    L16                  IBUF (Prop_ibuf_I_O)         0.447     0.447 r  sysclk_IBUF_inst/O
                         net (fo=1, routed)           0.683     1.130    sysclk_IBUF
    BUFGCTRL_X0Y16       BUFG (Prop_bufg_I_O)         0.029     1.159 r  sysclk_IBUF_BUFG_inst/O
                         net (fo=281, routed)         0.861     2.020    U_SPI_NAV/CLK
    SLICE_X41Y38         FDRE                                         r  U_SPI_NAV/tx_shift_reg[1]/C
                         clock pessimism             -0.500     1.520    
    SLICE_X41Y38         FDRE (Hold_fdre_C_D)         0.070     1.590    U_SPI_NAV/tx_shift_reg[1]
  -------------------------------------------------------------------
                         required time                         -1.590    
                         arrival time                           1.759    
  -------------------------------------------------------------------
                         slack                                  0.170    

Slack (MET) :             0.172ns  (arrival time - required time)
  Source:                 U_SPI_JSTK/rx_shift_reg[4]/C
                            (rising edge-triggered cell FDRE clocked by sys_clk_pin  {rise@0.000ns fall@4.000ns period=8.000ns})
  Destination:            U_SPI_JSTK/data_out_reg[4]/D
                            (rising edge-triggered cell FDRE clocked by sys_clk_pin  {rise@0.000ns fall@4.000ns period=8.000ns})
  Path Group:             sys_clk_pin
  Path Type:              Hold (Min at Fast Process Corner)
  Requirement:            0.000ns  (sys_clk_pin rise@0.000ns - sys_clk_pin rise@0.000ns)
  Data Path Delay:        0.263ns  (logic 0.164ns (62.300%)  route 0.099ns (37.700%))
  Logic Levels:           0  
  Clock Path Skew:        0.016ns (DCD - SCD - CPR)
    Destination Clock Delay (DCD):    2.021ns
    Source Clock Delay      (SCD):    1.505ns
    Clock Pessimism Removal (CPR):    0.500ns

    Location             Delay type                Incr(ns)  Path(ns)    Netlist Resource(s)
  -------------------------------------------------------------------    -------------------
                         (clock sys_clk_pin rise edge)
                                                      0.000     0.000 r  
    L16                                               0.000     0.000 r  sysclk (IN)
                         net (fo=0)                   0.000     0.000    sysclk
    L16                  IBUF (Prop_ibuf_I_O)         0.259     0.259 r  sysclk_IBUF_inst/O
                         net (fo=1, routed)           0.627     0.886    sysclk_IBUF
    BUFGCTRL_X0Y16       BUFG (Prop_bufg_I_O)         0.026     0.912 r  sysclk_IBUF_BUFG_inst/O
                         net (fo=281, routed)         0.593     1.505    U_SPI_JSTK/CLK
    SLICE_X42Y42         FDRE                                         r  U_SPI_JSTK/rx_shift_reg[4]/C
  -------------------------------------------------------------------    -------------------
    SLICE_X42Y42         FDRE (Prop_fdre_C_Q)         0.164     1.669 r  U_SPI_JSTK/rx_shift_reg[4]/Q
                         net (fo=1, routed)           0.099     1.768    U_SPI_JSTK/rx_shift_reg_n_0_[4]
    SLICE_X41Y41         FDRE                                         r  U_SPI_JSTK/data_out_reg[4]/D
  -------------------------------------------------------------------    -------------------

                         (clock sys_clk_pin rise edge)
                                                      0.000     0.000 r  
    L16                                               0.000     0.000 r  sysclk (IN)
                         net (fo=0)                   0.000     0.000    sysclk
    L16                  IBUF (Prop_ibuf_I_O)         0.447     0.447 r  sysclk_IBUF_inst/O
                         net (fo=1, routed)           0.683     1.130    sysclk_IBUF
    BUFGCTRL_X0Y16       BUFG (Prop_bufg_I_O)         0.029     1.159 r  sysclk_IBUF_BUFG_inst/O
                         net (fo=281, routed)         0.862     2.021    U_SPI_JSTK/CLK
    SLICE_X41Y41         FDRE                                         r  U_SPI_JSTK/data_out_reg[4]/C
                         clock pessimism             -0.500     1.521    
    SLICE_X41Y41         FDRE (Hold_fdre_C_D)         0.075     1.596    U_SPI_JSTK/data_out_reg[4]
  -------------------------------------------------------------------
                         required time                         -1.596    
                         arrival time                           1.768    
  -------------------------------------------------------------------
                         slack                                  0.172    





Pulse Width Checks
--------------------------------------------------------------------------------------
Clock Name:         sys_clk_pin
Waveform(ns):       { 0.000 4.000 }
Period(ns):         8.000
Sources:            { sysclk }

Check Type        Corner  Lib Pin  Reference Pin  Required(ns)  Actual(ns)  Slack(ns)  Location        Pin
Min Period        n/a     BUFG/I   n/a            2.155         8.000       5.845      BUFGCTRL_X0Y16  sysclk_IBUF_BUFG_inst/I
Min Period        n/a     FDRE/C   n/a            1.000         8.000       7.000      SLICE_X37Y39    FSM_sequential_poll_state_reg[0]/C
Min Period        n/a     FDRE/C   n/a            1.000         8.000       7.000      SLICE_X37Y39    FSM_sequential_poll_state_reg[1]/C
Min Period        n/a     FDRE/C   n/a            1.000         8.000       7.000      SLICE_X37Y39    imu_start_reg/C
Min Period        n/a     FDRE/C   n/a            1.000         8.000       7.000      SLICE_X37Y39    jstk_start_reg/C
Min Period        n/a     FDRE/C   n/a            1.000         8.000       7.000      SLICE_X37Y40    timer_cnt_reg[0]/C
Min Period        n/a     FDRE/C   n/a            1.000         8.000       7.000      SLICE_X37Y42    timer_cnt_reg[10]/C
Min Period        n/a     FDRE/C   n/a            1.000         8.000       7.000      SLICE_X37Y43    timer_cnt_reg[11]/C
Min Period        n/a     FDRE/C   n/a            1.000         8.000       7.000      SLICE_X37Y43    timer_cnt_reg[12]/C
Min Period        n/a     FDRE/C   n/a            1.000         8.000       7.000      SLICE_X37Y42    timer_cnt_reg[13]/C
Low Pulse Width   Slow    FDRE/C   n/a            0.500         4.000       3.500      SLICE_X37Y39    FSM_sequential_poll_state_reg[0]/C
Low Pulse Width   Fast    FDRE/C   n/a            0.500         4.000       3.500      SLICE_X37Y39    FSM_sequential_poll_state_reg[0]/C
Low Pulse Width   Slow    FDRE/C   n/a            0.500         4.000       3.500      SLICE_X37Y39    FSM_sequential_poll_state_reg[1]/C
Low Pulse Width   Fast    FDRE/C   n/a            0.500         4.000       3.500      SLICE_X37Y39    FSM_sequential_poll_state_reg[1]/C
Low Pulse Width   Slow    FDRE/C   n/a            0.500         4.000       3.500      SLICE_X37Y39    imu_start_reg/C
Low Pulse Width   Fast    FDRE/C   n/a            0.500         4.000       3.500      SLICE_X37Y39    imu_start_reg/C
Low Pulse Width   Slow    FDRE/C   n/a            0.500         4.000       3.500      SLICE_X37Y39    jstk_start_reg/C
Low Pulse Width   Fast    FDRE/C   n/a            0.500         4.000       3.500      SLICE_X37Y39    jstk_start_reg/C
Low Pulse Width   Slow    FDRE/C   n/a            0.500         4.000       3.500      SLICE_X37Y40    timer_cnt_reg[0]/C
Low Pulse Width   Fast    FDRE/C   n/a            0.500         4.000       3.500      SLICE_X37Y40    timer_cnt_reg[0]/C
High Pulse Width  Slow    FDRE/C   n/a            0.500         4.000       3.500      SLICE_X37Y39    FSM_sequential_poll_state_reg[0]/C
High Pulse Width  Fast    FDRE/C   n/a            0.500         4.000       3.500      SLICE_X37Y39    FSM_sequential_poll_state_reg[0]/C
High Pulse Width  Slow    FDRE/C   n/a            0.500         4.000       3.500      SLICE_X37Y39    FSM_sequential_poll_state_reg[1]/C
High Pulse Width  Fast    FDRE/C   n/a            0.500         4.000       3.500      SLICE_X37Y39    FSM_sequential_poll_state_reg[1]/C
High Pulse Width  Slow    FDRE/C   n/a            0.500         4.000       3.500      SLICE_X37Y39    imu_start_reg/C
High Pulse Width  Fast    FDRE/C   n/a            0.500         4.000       3.500      SLICE_X37Y39    imu_start_reg/C
High Pulse Width  Slow    FDRE/C   n/a            0.500         4.000       3.500      SLICE_X37Y39    jstk_start_reg/C
High Pulse Width  Fast    FDRE/C   n/a            0.500         4.000       3.500      SLICE_X37Y39    jstk_start_reg/C
High Pulse Width  Slow    FDRE/C   n/a            0.500         4.000       3.500      SLICE_X37Y40    timer_cnt_reg[0]/C
High Pulse Width  Fast    FDRE/C   n/a            0.500         4.000       3.500      SLICE_X37Y40    timer_cnt_reg[0]/C



