
*** Running vivado
    with args -log hdmi_telemetry_top.vdi -applog -m64 -product Vivado -messageDb vivado.pb -mode batch -source hdmi_telemetry_top.tcl -notrace


****** Vivado v2021.1 (64-bit)
  **** SW Build 3247384 on Thu Jun 10 19:36:07 MDT 2021
  **** IP Build 3246043 on Fri Jun 11 00:30:35 MDT 2021
    ** Copyright 1986-2021 Xilinx, Inc. All Rights Reserved.

source hdmi_telemetry_top.tcl -notrace
INFO: [IP_Flow 19-234] Refreshing IP repositories
INFO: [IP_Flow 19-1700] Loaded user IP repository '/home/software/digilent'.
INFO: [IP_Flow 19-2313] Loaded Vivado IP repository '/home/software/Xilinx/Vivado/2021.1/data/ip'.
Command: link_design -top hdmi_telemetry_top -part xc7z010clg400-1
Design is defaulting to srcset: sources_1
Design is defaulting to constrset: constrs_1
INFO: [Device 21-403] Loading part xc7z010clg400-1
INFO: [Project 1-454] Reading design checkpoint '/home/user/Desktop/lab_final_6DOFTelem/lab_final_6DOFTelem.gen/sources_1/ip/clk_wiz_0/clk_wiz_0.dcp' for cell 'U_CLK_WIZ'
INFO: [Project 1-454] Reading design checkpoint '/home/user/Desktop/lab_final_6DOFTelem/lab_final_6DOFTelem.gen/sources_1/ip/rgb2dvi_0/rgb2dvi_0.dcp' for cell 'U_RGB2DVI'
Netlist sorting complete. Time (s): cpu = 00:00:00 ; elapsed = 00:00:00.01 . Memory (MB): peak = 2491.227 ; gain = 0.000 ; free physical = 2559 ; free virtual = 21339
INFO: [Netlist 29-17] Analyzing 61 Unisim elements for replacement
INFO: [Netlist 29-28] Unisim Transformation completed in 0 CPU seconds
INFO: [Project 1-479] Netlist was created with Vivado 2021.1
INFO: [Project 1-570] Preparing netlist for logic optimization
WARNING: [Opt 31-35] Removing redundant IBUF, U_CLK_WIZ/inst/clkin1_ibufg, from the path connected to top-level port: sysclk 
Resolution: The tool has removed redundant IBUF. To resolve this warning, check for redundant IBUF in the input design.
WARNING: [Constraints 18-550] Could not create 'IBUF_LOW_PWR' constraint because net 'U_CLK_WIZ/clk_in1' is not directly connected to top level port. Synthesis is ignored for IBUF_LOW_PWR but preserved for implementation.
Parsing XDC File [/home/user/Desktop/lab_final_6DOFTelem/lab_final_6DOFTelem.gen/sources_1/ip/clk_wiz_0/clk_wiz_0_board.xdc] for cell 'U_CLK_WIZ/inst'
Finished Parsing XDC File [/home/user/Desktop/lab_final_6DOFTelem/lab_final_6DOFTelem.gen/sources_1/ip/clk_wiz_0/clk_wiz_0_board.xdc] for cell 'U_CLK_WIZ/inst'
Parsing XDC File [/home/user/Desktop/lab_final_6DOFTelem/lab_final_6DOFTelem.gen/sources_1/ip/clk_wiz_0/clk_wiz_0.xdc] for cell 'U_CLK_WIZ/inst'
INFO: [Timing 38-35] Done setting XDC timing constraints. [/home/user/Desktop/lab_final_6DOFTelem/lab_final_6DOFTelem.gen/sources_1/ip/clk_wiz_0/clk_wiz_0.xdc:57]
INFO: [Timing 38-2] Deriving generated clocks [/home/user/Desktop/lab_final_6DOFTelem/lab_final_6DOFTelem.gen/sources_1/ip/clk_wiz_0/clk_wiz_0.xdc:57]
Finished Parsing XDC File [/home/user/Desktop/lab_final_6DOFTelem/lab_final_6DOFTelem.gen/sources_1/ip/clk_wiz_0/clk_wiz_0.xdc] for cell 'U_CLK_WIZ/inst'
Parsing XDC File [/home/user/Desktop/lab_final_6DOFTelem/lab_final_6DOFTelem.gen/sources_1/ip/rgb2dvi_0/src/rgb2dvi.xdc] for cell 'U_RGB2DVI/U0'
Finished Parsing XDC File [/home/user/Desktop/lab_final_6DOFTelem/lab_final_6DOFTelem.gen/sources_1/ip/rgb2dvi_0/src/rgb2dvi.xdc] for cell 'U_RGB2DVI/U0'
Parsing XDC File [/home/user/Desktop/lab_final_6DOFTelem/lab_final_6DOFTelem.srcs/constrs_1/new/zybo_old_board.xdc]
Finished Parsing XDC File [/home/user/Desktop/lab_final_6DOFTelem/lab_final_6DOFTelem.srcs/constrs_1/new/zybo_old_board.xdc]
Parsing XDC File [/home/user/Desktop/lab_final_6DOFTelem/lab_final_6DOFTelem.gen/sources_1/ip/rgb2dvi_0/src/rgb2dvi_clocks.xdc] for cell 'U_RGB2DVI/U0'
Finished Parsing XDC File [/home/user/Desktop/lab_final_6DOFTelem/lab_final_6DOFTelem.gen/sources_1/ip/rgb2dvi_0/src/rgb2dvi_clocks.xdc] for cell 'U_RGB2DVI/U0'
INFO: [Opt 31-138] Pushed 0 inverter(s) to 0 load pin(s).
Netlist sorting complete. Time (s): cpu = 00:00:00 ; elapsed = 00:00:00 . Memory (MB): peak = 2651.965 ; gain = 0.000 ; free physical = 2088 ; free virtual = 20869
INFO: [Project 1-111] Unisim Transformation Summary:
No Unisim elements were transformed.

14 Infos, 2 Warnings, 0 Critical Warnings and 0 Errors encountered.
link_design completed successfully
link_design: Time (s): cpu = 00:00:09 ; elapsed = 00:00:09 . Memory (MB): peak = 2651.965 ; gain = 160.871 ; free physical = 2088 ; free virtual = 20869
Command: opt_design
Attempting to get a license for feature 'Implementation' and/or device 'xc7z010'
INFO: [Common 17-349] Got license for feature 'Implementation' and/or device 'xc7z010'
Running DRC as a precondition to command opt_design

Starting DRC Task
INFO: [DRC 23-27] Running DRC with 8 threads
INFO: [Project 1-461] DRC finished with 0 Errors
INFO: [Project 1-462] Please refer to the DRC report (report_drc) for more information.

Time (s): cpu = 00:00:01 ; elapsed = 00:00:00.49 . Memory (MB): peak = 2715.996 ; gain = 64.031 ; free physical = 2064 ; free virtual = 20845

Starting Cache Timing Information Task
INFO: [Timing 38-35] Done setting XDC timing constraints.
Ending Cache Timing Information Task | Checksum: ebe4cec1

Time (s): cpu = 00:00:00.05 ; elapsed = 00:00:00.02 . Memory (MB): peak = 2715.996 ; gain = 0.000 ; free physical = 2064 ; free virtual = 20845

Starting Logic Optimization Task

Phase 1 Retarget
INFO: [Opt 31-138] Pushed 0 inverter(s) to 0 load pin(s).
INFO: [Opt 31-49] Retargeted 0 cell(s).
Phase 1 Retarget | Checksum: e4a1644a

Time (s): cpu = 00:00:00.16 ; elapsed = 00:00:00.05 . Memory (MB): peak = 2864.793 ; gain = 0.000 ; free physical = 1898 ; free virtual = 20679
INFO: [Opt 31-389] Phase Retarget created 12 cells and removed 27 cells
INFO: [Opt 31-1021] In phase Retarget, 1 netlist objects are constrained preventing optimization. Please run opt_design with -debug_log to get more detail. 

Phase 2 Constant propagation
INFO: [Opt 31-138] Pushed 3 inverter(s) to 20 load pin(s).
Phase 2 Constant propagation | Checksum: 10f395212

Time (s): cpu = 00:00:00.22 ; elapsed = 00:00:00.07 . Memory (MB): peak = 2864.793 ; gain = 0.000 ; free physical = 1898 ; free virtual = 20679
INFO: [Opt 31-389] Phase Constant propagation created 6 cells and removed 33 cells

Phase 3 Sweep
Phase 3 Sweep | Checksum: bbd15969

Time (s): cpu = 00:00:00.23 ; elapsed = 00:00:00.08 . Memory (MB): peak = 2864.793 ; gain = 0.000 ; free physical = 1898 ; free virtual = 20679
INFO: [Opt 31-389] Phase Sweep created 0 cells and removed 0 cells
INFO: [Opt 31-1021] In phase Sweep, 2 netlist objects are constrained preventing optimization. Please run opt_design with -debug_log to get more detail. 

Phase 4 BUFG optimization
INFO: [Opt 31-194] Inserted BUFG sysclk_IBUF_BUFG_inst to drive 236 load(s) on clock net sysclk_IBUF_BUFG
INFO: [Opt 31-193] Inserted 1 BUFG(s) on clock nets
Phase 4 BUFG optimization | Checksum: bdd27241

Time (s): cpu = 00:00:00.24 ; elapsed = 00:00:00.09 . Memory (MB): peak = 2864.793 ; gain = 0.000 ; free physical = 1898 ; free virtual = 20679
INFO: [Opt 31-662] Phase BUFG optimization created 1 cells of which 1 are BUFGs and removed 0 cells.

Phase 5 Shift Register Optimization
INFO: [Opt 31-1064] SRL Remap converted 0 SRLs to 0 registers and converted 0 registers of register chains to 0 SRLs
Phase 5 Shift Register Optimization | Checksum: bdd27241

Time (s): cpu = 00:00:00.24 ; elapsed = 00:00:00.09 . Memory (MB): peak = 2864.793 ; gain = 0.000 ; free physical = 1898 ; free virtual = 20679
INFO: [Opt 31-389] Phase Shift Register Optimization created 0 cells and removed 0 cells

Phase 6 Post Processing Netlist
Phase 6 Post Processing Netlist | Checksum: bdd27241

Time (s): cpu = 00:00:00.24 ; elapsed = 00:00:00.09 . Memory (MB): peak = 2864.793 ; gain = 0.000 ; free physical = 1898 ; free virtual = 20679
INFO: [Opt 31-389] Phase Post Processing Netlist created 0 cells and removed 0 cells
Opt_design Change Summary
=========================


-------------------------------------------------------------------------------------------------------------------------
|  Phase                        |  #Cells created  |  #Cells Removed  |  #Constrained objects preventing optimizations  |
-------------------------------------------------------------------------------------------------------------------------
|  Retarget                     |              12  |              27  |                                              1  |
|  Constant propagation         |               6  |              33  |                                              0  |
|  Sweep                        |               0  |               0  |                                              2  |
|  BUFG optimization            |               1  |               0  |                                              0  |
|  Shift Register Optimization  |               0  |               0  |                                              0  |
|  Post Processing Netlist      |               0  |               0  |                                              0  |
-------------------------------------------------------------------------------------------------------------------------



Starting Connectivity Check Task

Time (s): cpu = 00:00:00.01 ; elapsed = 00:00:00 . Memory (MB): peak = 2864.793 ; gain = 0.000 ; free physical = 1898 ; free virtual = 20679
Ending Logic Optimization Task | Checksum: 14a3f1e68

Time (s): cpu = 00:00:00.36 ; elapsed = 00:00:00.12 . Memory (MB): peak = 2864.793 ; gain = 0.000 ; free physical = 1898 ; free virtual = 20679

Starting Power Optimization Task
INFO: [Pwropt 34-132] Skipping clock gating for clocks with a period < 2.00 ns.
Ending Power Optimization Task | Checksum: 14a3f1e68

Time (s): cpu = 00:00:00 ; elapsed = 00:00:00.01 . Memory (MB): peak = 2864.793 ; gain = 0.000 ; free physical = 1898 ; free virtual = 20679

Starting Final Cleanup Task
Ending Final Cleanup Task | Checksum: 14a3f1e68

Time (s): cpu = 00:00:00 ; elapsed = 00:00:00 . Memory (MB): peak = 2864.793 ; gain = 0.000 ; free physical = 1898 ; free virtual = 20679

Starting Netlist Obfuscation Task
Netlist sorting complete. Time (s): cpu = 00:00:00 ; elapsed = 00:00:00 . Memory (MB): peak = 2864.793 ; gain = 0.000 ; free physical = 1898 ; free virtual = 20679
Ending Netlist Obfuscation Task | Checksum: 14a3f1e68

Time (s): cpu = 00:00:00 ; elapsed = 00:00:00 . Memory (MB): peak = 2864.793 ; gain = 0.000 ; free physical = 1898 ; free virtual = 20679
INFO: [Common 17-83] Releasing license: Implementation
35 Infos, 2 Warnings, 0 Critical Warnings and 0 Errors encountered.
opt_design completed successfully
INFO: [Timing 38-35] Done setting XDC timing constraints.
INFO: [Timing 38-480] Writing timing data to binary archive.
Writing placer database...
Writing XDEF routing.
Writing XDEF routing logical nets.
Writing XDEF routing special nets.
Write XDEF Complete: Time (s): cpu = 00:00:00.03 ; elapsed = 00:00:00.01 . Memory (MB): peak = 2872.797 ; gain = 0.000 ; free physical = 1895 ; free virtual = 20676
INFO: [Common 17-1381] The checkpoint '/home/user/Desktop/lab_final_6DOFTelem/lab_final_6DOFTelem.runs/impl_1/hdmi_telemetry_top_opt.dcp' has been generated.
INFO: [runtcl-4] Executing : report_drc -file hdmi_telemetry_top_drc_opted.rpt -pb hdmi_telemetry_top_drc_opted.pb -rpx hdmi_telemetry_top_drc_opted.rpx
Command: report_drc -file hdmi_telemetry_top_drc_opted.rpt -pb hdmi_telemetry_top_drc_opted.pb -rpx hdmi_telemetry_top_drc_opted.rpx
INFO: [IP_Flow 19-1839] IP Catalog is up to date.
INFO: [DRC 23-27] Running DRC with 8 threads
INFO: [Vivado_Tcl 2-168] The results of DRC are in file /home/user/Desktop/lab_final_6DOFTelem/lab_final_6DOFTelem.runs/impl_1/hdmi_telemetry_top_drc_opted.rpt.
report_drc completed successfully
Command: place_design
Attempting to get a license for feature 'Implementation' and/or device 'xc7z010'
INFO: [Common 17-349] Got license for feature 'Implementation' and/or device 'xc7z010'
INFO: [DRC 23-27] Running DRC with 8 threads
INFO: [Vivado_Tcl 4-198] DRC finished with 0 Errors
INFO: [Vivado_Tcl 4-199] Please refer to the DRC report (report_drc) for more information.
Running DRC as a precondition to command place_design
INFO: [DRC 23-27] Running DRC with 8 threads
INFO: [Vivado_Tcl 4-198] DRC finished with 0 Errors
INFO: [Vivado_Tcl 4-199] Please refer to the DRC report (report_drc) for more information.

Starting Placer Task
INFO: [Place 30-611] Multithreading enabled for place_design using a maximum of 8 CPUs

Phase 1 Placer Initialization

Phase 1.1 Placer Initialization Netlist Sorting
Netlist sorting complete. Time (s): cpu = 00:00:00 ; elapsed = 00:00:00 . Memory (MB): peak = 3065.020 ; gain = 0.000 ; free physical = 1824 ; free virtual = 20605
Phase 1.1 Placer Initialization Netlist Sorting | Checksum: 8b0e2c66

Time (s): cpu = 00:00:00 ; elapsed = 00:00:00.03 . Memory (MB): peak = 3065.020 ; gain = 0.000 ; free physical = 1824 ; free virtual = 20605
Netlist sorting complete. Time (s): cpu = 00:00:00 ; elapsed = 00:00:00 . Memory (MB): peak = 3065.020 ; gain = 0.000 ; free physical = 1824 ; free virtual = 20605

Phase 1.2 IO Placement/ Clock Placement/ Build Placer Device
Phase 1.2 IO Placement/ Clock Placement/ Build Placer Device | Checksum: 139ad11bd

Time (s): cpu = 00:00:00.27 ; elapsed = 00:00:00.11 . Memory (MB): peak = 3065.020 ; gain = 0.000 ; free physical = 1856 ; free virtual = 20637

Phase 1.3 Build Placer Netlist Model
Phase 1.3 Build Placer Netlist Model | Checksum: 19b5c0430

Time (s): cpu = 00:00:00.92 ; elapsed = 00:00:00.29 . Memory (MB): peak = 3065.020 ; gain = 0.000 ; free physical = 1871 ; free virtual = 20652

Phase 1.4 Constrain Clocks/Macros
Phase 1.4 Constrain Clocks/Macros | Checksum: 19b5c0430

Time (s): cpu = 00:00:00.92 ; elapsed = 00:00:00.29 . Memory (MB): peak = 3065.020 ; gain = 0.000 ; free physical = 1871 ; free virtual = 20652
Phase 1 Placer Initialization | Checksum: 19b5c0430

Time (s): cpu = 00:00:00.93 ; elapsed = 00:00:00.30 . Memory (MB): peak = 3065.020 ; gain = 0.000 ; free physical = 1871 ; free virtual = 20652

Phase 2 Global Placement

Phase 2.1 Floorplanning
Phase 2.1 Floorplanning | Checksum: 1665f55fc

Time (s): cpu = 00:00:01 ; elapsed = 00:00:00.39 . Memory (MB): peak = 3065.020 ; gain = 0.000 ; free physical = 1868 ; free virtual = 20649

Phase 2.2 Update Timing before SLR Path Opt
Phase 2.2 Update Timing before SLR Path Opt | Checksum: 1c6e02ee8

Time (s): cpu = 00:00:02 ; elapsed = 00:00:00.44 . Memory (MB): peak = 3065.020 ; gain = 0.000 ; free physical = 1868 ; free virtual = 20648

Phase 2.3 Post-Processing in Floorplanning
Phase 2.3 Post-Processing in Floorplanning | Checksum: 1851732c7

Time (s): cpu = 00:00:02 ; elapsed = 00:00:00.45 . Memory (MB): peak = 3065.020 ; gain = 0.000 ; free physical = 1868 ; free virtual = 20648

Phase 2.4 Global Placement Core

Phase 2.4.1 Physical Synthesis In Placer
INFO: [Physopt 32-1035] Found 0 LUTNM shape to break, 21 LUT instances to create LUTNM shape
INFO: [Physopt 32-1044] Break lutnm for timing: one critical 0, two critical 0, total 0, new lutff created 0
INFO: [Physopt 32-1138] End 1 Pass. Optimized 10 nets or LUTs. Breaked 0 LUT, combined 10 existing LUTs and moved 0 existing LUT
INFO: [Physopt 32-65] No nets found for high-fanout optimization.
INFO: [Physopt 32-232] Optimized 0 net. Created 0 new instance.
INFO: [Physopt 32-775] End 1 Pass. Optimized 0 net or cell. Created 0 new cell, deleted 0 existing cell and moved 0 existing cell
INFO: [Physopt 32-456] No candidate cells for DSP register optimization found in the design.
INFO: [Physopt 32-775] End 2 Pass. Optimized 0 net or cell. Created 0 new cell, deleted 0 existing cell and moved 0 existing cell
INFO: [Physopt 32-1123] No candidate cells found for Shift Register to Pipeline optimization
INFO: [Physopt 32-775] End 1 Pass. Optimized 0 net or cell. Created 0 new cell, deleted 0 existing cell and moved 0 existing cell
INFO: [Physopt 32-677] No candidate cells for Shift Register optimization found in the design
INFO: [Physopt 32-775] End 1 Pass. Optimized 0 net or cell. Created 0 new cell, deleted 0 existing cell and moved 0 existing cell
INFO: [Physopt 32-526] No candidate cells for BRAM register optimization found in the design
INFO: [Physopt 32-775] End 1 Pass. Optimized 0 net or cell. Created 0 new cell, deleted 0 existing cell and moved 0 existing cell
INFO: [Physopt 32-846] No candidate cells for URAM register optimization found in the design
INFO: [Physopt 32-775] End 2 Pass. Optimized 0 net or cell. Created 0 new cell, deleted 0 existing cell and moved 0 existing cell
INFO: [Physopt 32-949] No candidate nets found for dynamic/static region interface net replication
INFO: [Physopt 32-775] End 1 Pass. Optimized 0 net or cell. Created 0 new cell, deleted 0 existing cell and moved 0 existing cell
Netlist sorting complete. Time (s): cpu = 00:00:00 ; elapsed = 00:00:00 . Memory (MB): peak = 3065.020 ; gain = 0.000 ; free physical = 1858 ; free virtual = 20639

Summary of Physical Synthesis Optimizations
============================================


-----------------------------------------------------------------------------------------------------------------------------------------------------------
|  Optimization                                     |  Added Cells  |  Removed Cells  |  Optimized Cells/Nets  |  Dont Touch  |  Iterations  |  Elapsed   |
-----------------------------------------------------------------------------------------------------------------------------------------------------------
|  LUT Combining                                    |            0  |             10  |                    10  |           0  |           1  |  00:00:00  |
|  Retime                                           |            0  |              0  |                     0  |           0  |           1  |  00:00:00  |
|  Very High Fanout                                 |            0  |              0  |                     0  |           0  |           1  |  00:00:00  |
|  DSP Register                                     |            0  |              0  |                     0  |           0  |           1  |  00:00:00  |
|  Shift Register to Pipeline                       |            0  |              0  |                     0  |           0  |           1  |  00:00:00  |
|  Shift Register                                   |            0  |              0  |                     0  |           0  |           1  |  00:00:00  |
|  BRAM Register                                    |            0  |              0  |                     0  |           0  |           1  |  00:00:00  |
|  URAM Register                                    |            0  |              0  |                     0  |           0  |           1  |  00:00:00  |
|  Dynamic/Static Region Interface Net Replication  |            0  |              0  |                     0  |           0  |           1  |  00:00:00  |
|  Total                                            |            0  |             10  |                    10  |           0  |           9  |  00:00:00  |
-----------------------------------------------------------------------------------------------------------------------------------------------------------


Phase 2.4.1 Physical Synthesis In Placer | Checksum: 18f864864

Time (s): cpu = 00:00:08 ; elapsed = 00:00:02 . Memory (MB): peak = 3065.020 ; gain = 0.000 ; free physical = 1858 ; free virtual = 20639
Phase 2.4 Global Placement Core | Checksum: 17ad38ae2

Time (s): cpu = 00:00:08 ; elapsed = 00:00:02 . Memory (MB): peak = 3065.020 ; gain = 0.000 ; free physical = 1858 ; free virtual = 20639
Phase 2 Global Placement | Checksum: 17ad38ae2

Time (s): cpu = 00:00:08 ; elapsed = 00:00:02 . Memory (MB): peak = 3065.020 ; gain = 0.000 ; free physical = 1858 ; free virtual = 20639

Phase 3 Detail Placement

Phase 3.1 Commit Multi Column Macros
Phase 3.1 Commit Multi Column Macros | Checksum: 18e9825a1

Time (s): cpu = 00:00:09 ; elapsed = 00:00:02 . Memory (MB): peak = 3065.020 ; gain = 0.000 ; free physical = 1857 ; free virtual = 20638

Phase 3.2 Commit Most Macros & LUTRAMs
Phase 3.2 Commit Most Macros & LUTRAMs | Checksum: 1037a0474

Time (s): cpu = 00:00:09 ; elapsed = 00:00:02 . Memory (MB): peak = 3065.020 ; gain = 0.000 ; free physical = 1858 ; free virtual = 20639

Phase 3.3 Area Swap Optimization
Phase 3.3 Area Swap Optimization | Checksum: 123010d15

Time (s): cpu = 00:00:09 ; elapsed = 00:00:02 . Memory (MB): peak = 3065.020 ; gain = 0.000 ; free physical = 1858 ; free virtual = 20639

Phase 3.4 Pipeline Register Optimization
Phase 3.4 Pipeline Register Optimization | Checksum: 1832e5b9a

Time (s): cpu = 00:00:09 ; elapsed = 00:00:02 . Memory (MB): peak = 3065.020 ; gain = 0.000 ; free physical = 1858 ; free virtual = 20639

Phase 3.5 Fast Optimization
Phase 3.5 Fast Optimization | Checksum: 11a6d2abd

Time (s): cpu = 00:00:09 ; elapsed = 00:00:02 . Memory (MB): peak = 3065.020 ; gain = 0.000 ; free physical = 1856 ; free virtual = 20637

Phase 3.6 Small Shape Detail Placement
Phase 3.6 Small Shape Detail Placement | Checksum: d592eae4

Time (s): cpu = 00:00:10 ; elapsed = 00:00:02 . Memory (MB): peak = 3065.020 ; gain = 0.000 ; free physical = 1858 ; free virtual = 20638

Phase 3.7 Re-assign LUT pins
Phase 3.7 Re-assign LUT pins | Checksum: 1166ed299

Time (s): cpu = 00:00:10 ; elapsed = 00:00:02 . Memory (MB): peak = 3065.020 ; gain = 0.000 ; free physical = 1858 ; free virtual = 20638

Phase 3.8 Pipeline Register Optimization
Phase 3.8 Pipeline Register Optimization | Checksum: 127b3b4fd

Time (s): cpu = 00:00:10 ; elapsed = 00:00:02 . Memory (MB): peak = 3065.020 ; gain = 0.000 ; free physical = 1858 ; free virtual = 20638

Phase 3.9 Fast Optimization
Phase 3.9 Fast Optimization | Checksum: b2b0f752

Time (s): cpu = 00:00:10 ; elapsed = 00:00:03 . Memory (MB): peak = 3065.020 ; gain = 0.000 ; free physical = 1858 ; free virtual = 20639
Phase 3 Detail Placement | Checksum: b2b0f752

Time (s): cpu = 00:00:10 ; elapsed = 00:00:03 . Memory (MB): peak = 3065.020 ; gain = 0.000 ; free physical = 1858 ; free virtual = 20639

Phase 4 Post Placement Optimization and Clean-Up

Phase 4.1 Post Commit Optimization
INFO: [Timing 38-35] Done setting XDC timing constraints.

Phase 4.1.1 Post Placement Optimization
Post Placement Optimization Initialization | Checksum: f212e192

Phase 4.1.1.1 BUFG Insertion

Starting Physical Synthesis Task

Phase 1 Physical Synthesis Initialization
INFO: [Physopt 32-721] Multithreading enabled for phys_opt_design using a maximum of 8 CPUs
INFO: [Physopt 32-619] Estimated Timing Summary | WNS=-2.055 | TNS=-2.055 |
Phase 1 Physical Synthesis Initialization | Checksum: 1901b232e

Time (s): cpu = 00:00:00.10 ; elapsed = 00:00:00.02 . Memory (MB): peak = 3065.020 ; gain = 0.000 ; free physical = 1857 ; free virtual = 20638
INFO: [Place 46-56] BUFG insertion identified 0 candidate nets. Inserted BUFG: 0, Replicated BUFG Driver: 0, Skipped due to Placement/Routing Conflicts: 0, Skipped due to Timing Degradation: 0, Skipped due to Illegal Netlist: 0.
Ending Physical Synthesis Task | Checksum: 172e45ad6

Time (s): cpu = 00:00:00.11 ; elapsed = 00:00:00.02 . Memory (MB): peak = 3065.020 ; gain = 0.000 ; free physical = 1857 ; free virtual = 20638
Phase 4.1.1.1 BUFG Insertion | Checksum: f212e192

Time (s): cpu = 00:00:11 ; elapsed = 00:00:03 . Memory (MB): peak = 3065.020 ; gain = 0.000 ; free physical = 1857 ; free virtual = 20638

Phase 4.1.1.2 Post Placement Timing Optimization
INFO: [Place 30-746] Post Placement Timing Summary WNS=-1.881. For the most accurate timing information please run report_timing.
Phase 4.1.1.2 Post Placement Timing Optimization | Checksum: 187b4a040

Time (s): cpu = 00:00:19 ; elapsed = 00:00:11 . Memory (MB): peak = 3065.020 ; gain = 0.000 ; free physical = 1855 ; free virtual = 20636

Time (s): cpu = 00:00:19 ; elapsed = 00:00:11 . Memory (MB): peak = 3065.020 ; gain = 0.000 ; free physical = 1855 ; free virtual = 20636
Phase 4.1 Post Commit Optimization | Checksum: 187b4a040

Time (s): cpu = 00:00:19 ; elapsed = 00:00:11 . Memory (MB): peak = 3065.020 ; gain = 0.000 ; free physical = 1855 ; free virtual = 20636

Phase 4.2 Post Placement Cleanup
Phase 4.2 Post Placement Cleanup | Checksum: 187b4a040

Time (s): cpu = 00:00:19 ; elapsed = 00:00:11 . Memory (MB): peak = 3065.020 ; gain = 0.000 ; free physical = 1855 ; free virtual = 20636

Phase 4.3 Placer Reporting

Phase 4.3.1 Print Estimated Congestion
INFO: [Place 30-612] Post-Placement Estimated Congestion 
 ____________________________________________________
|           | Global Congestion | Short Congestion  |
| Direction | Region Size       | Region Size       |
|___________|___________________|___________________|
|      North|                1x1|                1x1|
|___________|___________________|___________________|
|      South|                1x1|                1x1|
|___________|___________________|___________________|
|       East|                1x1|                1x1|
|___________|___________________|___________________|
|       West|                1x1|                1x1|
|___________|___________________|___________________|

Phase 4.3.1 Print Estimated Congestion | Checksum: 187b4a040

Time (s): cpu = 00:00:19 ; elapsed = 00:00:11 . Memory (MB): peak = 3065.020 ; gain = 0.000 ; free physical = 1855 ; free virtual = 20636
Phase 4.3 Placer Reporting | Checksum: 187b4a040

Time (s): cpu = 00:00:19 ; elapsed = 00:00:11 . Memory (MB): peak = 3065.020 ; gain = 0.000 ; free physical = 1855 ; free virtual = 20636

Phase 4.4 Final Placement Cleanup
Netlist sorting complete. Time (s): cpu = 00:00:00 ; elapsed = 00:00:00 . Memory (MB): peak = 3065.020 ; gain = 0.000 ; free physical = 1855 ; free virtual = 20636

Time (s): cpu = 00:00:19 ; elapsed = 00:00:11 . Memory (MB): peak = 3065.020 ; gain = 0.000 ; free physical = 1855 ; free virtual = 20636
Phase 4 Post Placement Optimization and Clean-Up | Checksum: 10591bc68

Time (s): cpu = 00:00:19 ; elapsed = 00:00:11 . Memory (MB): peak = 3065.020 ; gain = 0.000 ; free physical = 1855 ; free virtual = 20636
Ending Placer Task | Checksum: 56adac10

Time (s): cpu = 00:00:19 ; elapsed = 00:00:11 . Memory (MB): peak = 3065.020 ; gain = 0.000 ; free physical = 1855 ; free virtual = 20636
INFO: [Common 17-83] Releasing license: Implementation
75 Infos, 2 Warnings, 0 Critical Warnings and 0 Errors encountered.
place_design completed successfully
place_design: Time (s): cpu = 00:00:21 ; elapsed = 00:00:12 . Memory (MB): peak = 3065.020 ; gain = 0.000 ; free physical = 1861 ; free virtual = 20642
INFO: [Timing 38-480] Writing timing data to binary archive.
Writing placer database...
Writing XDEF routing.
Writing XDEF routing logical nets.
Writing XDEF routing special nets.
Write XDEF Complete: Time (s): cpu = 00:00:00.18 ; elapsed = 00:00:00.06 . Memory (MB): peak = 3065.020 ; gain = 0.000 ; free physical = 1860 ; free virtual = 20641
INFO: [Common 17-1381] The checkpoint '/home/user/Desktop/lab_final_6DOFTelem/lab_final_6DOFTelem.runs/impl_1/hdmi_telemetry_top_placed.dcp' has been generated.
INFO: [runtcl-4] Executing : report_io -file hdmi_telemetry_top_io_placed.rpt
report_io: Time (s): cpu = 00:00:00.09 ; elapsed = 00:00:00.14 . Memory (MB): peak = 3065.020 ; gain = 0.000 ; free physical = 1851 ; free virtual = 20632
INFO: [runtcl-4] Executing : report_utilization -file hdmi_telemetry_top_utilization_placed.rpt -pb hdmi_telemetry_top_utilization_placed.pb
INFO: [runtcl-4] Executing : report_control_sets -verbose -file hdmi_telemetry_top_control_sets_placed.rpt
report_control_sets: Time (s): cpu = 00:00:00.05 ; elapsed = 00:00:00.07 . Memory (MB): peak = 3065.020 ; gain = 0.000 ; free physical = 1860 ; free virtual = 20641
Command: phys_opt_design
Attempting to get a license for feature 'Implementation' and/or device 'xc7z010'
INFO: [Common 17-349] Got license for feature 'Implementation' and/or device 'xc7z010'
INFO: [Vivado_Tcl 4-1435] PhysOpt_Tcl_Interface Runtime Before Starting Physical Synthesis Task | CPU: 0.25s |  WALL: 0.10s
Netlist sorting complete. Time (s): cpu = 00:00:00 ; elapsed = 00:00:00 . Memory (MB): peak = 3065.020 ; gain = 0.000 ; free physical = 1828 ; free virtual = 20609

Starting Physical Synthesis Task

Phase 1 Physical Synthesis Initialization
INFO: [Physopt 32-721] Multithreading enabled for phys_opt_design using a maximum of 8 CPUs
INFO: [Physopt 32-619] Estimated Timing Summary | WNS=-2.001 | TNS=-2.001 |
Phase 1 Physical Synthesis Initialization | Checksum: 1e9fc85e7

Time (s): cpu = 00:00:00.41 ; elapsed = 00:00:00.12 . Memory (MB): peak = 3065.020 ; gain = 0.000 ; free physical = 1827 ; free virtual = 20608
INFO: [Physopt 32-619] Estimated Timing Summary | WNS=-2.001 | TNS=-2.001 |

Phase 2 DSP Register Optimization
INFO: [Physopt 32-456] No candidate cells for DSP register optimization found in the design.
INFO: [Physopt 32-775] End 2 Pass. Optimized 0 net or cell. Created 0 new cell, deleted 0 existing cell and moved 0 existing cell
Phase 2 DSP Register Optimization | Checksum: 1e9fc85e7

Time (s): cpu = 00:00:00.49 ; elapsed = 00:00:00.14 . Memory (MB): peak = 3065.020 ; gain = 0.000 ; free physical = 1827 ; free virtual = 20608

Phase 3 Critical Path Optimization
INFO: [Physopt 32-619] Estimated Timing Summary | WNS=-2.001 | TNS=-2.001 |
INFO: [Physopt 32-702] Processed net U_RENDERER/vid_pData[0]. Optimizations did not improve timing on the net.
INFO: [Physopt 32-663] Processed net U_MATH/v1_y[0].  Re-placed instance U_MATH/v0_y_reg[1]
INFO: [Physopt 32-735] Processed net U_MATH/v1_y[0]. Optimization improves timing on the net.
INFO: [Physopt 32-619] Estimated Timing Summary | WNS=-1.991 | TNS=-1.991 |
INFO: [Physopt 32-662] Processed net U_MATH/v1_y[0].  Did not re-place instance U_MATH/v0_y_reg[1]
INFO: [Physopt 32-81] Processed net U_MATH/v1_y[0]. Replicated 1 times.
INFO: [Physopt 32-735] Processed net U_MATH/v1_y[0]. Optimization improves timing on the net.
INFO: [Physopt 32-619] Estimated Timing Summary | WNS=-1.868 | TNS=-1.868 |
INFO: [Physopt 32-662] Processed net U_MATH/v1_y[0]_repN.  Did not re-place instance U_MATH/v0_y_reg[1]_replica
INFO: [Physopt 32-572] Net U_MATH/v1_y[0]_repN was not replicated.
Resolution: phys_opt_design can be forced to replicate a net driver using the option -force_replication_on_nets <list of net objects>.
INFO: [Physopt 32-702] Processed net U_MATH/v1_y[0]_repN. Optimizations did not improve timing on the net.
INFO: [Physopt 32-663] Processed net U_RENDERER/red[0]_i_3_n_0.  Re-placed instance U_RENDERER/red[0]_i_3
INFO: [Physopt 32-735] Processed net U_RENDERER/red[0]_i_3_n_0. Optimization improves timing on the net.
INFO: [Physopt 32-619] Estimated Timing Summary | WNS=-1.855 | TNS=-1.855 |
INFO: [Physopt 32-663] Processed net U_MATH/v1_y[2].  Re-placed instance U_MATH/v0_y_reg[3]
INFO: [Physopt 32-735] Processed net U_MATH/v1_y[2]. Optimization improves timing on the net.
INFO: [Physopt 32-619] Estimated Timing Summary | WNS=-1.855 | TNS=-1.855 |
INFO: [Physopt 32-663] Processed net U_MATH/v1_y[1].  Re-placed instance U_MATH/v0_y_reg[2]
INFO: [Physopt 32-735] Processed net U_MATH/v1_y[1]. Optimization improves timing on the net.
INFO: [Physopt 32-619] Estimated Timing Summary | WNS=-1.829 | TNS=-1.829 |
INFO: [Physopt 32-663] Processed net U_RENDERER/red[0]_i_2_n_0.  Re-placed instance U_RENDERER/red[0]_i_2
INFO: [Physopt 32-735] Processed net U_RENDERER/red[0]_i_2_n_0. Optimization improves timing on the net.
INFO: [Physopt 32-619] Estimated Timing Summary | WNS=-1.804 | TNS=-1.804 |
INFO: [Physopt 32-663] Processed net U_MATH/v2_x[0].  Re-placed instance U_MATH/v1_x_reg[1]
INFO: [Physopt 32-735] Processed net U_MATH/v2_x[0]. Optimization improves timing on the net.
INFO: [Physopt 32-619] Estimated Timing Summary | WNS=-1.787 | TNS=-1.787 |
INFO: [Physopt 32-662] Processed net U_RENDERER/red[0]_i_3_n_0.  Did not re-place instance U_RENDERER/red[0]_i_3
INFO: [Physopt 32-710] Processed net U_RENDERER/red[0]_i_1_n_0. Critical path length was reduced through logic transformation on cell U_RENDERER/red[0]_i_1_comp.
INFO: [Physopt 32-735] Processed net U_RENDERER/red[0]_i_3_n_0. Optimization improves timing on the net.
INFO: [Physopt 32-619] Estimated Timing Summary | WNS=-1.711 | TNS=-1.711 |
INFO: [Physopt 32-663] Processed net U_MATH/v1_y[3].  Re-placed instance U_MATH/v0_y_reg[4]
INFO: [Physopt 32-735] Processed net U_MATH/v1_y[3]. Optimization improves timing on the net.
INFO: [Physopt 32-619] Estimated Timing Summary | WNS=-1.683 | TNS=-1.683 |
INFO: [Physopt 32-662] Processed net U_MATH/v1_y[0].  Did not re-place instance U_MATH/v0_y_reg[1]
INFO: [Physopt 32-572] Net U_MATH/v1_y[0] was not replicated.
Resolution: phys_opt_design can be forced to replicate a net driver using the option -force_replication_on_nets <list of net objects>.
INFO: [Physopt 32-702] Processed net U_MATH/v1_y[0]. Optimizations did not improve timing on the net.
INFO: [Physopt 32-702] Processed net U_RENDERER/red4_carry__0_n_2. Optimizations did not improve timing on the net.
INFO: [Physopt 32-702] Processed net U_RENDERER/red4_carry_n_0. Optimizations did not improve timing on the net.
INFO: [Physopt 32-735] Processed net U_RENDERER/red4_carry_i_1_n_0. Optimization improves timing on the net.
INFO: [Physopt 32-619] Estimated Timing Summary | WNS=-1.671 | TNS=-1.671 |
INFO: [Physopt 32-663] Processed net U_MATH/v2_x[0].  Re-placed instance U_MATH/v1_x_reg[1]
INFO: [Physopt 32-735] Processed net U_MATH/v2_x[0]. Optimization improves timing on the net.
INFO: [Physopt 32-619] Estimated Timing Summary | WNS=-1.654 | TNS=-1.654 |
INFO: [Physopt 32-662] Processed net U_RENDERER/red[0]_i_2_n_0.  Did not re-place instance U_RENDERER/red[0]_i_2
INFO: [Physopt 32-702] Processed net U_RENDERER/red[0]_i_2_n_0. Optimizations did not improve timing on the net.
INFO: [Physopt 32-702] Processed net U_RENDERER/red3_carry__0_n_2. Optimizations did not improve timing on the net.
INFO: [Physopt 32-735] Processed net U_RENDERER/red3_carry__0_i_1_n_0. Optimization improves timing on the net.
INFO: [Physopt 32-619] Estimated Timing Summary | WNS=-1.652 | TNS=-1.652 |
INFO: [Physopt 32-663] Processed net U_MATH/v2_y_reg[9]_0[0].  Re-placed instance U_MATH/v2_y_reg[2]
INFO: [Physopt 32-735] Processed net U_MATH/v2_y_reg[9]_0[0]. Optimization improves timing on the net.
INFO: [Physopt 32-619] Estimated Timing Summary | WNS=-1.625 | TNS=-1.625 |
INFO: [Physopt 32-702] Processed net U_RENDERER/red3_carry_n_0. Optimizations did not improve timing on the net.
INFO: [Physopt 32-735] Processed net U_RENDERER/red3_carry_i_1_n_0. Optimization improves timing on the net.
INFO: [Physopt 32-619] Estimated Timing Summary | WNS=-1.548 | TNS=-1.548 |
INFO: [Physopt 32-702] Processed net U_RENDERER/red4_inferred__3/i__carry__0_n_2. Optimizations did not improve timing on the net.
INFO: [Physopt 32-735] Processed net U_RENDERER/i__carry__0_i_1__2_n_0. Optimization improves timing on the net.
INFO: [Physopt 32-619] Estimated Timing Summary | WNS=-1.545 | TNS=-1.545 |
INFO: [Physopt 32-702] Processed net U_RENDERER/red4_inferred__3/i__carry_n_0. Optimizations did not improve timing on the net.
INFO: [Physopt 32-735] Processed net U_RENDERER/i__carry_i_1__3_n_0. Optimization improves timing on the net.
INFO: [Physopt 32-619] Estimated Timing Summary | WNS=-1.533 | TNS=-1.533 |
INFO: [Physopt 32-663] Processed net U_MATH/v2_y_reg[9]_0[1].  Re-placed instance U_MATH/v2_y_reg[3]
INFO: [Physopt 32-735] Processed net U_MATH/v2_y_reg[9]_0[1]. Optimization improves timing on the net.
INFO: [Physopt 32-619] Estimated Timing Summary | WNS=-1.531 | TNS=-1.531 |
INFO: [Physopt 32-662] Processed net U_MATH/v2_x[0].  Did not re-place instance U_MATH/v1_x_reg[1]
INFO: [Physopt 32-81] Processed net U_MATH/v2_x[0]. Replicated 1 times.
INFO: [Physopt 32-735] Processed net U_MATH/v2_x[0]. Optimization improves timing on the net.
INFO: [Physopt 32-619] Estimated Timing Summary | WNS=-1.529 | TNS=-1.529 |
INFO: [Physopt 32-663] Processed net U_MATH/v2_x[0]_repN.  Re-placed instance U_MATH/v1_x_reg[1]_replica
INFO: [Physopt 32-735] Processed net U_MATH/v2_x[0]_repN. Optimization improves timing on the net.
INFO: [Physopt 32-619] Estimated Timing Summary | WNS=-1.525 | TNS=-1.525 |
INFO: [Physopt 32-662] Processed net U_MATH/v2_x[0]_repN.  Did not re-place instance U_MATH/v1_x_reg[1]_replica
INFO: [Physopt 32-572] Net U_MATH/v2_x[0]_repN was not replicated.
Resolution: phys_opt_design can be forced to replicate a net driver using the option -force_replication_on_nets <list of net objects>.
INFO: [Physopt 32-702] Processed net U_MATH/v2_x[0]_repN. Optimizations did not improve timing on the net.
INFO: [Physopt 32-702] Processed net U_RENDERER/red3_inferred__0/i__carry__0_n_2. Optimizations did not improve timing on the net.
INFO: [Physopt 32-735] Processed net U_RENDERER/i__carry__0_i_1__0_n_0. Optimization improves timing on the net.
INFO: [Physopt 32-619] Estimated Timing Summary | WNS=-1.515 | TNS=-1.515 |
INFO: [Physopt 32-663] Processed net U_MATH/v2_y_reg[9]_0[0].  Re-placed instance U_MATH/v2_y_reg[2]
INFO: [Physopt 32-735] Processed net U_MATH/v2_y_reg[9]_0[0]. Optimization improves timing on the net.
INFO: [Physopt 32-619] Estimated Timing Summary | WNS=-1.513 | TNS=-1.513 |
INFO: [Physopt 32-702] Processed net U_RENDERER/red3_inferred__0/i__carry_n_0. Optimizations did not improve timing on the net.
INFO: [Physopt 32-735] Processed net U_RENDERER/i__carry_i_1__1_n_0. Optimization improves timing on the net.
INFO: [Physopt 32-619] Estimated Timing Summary | WNS=-1.512 | TNS=-1.512 |
INFO: [Physopt 32-662] Processed net U_MATH/v2_y_reg[9]_0[0].  Did not re-place instance U_MATH/v2_y_reg[2]
INFO: [Physopt 32-81] Processed net U_MATH/v2_y_reg[9]_0[0]. Replicated 1 times.
INFO: [Physopt 32-735] Processed net U_MATH/v2_y_reg[9]_0[0]. Optimization improves timing on the net.
INFO: [Physopt 32-619] Estimated Timing Summary | WNS=-1.495 | TNS=-1.495 |
INFO: [Physopt 32-702] Processed net U_RENDERER/i__carry_i_1__1_n_0. Optimizations did not improve timing on the net.
INFO: [Physopt 32-662] Processed net U_RENDERER/i__carry_i_5__1_n_0.  Did not re-place instance U_RENDERER/i__carry_i_5__1
INFO: [Physopt 32-134] Processed net U_RENDERER/i__carry_i_5__1_n_0. Rewiring did not optimize the net.
INFO: [Physopt 32-572] Net U_RENDERER/i__carry_i_5__1_n_0 was not replicated.
Resolution: phys_opt_design can be forced to replicate a net driver using the option -force_replication_on_nets <list of net objects>.
INFO: [Physopt 32-735] Processed net U_RENDERER/i__carry_i_5__1_n_0. Optimization improves timing on the net.
INFO: [Physopt 32-619] Estimated Timing Summary | WNS=-1.495 | TNS=-1.495 |
INFO: [Physopt 32-702] Processed net U_RENDERER/red2_carry__0_n_2. Optimizations did not improve timing on the net.
INFO: [Physopt 32-735] Processed net U_RENDERER/red2_carry__0_i_1_n_0. Optimization improves timing on the net.
INFO: [Physopt 32-619] Estimated Timing Summary | WNS=-1.489 | TNS=-1.489 |
INFO: [Physopt 32-702] Processed net U_RENDERER/red3_carry_i_1_n_0. Optimizations did not improve timing on the net.
INFO: [Physopt 32-662] Processed net U_RENDERER/red3_carry_i_5_n_0.  Did not re-place instance U_RENDERER/red3_carry_i_5
INFO: [Physopt 32-710] Processed net U_RENDERER/red3_carry_i_1_n_0. Critical path length was reduced through logic transformation on cell U_RENDERER/red3_carry_i_1_comp.
INFO: [Physopt 32-735] Processed net U_RENDERER/red3_carry_i_5_n_0. Optimization improves timing on the net.
INFO: [Physopt 32-619] Estimated Timing Summary | WNS=-1.483 | TNS=-1.483 |
INFO: [Physopt 32-735] Processed net U_RENDERER/i__carry_i_2__1_n_0. Optimization improves timing on the net.
INFO: [Physopt 32-619] Estimated Timing Summary | WNS=-1.441 | TNS=-1.441 |
INFO: [Physopt 32-662] Processed net U_RENDERER/i__carry_i_5__1_n_0.  Did not re-place instance U_RENDERER/i__carry_i_5__1
INFO: [Physopt 32-134] Processed net U_RENDERER/i__carry_i_5__1_n_0. Rewiring did not optimize the net.
INFO: [Physopt 32-572] Net U_RENDERER/i__carry_i_5__1_n_0 was not replicated.
Resolution: phys_opt_design can be forced to replicate a net driver using the option -force_replication_on_nets <list of net objects>.
INFO: [Physopt 32-702] Processed net U_RENDERER/i__carry_i_5__1_n_0. Optimizations did not improve timing on the net.
INFO: [Physopt 32-702] Processed net U_RENDERER/red7_inferred__2/i__carry__0_n_7. Optimizations did not improve timing on the net.
INFO: [Physopt 32-702] Processed net U_RENDERER/red7_inferred__2/i__carry_n_0. Optimizations did not improve timing on the net.
INFO: [Physopt 32-702] Processed net U_VGA_CTRL/h_counter_reg[3]_1[1]. Optimizations did not improve timing on the net.
INFO: [Physopt 32-702] Processed net U_RENDERER/red[0]_i_1_n_0. Optimizations did not improve timing on the net.
INFO: [Physopt 32-702] Processed net sysclk_IBUF. Optimizations did not improve timing on the net.
INFO: [Physopt 32-702] Processed net sysclk. Optimizations did not improve timing on the net.
INFO: [Physopt 32-702] Processed net U_RENDERER/vid_pData[0]. Optimizations did not improve timing on the net.
INFO: [Physopt 32-662] Processed net U_MATH/v2_x[0]_repN.  Did not re-place instance U_MATH/v1_x_reg[1]_replica
INFO: [Physopt 32-702] Processed net U_MATH/v2_x[0]_repN. Optimizations did not improve timing on the net.
INFO: [Physopt 32-662] Processed net U_RENDERER/red[0]_i_2_n_0.  Did not re-place instance U_RENDERER/red[0]_i_2
INFO: [Physopt 32-735] Processed net U_RENDERER/red[0]_i_2_n_0. Optimization improves timing on the net.
INFO: [Physopt 32-619] Estimated Timing Summary | WNS=-1.434 | TNS=-1.434 |
INFO: [Physopt 32-662] Processed net U_RENDERER/red[0]_i_2_n_0.  Did not re-place instance U_RENDERER/red[0]_i_2
INFO: [Physopt 32-702] Processed net U_RENDERER/red[0]_i_2_n_0. Optimizations did not improve timing on the net.
INFO: [Physopt 32-702] Processed net U_RENDERER/red3_inferred__0/i__carry__0_n_2. Optimizations did not improve timing on the net.
INFO: [Physopt 32-702] Processed net U_RENDERER/i__carry_i_1__1_n_0. Optimizations did not improve timing on the net.
INFO: [Physopt 32-662] Processed net U_RENDERER/i__carry_i_5__1_n_0.  Did not re-place instance U_RENDERER/i__carry_i_5__1
INFO: [Physopt 32-702] Processed net U_RENDERER/i__carry_i_5__1_n_0. Optimizations did not improve timing on the net.
INFO: [Physopt 32-702] Processed net U_RENDERER/red7_inferred__2/i__carry__0_n_7. Optimizations did not improve timing on the net.
INFO: [Physopt 32-702] Processed net U_VGA_CTRL/h_counter_reg[3]_1[1]. Optimizations did not improve timing on the net.
INFO: [Physopt 32-702] Processed net U_RENDERER/red[0]_i_1_n_0. Optimizations did not improve timing on the net.
INFO: [Physopt 32-702] Processed net sysclk_IBUF. Optimizations did not improve timing on the net.
INFO: [Physopt 32-702] Processed net sysclk. Optimizations did not improve timing on the net.
INFO: [Physopt 32-619] Estimated Timing Summary | WNS=-1.434 | TNS=-1.434 |
Phase 3 Critical Path Optimization | Checksum: 1e9fc85e7

Time (s): cpu = 00:00:12 ; elapsed = 00:00:03 . Memory (MB): peak = 3065.020 ; gain = 0.000 ; free physical = 1824 ; free virtual = 20605

Phase 4 Critical Path Optimization
INFO: [Physopt 32-619] Estimated Timing Summary | WNS=-1.434 | TNS=-1.434 |
INFO: [Physopt 32-702] Processed net U_RENDERER/vid_pData[0]. Optimizations did not improve timing on the net.
INFO: [Physopt 32-662] Processed net U_MATH/v2_x[0]_repN.  Did not re-place instance U_MATH/v1_x_reg[1]_replica
INFO: [Physopt 32-572] Net U_MATH/v2_x[0]_repN was not replicated.
Resolution: phys_opt_design can be forced to replicate a net driver using the option -force_replication_on_nets <list of net objects>.
INFO: [Physopt 32-702] Processed net U_MATH/v2_x[0]_repN. Optimizations did not improve timing on the net.
INFO: [Physopt 32-662] Processed net U_RENDERER/red[0]_i_2_n_0.  Did not re-place instance U_RENDERER/red[0]_i_2
INFO: [Physopt 32-702] Processed net U_RENDERER/red[0]_i_2_n_0. Optimizations did not improve timing on the net.
INFO: [Physopt 32-702] Processed net U_RENDERER/red3_inferred__0/i__carry__0_n_2. Optimizations did not improve timing on the net.
INFO: [Physopt 32-702] Processed net U_RENDERER/red3_inferred__0/i__carry_n_0. Optimizations did not improve timing on the net.
INFO: [Physopt 32-702] Processed net U_RENDERER/i__carry_i_1__1_n_0. Optimizations did not improve timing on the net.
INFO: [Physopt 32-662] Processed net U_RENDERER/i__carry_i_5__1_n_0.  Did not re-place instance U_RENDERER/i__carry_i_5__1
INFO: [Physopt 32-134] Processed net U_RENDERER/i__carry_i_5__1_n_0. Rewiring did not optimize the net.
INFO: [Physopt 32-572] Net U_RENDERER/i__carry_i_5__1_n_0 was not replicated.
Resolution: phys_opt_design can be forced to replicate a net driver using the option -force_replication_on_nets <list of net objects>.
INFO: [Physopt 32-702] Processed net U_RENDERER/i__carry_i_5__1_n_0. Optimizations did not improve timing on the net.
INFO: [Physopt 32-702] Processed net U_RENDERER/red7_inferred__2/i__carry__0_n_7. Optimizations did not improve timing on the net.
INFO: [Physopt 32-702] Processed net U_RENDERER/red7_inferred__2/i__carry_n_0. Optimizations did not improve timing on the net.
INFO: [Physopt 32-702] Processed net U_VGA_CTRL/h_counter_reg[3]_1[1]. Optimizations did not improve timing on the net.
INFO: [Physopt 32-702] Processed net U_RENDERER/red[0]_i_1_n_0. Optimizations did not improve timing on the net.
INFO: [Physopt 32-702] Processed net sysclk_IBUF. Optimizations did not improve timing on the net.
INFO: [Physopt 32-702] Processed net sysclk. Optimizations did not improve timing on the net.
INFO: [Physopt 32-702] Processed net U_RENDERER/vid_pData[0]. Optimizations did not improve timing on the net.
INFO: [Physopt 32-662] Processed net U_MATH/v2_x[0]_repN.  Did not re-place instance U_MATH/v1_x_reg[1]_replica
INFO: [Physopt 32-702] Processed net U_MATH/v2_x[0]_repN. Optimizations did not improve timing on the net.
INFO: [Physopt 32-662] Processed net U_RENDERER/red[0]_i_2_n_0.  Did not re-place instance U_RENDERER/red[0]_i_2
INFO: [Physopt 32-702] Processed net U_RENDERER/red[0]_i_2_n_0. Optimizations did not improve timing on the net.
INFO: [Physopt 32-702] Processed net U_RENDERER/red3_inferred__0/i__carry__0_n_2. Optimizations did not improve timing on the net.
INFO: [Physopt 32-702] Processed net U_RENDERER/i__carry_i_1__1_n_0. Optimizations did not improve timing on the net.
INFO: [Physopt 32-662] Processed net U_RENDERER/i__carry_i_5__1_n_0.  Did not re-place instance U_RENDERER/i__carry_i_5__1
INFO: [Physopt 32-702] Processed net U_RENDERER/i__carry_i_5__1_n_0. Optimizations did not improve timing on the net.
INFO: [Physopt 32-702] Processed net U_RENDERER/red7_inferred__2/i__carry__0_n_7. Optimizations did not improve timing on the net.
INFO: [Physopt 32-702] Processed net U_VGA_CTRL/h_counter_reg[3]_1[1]. Optimizations did not improve timing on the net.
INFO: [Physopt 32-702] Processed net U_RENDERER/red[0]_i_1_n_0. Optimizations did not improve timing on the net.
INFO: [Physopt 32-702] Processed net sysclk_IBUF. Optimizations did not improve timing on the net.
INFO: [Physopt 32-702] Processed net sysclk. Optimizations did not improve timing on the net.
INFO: [Physopt 32-619] Estimated Timing Summary | WNS=-1.434 | TNS=-1.434 |
Phase 4 Critical Path Optimization | Checksum: 1e9fc85e7

Time (s): cpu = 00:00:14 ; elapsed = 00:00:04 . Memory (MB): peak = 3065.020 ; gain = 0.000 ; free physical = 1825 ; free virtual = 20606
Netlist sorting complete. Time (s): cpu = 00:00:00 ; elapsed = 00:00:00 . Memory (MB): peak = 3065.020 ; gain = 0.000 ; free physical = 1825 ; free virtual = 20606
INFO: [Physopt 32-603] Post Physical Optimization Timing Summary | WNS=-1.434 | TNS=-1.434 |

Summary of Physical Synthesis Optimizations
============================================


-------------------------------------------------------------------------------------------------------------------------------------------------------------
|  Optimization   |  WNS Gain (ns)  |  TNS Gain (ns)  |  Added Cells  |  Removed Cells  |  Optimized Cells/Nets  |  Dont Touch  |  Iterations  |  Elapsed   |
-------------------------------------------------------------------------------------------------------------------------------------------------------------
|  DSP Register   |          0.000  |          0.000  |            0  |              0  |                     0  |           0  |           1  |  00:00:00  |
|  Critical Path  |          0.567  |          0.567  |            3  |              0  |                    28  |           0  |           2  |  00:00:04  |
|  Total          |          0.567  |          0.567  |            3  |              0  |                    28  |           0  |           3  |  00:00:04  |
-------------------------------------------------------------------------------------------------------------------------------------------------------------


Netlist sorting complete. Time (s): cpu = 00:00:00 ; elapsed = 00:00:00 . Memory (MB): peak = 3065.020 ; gain = 0.000 ; free physical = 1825 ; free virtual = 20606
Ending Physical Synthesis Task | Checksum: 26439e312

Time (s): cpu = 00:00:14 ; elapsed = 00:00:04 . Memory (MB): peak = 3065.020 ; gain = 0.000 ; free physical = 1825 ; free virtual = 20606
INFO: [Common 17-83] Releasing license: Implementation
255 Infos, 2 Warnings, 0 Critical Warnings and 0 Errors encountered.
phys_opt_design completed successfully
INFO: [Timing 38-480] Writing timing data to binary archive.
Writing placer database...
Writing XDEF routing.
Writing XDEF routing logical nets.
Writing XDEF routing special nets.
Write XDEF Complete: Time (s): cpu = 00:00:00.16 ; elapsed = 00:00:00.05 . Memory (MB): peak = 3065.020 ; gain = 0.000 ; free physical = 1823 ; free virtual = 20604
INFO: [Common 17-1381] The checkpoint '/home/user/Desktop/lab_final_6DOFTelem/lab_final_6DOFTelem.runs/impl_1/hdmi_telemetry_top_physopt.dcp' has been generated.
Command: route_design
Attempting to get a license for feature 'Implementation' and/or device 'xc7z010'
INFO: [Common 17-349] Got license for feature 'Implementation' and/or device 'xc7z010'
INFO: [DRC 23-27] Running DRC with 8 threads
INFO: [Vivado_Tcl 4-198] DRC finished with 0 Errors
INFO: [Vivado_Tcl 4-199] Please refer to the DRC report (report_drc) for more information.
Running DRC as a precondition to command route_design
INFO: [DRC 23-27] Running DRC with 8 threads
INFO: [Vivado_Tcl 4-198] DRC finished with 0 Errors
INFO: [Vivado_Tcl 4-199] Please refer to the DRC report (report_drc) for more information.


Starting Routing Task
INFO: [Route 35-254] Multithreading enabled for route_design using a maximum of 8 CPUs
Checksum: PlaceDB: f66dda04 ConstDB: 0 ShapeSum: ef0cf7f2 RouteDB: 0

Phase 1 Build RT Design
Phase 1 Build RT Design | Checksum: 1012d0b44

Time (s): cpu = 00:00:06 ; elapsed = 00:00:05 . Memory (MB): peak = 3065.020 ; gain = 0.000 ; free physical = 1751 ; free virtual = 20532
Post Restoration Checksum: NetGraph: a2f76c15 NumContArr: 5e359f2f Constraints: 0 Timing: 0

Phase 2 Router Initialization

Phase 2.1 Create Timer
Phase 2.1 Create Timer | Checksum: 1012d0b44

Time (s): cpu = 00:00:06 ; elapsed = 00:00:05 . Memory (MB): peak = 3065.020 ; gain = 0.000 ; free physical = 1751 ; free virtual = 20532

Phase 2.2 Fix Topology Constraints
Phase 2.2 Fix Topology Constraints | Checksum: 1012d0b44

Time (s): cpu = 00:00:06 ; elapsed = 00:00:05 . Memory (MB): peak = 3065.020 ; gain = 0.000 ; free physical = 1719 ; free virtual = 20499

Phase 2.3 Pre Route Cleanup
Phase 2.3 Pre Route Cleanup | Checksum: 1012d0b44

Time (s): cpu = 00:00:06 ; elapsed = 00:00:05 . Memory (MB): peak = 3065.020 ; gain = 0.000 ; free physical = 1719 ; free virtual = 20499
 Number of Nodes with overlaps = 0

Phase 2.4 Update Timing
Phase 2.4 Update Timing | Checksum: 2ab54b7ac

Time (s): cpu = 00:00:07 ; elapsed = 00:00:06 . Memory (MB): peak = 3065.020 ; gain = 0.000 ; free physical = 1713 ; free virtual = 20494
INFO: [Route 35-416] Intermediate Timing Summary | WNS=-1.379 | TNS=-1.379 | WHS=-1.087 | THS=-12.593|

Phase 2 Router Initialization | Checksum: 297ecac80

Time (s): cpu = 00:00:07 ; elapsed = 00:00:06 . Memory (MB): peak = 3065.020 ; gain = 0.000 ; free physical = 1713 ; free virtual = 20494

Router Utilization Summary
  Global Vertical Routing Utilization    = 0 %
  Global Horizontal Routing Utilization  = 0 %
  Routable Net Status*
  *Does not include unroutable nets such as driverless and loadless.
  Run report_route_status for detailed report.
  Number of Failed Nets               = 725
    (Failed Nets is the sum of unrouted and partially routed nets)
  Number of Unrouted Nets             = 725
  Number of Partially Routed Nets     = 0
  Number of Node Overlaps             = 0


Phase 3 Initial Routing

Phase 3.1 Global Routing
Phase 3.1 Global Routing | Checksum: 297ecac80

Time (s): cpu = 00:00:07 ; elapsed = 00:00:06 . Memory (MB): peak = 3065.020 ; gain = 0.000 ; free physical = 1714 ; free virtual = 20495
Phase 3 Initial Routing | Checksum: 14a51fbb9

Time (s): cpu = 00:00:07 ; elapsed = 00:00:06 . Memory (MB): peak = 3065.020 ; gain = 0.000 ; free physical = 1715 ; free virtual = 20496

Phase 4 Rip-up And Reroute

Phase 4.1 Global Iteration 0
 Number of Nodes with overlaps = 154
 Number of Nodes with overlaps = 67
 Number of Nodes with overlaps = 46
 Number of Nodes with overlaps = 8
 Number of Nodes with overlaps = 1
 Number of Nodes with overlaps = 0
INFO: [Route 35-416] Intermediate Timing Summary | WNS=-1.566 | TNS=-1.566 | WHS=N/A    | THS=N/A    |

Phase 4.1 Global Iteration 0 | Checksum: 1caae07b9

Time (s): cpu = 00:00:09 ; elapsed = 00:00:07 . Memory (MB): peak = 3065.020 ; gain = 0.000 ; free physical = 1716 ; free virtual = 20497

Phase 4.2 Global Iteration 1
 Number of Nodes with overlaps = 113
 Number of Nodes with overlaps = 61
 Number of Nodes with overlaps = 33
 Number of Nodes with overlaps = 8
 Number of Nodes with overlaps = 2
 Number of Nodes with overlaps = 0
INFO: [Route 35-416] Intermediate Timing Summary | WNS=-1.964 | TNS=-1.964 | WHS=N/A    | THS=N/A    |

Phase 4.2 Global Iteration 1 | Checksum: 415039d9

Time (s): cpu = 00:00:11 ; elapsed = 00:00:08 . Memory (MB): peak = 3065.020 ; gain = 0.000 ; free physical = 1711 ; free virtual = 20492
Phase 4 Rip-up And Reroute | Checksum: 415039d9

Time (s): cpu = 00:00:11 ; elapsed = 00:00:08 . Memory (MB): peak = 3065.020 ; gain = 0.000 ; free physical = 1711 ; free virtual = 20492

Phase 5 Delay and Skew Optimization

Phase 5.1 Delay CleanUp

Phase 5.1.1 Update Timing
Phase 5.1.1 Update Timing | Checksum: f474b1b0

Time (s): cpu = 00:00:11 ; elapsed = 00:00:08 . Memory (MB): peak = 3065.020 ; gain = 0.000 ; free physical = 1711 ; free virtual = 20492
INFO: [Route 35-416] Intermediate Timing Summary | WNS=-1.566 | TNS=-1.566 | WHS=N/A    | THS=N/A    |

 Number of Nodes with overlaps = 0
Phase 5.1 Delay CleanUp | Checksum: fd0462a7

Time (s): cpu = 00:00:11 ; elapsed = 00:00:08 . Memory (MB): peak = 3065.020 ; gain = 0.000 ; free physical = 1711 ; free virtual = 20492

Phase 5.2 Clock Skew Optimization
Phase 5.2 Clock Skew Optimization | Checksum: fd0462a7

Time (s): cpu = 00:00:11 ; elapsed = 00:00:08 . Memory (MB): peak = 3065.020 ; gain = 0.000 ; free physical = 1711 ; free virtual = 20492
Phase 5 Delay and Skew Optimization | Checksum: fd0462a7

Time (s): cpu = 00:00:11 ; elapsed = 00:00:08 . Memory (MB): peak = 3065.020 ; gain = 0.000 ; free physical = 1711 ; free virtual = 20492

Phase 6 Post Hold Fix

Phase 6.1 Hold Fix Iter

Phase 6.1.1 Update Timing
Phase 6.1.1 Update Timing | Checksum: 78e1f0ae

Time (s): cpu = 00:00:11 ; elapsed = 00:00:08 . Memory (MB): peak = 3065.020 ; gain = 0.000 ; free physical = 1711 ; free virtual = 20492
INFO: [Route 35-416] Intermediate Timing Summary | WNS=-1.566 | TNS=-1.566 | WHS=-0.137 | THS=-0.137 |

Phase 6.1 Hold Fix Iter | Checksum: e633c5e9

Time (s): cpu = 00:00:11 ; elapsed = 00:00:08 . Memory (MB): peak = 3065.020 ; gain = 0.000 ; free physical = 1711 ; free virtual = 20492
Phase 6 Post Hold Fix | Checksum: 101abae04

Time (s): cpu = 00:00:11 ; elapsed = 00:00:08 . Memory (MB): peak = 3065.020 ; gain = 0.000 ; free physical = 1711 ; free virtual = 20492

Phase 7 Route finalize

Router Utilization Summary
  Global Vertical Routing Utilization    = 0.285895 %
  Global Horizontal Routing Utilization  = 0.310432 %
  Routable Net Status*
  *Does not include unroutable nets such as driverless and loadless.
  Run report_route_status for detailed report.
  Number of Failed Nets               = 0
    (Failed Nets is the sum of unrouted and partially routed nets)
  Number of Unrouted Nets             = 0
  Number of Partially Routed Nets     = 0
  Number of Node Overlaps             = 0

Congestion Report
North Dir 1x1 Area, Max Cong = 31.5315%, No Congested Regions.
South Dir 1x1 Area, Max Cong = 30.6306%, No Congested Regions.
East Dir 1x1 Area, Max Cong = 26.4706%, No Congested Regions.
West Dir 1x1 Area, Max Cong = 25%, No Congested Regions.

------------------------------
Reporting congestion hotspots
------------------------------
Direction: North
----------------
Congested clusters found at Level 0
Effective congestion level: 0 Aspect Ratio: 1 Sparse Ratio: 0
Direction: South
----------------
Congested clusters found at Level 0
Effective congestion level: 0 Aspect Ratio: 1 Sparse Ratio: 0
Direction: East
----------------
Congested clusters found at Level 0
Effective congestion level: 0 Aspect Ratio: 1 Sparse Ratio: 0
Direction: West
----------------
Congested clusters found at Level 0
Effective congestion level: 0 Aspect Ratio: 1 Sparse Ratio: 0

Phase 7 Route finalize | Checksum: f1cb598f

Time (s): cpu = 00:00:11 ; elapsed = 00:00:08 . Memory (MB): peak = 3065.020 ; gain = 0.000 ; free physical = 1711 ; free virtual = 20492

Phase 8 Verifying routed nets

 Verification completed successfully
Phase 8 Verifying routed nets | Checksum: f1cb598f

Time (s): cpu = 00:00:11 ; elapsed = 00:00:08 . Memory (MB): peak = 3065.020 ; gain = 0.000 ; free physical = 1711 ; free virtual = 20492

Phase 9 Depositing Routes
Phase 9 Depositing Routes | Checksum: 15cfec286

Time (s): cpu = 00:00:11 ; elapsed = 00:00:08 . Memory (MB): peak = 3065.020 ; gain = 0.000 ; free physical = 1711 ; free virtual = 20492

Phase 10 Post Router Timing

Phase 10.1 Update Timing
Phase 10.1 Update Timing | Checksum: 1dc241dfb

Time (s): cpu = 00:00:11 ; elapsed = 00:00:09 . Memory (MB): peak = 3065.020 ; gain = 0.000 ; free physical = 1711 ; free virtual = 20492
INFO: [Route 35-57] Estimated Timing Summary | WNS=-1.566 | TNS=-1.566 | WHS=0.108  | THS=0.000  |

WARNING: [Route 35-328] Router estimated timing not met.
Resolution: For a complete and accurate timing signoff, report_timing_summary must be run after route_design. Alternatively, route_design can be run with the -timing_summary option to enable a complete timing signoff at the end of route_design.
Phase 10 Post Router Timing | Checksum: 1dc241dfb

Time (s): cpu = 00:00:11 ; elapsed = 00:00:09 . Memory (MB): peak = 3065.020 ; gain = 0.000 ; free physical = 1711 ; free virtual = 20492
INFO: [Route 35-16] Router Completed Successfully

Time (s): cpu = 00:00:11 ; elapsed = 00:00:09 . Memory (MB): peak = 3065.020 ; gain = 0.000 ; free physical = 1744 ; free virtual = 20525

Routing Is Done.
INFO: [Common 17-83] Releasing license: Implementation
273 Infos, 3 Warnings, 0 Critical Warnings and 0 Errors encountered.
route_design completed successfully
route_design: Time (s): cpu = 00:00:13 ; elapsed = 00:00:09 . Memory (MB): peak = 3065.020 ; gain = 0.000 ; free physical = 1744 ; free virtual = 20525
INFO: [Timing 38-480] Writing timing data to binary archive.
Writing placer database...
Writing XDEF routing.
Writing XDEF routing logical nets.
Writing XDEF routing special nets.
Write XDEF Complete: Time (s): cpu = 00:00:00.21 ; elapsed = 00:00:00.06 . Memory (MB): peak = 3065.020 ; gain = 0.000 ; free physical = 1741 ; free virtual = 20522
INFO: [Common 17-1381] The checkpoint '/home/user/Desktop/lab_final_6DOFTelem/lab_final_6DOFTelem.runs/impl_1/hdmi_telemetry_top_routed.dcp' has been generated.
INFO: [runtcl-4] Executing : report_drc -file hdmi_telemetry_top_drc_routed.rpt -pb hdmi_telemetry_top_drc_routed.pb -rpx hdmi_telemetry_top_drc_routed.rpx
Command: report_drc -file hdmi_telemetry_top_drc_routed.rpt -pb hdmi_telemetry_top_drc_routed.pb -rpx hdmi_telemetry_top_drc_routed.rpx
INFO: [IP_Flow 19-1839] IP Catalog is up to date.
INFO: [DRC 23-27] Running DRC with 8 threads
INFO: [Vivado_Tcl 2-168] The results of DRC are in file /home/user/Desktop/lab_final_6DOFTelem/lab_final_6DOFTelem.runs/impl_1/hdmi_telemetry_top_drc_routed.rpt.
report_drc completed successfully
INFO: [runtcl-4] Executing : report_methodology -file hdmi_telemetry_top_methodology_drc_routed.rpt -pb hdmi_telemetry_top_methodology_drc_routed.pb -rpx hdmi_telemetry_top_methodology_drc_routed.rpx
Command: report_methodology -file hdmi_telemetry_top_methodology_drc_routed.rpt -pb hdmi_telemetry_top_methodology_drc_routed.pb -rpx hdmi_telemetry_top_methodology_drc_routed.rpx
INFO: [Timing 38-35] Done setting XDC timing constraints.
INFO: [DRC 23-133] Running Methodology with 8 threads
INFO: [Vivado_Tcl 2-1520] The results of Report Methodology are in file /home/user/Desktop/lab_final_6DOFTelem/lab_final_6DOFTelem.runs/impl_1/hdmi_telemetry_top_methodology_drc_routed.rpt.
report_methodology completed successfully
INFO: [runtcl-4] Executing : report_power -file hdmi_telemetry_top_power_routed.rpt -pb hdmi_telemetry_top_power_summary_routed.pb -rpx hdmi_telemetry_top_power_routed.rpx
Command: report_power -file hdmi_telemetry_top_power_routed.rpt -pb hdmi_telemetry_top_power_summary_routed.pb -rpx hdmi_telemetry_top_power_routed.rpx
INFO: [Timing 38-35] Done setting XDC timing constraints.
Running Vector-less Activity Propagation...

Finished Running Vector-less Activity Propagation
285 Infos, 3 Warnings, 0 Critical Warnings and 0 Errors encountered.
report_power completed successfully
INFO: [runtcl-4] Executing : report_route_status -file hdmi_telemetry_top_route_status.rpt -pb hdmi_telemetry_top_route_status.pb
INFO: [runtcl-4] Executing : report_timing_summary -max_paths 10 -file hdmi_telemetry_top_timing_summary_routed.rpt -pb hdmi_telemetry_top_timing_summary_routed.pb -rpx hdmi_telemetry_top_timing_summary_routed.rpx -warn_on_violation 
INFO: [Timing 38-91] UpdateTimingParams: Speed grade: -1, Delay Type: min_max.
INFO: [Timing 38-191] Multithreading enabled for timing update using a maximum of 8 CPUs
CRITICAL WARNING: [Timing 38-282] The design failed to meet the timing requirements. Please see the timing summary report for details on the timing violations.
INFO: [runtcl-4] Executing : report_incremental_reuse -file hdmi_telemetry_top_incremental_reuse_routed.rpt
INFO: [Vivado_Tcl 4-1062] Incremental flow is disabled. No incremental reuse Info to report.
INFO: [runtcl-4] Executing : report_clock_utilization -file hdmi_telemetry_top_clock_utilization_routed.rpt
INFO: [runtcl-4] Executing : report_bus_skew -warn_on_violation -file hdmi_telemetry_top_bus_skew_routed.rpt -pb hdmi_telemetry_top_bus_skew_routed.pb -rpx hdmi_telemetry_top_bus_skew_routed.rpx
INFO: [Timing 38-91] UpdateTimingParams: Speed grade: -1, Delay Type: min_max.
INFO: [Timing 38-191] Multithreading enabled for timing update using a maximum of 8 CPUs
Command: write_bitstream -force hdmi_telemetry_top.bit
Attempting to get a license for feature 'Implementation' and/or device 'xc7z010'
INFO: [Common 17-349] Got license for feature 'Implementation' and/or device 'xc7z010'
Running DRC as a precondition to command write_bitstream
INFO: [IP_Flow 19-1839] IP Catalog is up to date.
INFO: [DRC 23-27] Running DRC with 8 threads
WARNING: [DRC ZPS7-1] PS7 block required: The PS7 cell must be used in this Zynq design in order to enable correct default configuration.
INFO: [Vivado 12-3199] DRC finished with 0 Errors, 1 Warnings
INFO: [Vivado 12-3200] Please refer to the DRC report (report_drc) for more information.
INFO: [Designutils 20-2272] Running write_bitstream with 8 threads.
Loading data files...
Loading site data...
Loading route data...
Processing options...
Creating bitmap...
Creating bitstream...
Writing bitstream ./hdmi_telemetry_top.bit...
INFO: [Vivado 12-1842] Bitgen Completed Successfully.
INFO: [#UNDEF] WebTalk data collection is mandatory when using a WebPACK part without a full Vivado license. To see the specific WebTalk data collected for your design, open the usage_statistics_webtalk.html or usage_statistics_webtalk.xml file in the implementation directory.
INFO: [Common 17-83] Releasing license: Implementation
12 Infos, 1 Warnings, 0 Critical Warnings and 0 Errors encountered.
write_bitstream completed successfully
write_bitstream: Time (s): cpu = 00:00:08 ; elapsed = 00:00:10 . Memory (MB): peak = 3352.336 ; gain = 204.395 ; free physical = 1726 ; free virtual = 20506
INFO: [Common 17-206] Exiting Vivado at Wed May  6 14:28:49 2026...
