
*** Running vivado
    with args -log rgb2dvi_0.vds -m64 -product Vivado -mode batch -messageDb vivado.pb -notrace -source rgb2dvi_0.tcl


****** Vivado v2021.1 (64-bit)
  **** SW Build 3247384 on Thu Jun 10 19:36:07 MDT 2021
  **** IP Build 3246043 on Fri Jun 11 00:30:35 MDT 2021
    ** Copyright 1986-2021 Xilinx, Inc. All Rights Reserved.

source rgb2dvi_0.tcl -notrace
INFO: [IP_Flow 19-234] Refreshing IP repositories
INFO: [IP_Flow 19-1700] Loaded user IP repository '/home/software/digilent'.
INFO: [IP_Flow 19-2313] Loaded Vivado IP repository '/home/software/Xilinx/Vivado/2021.1/data/ip'.
Command: synth_design -top rgb2dvi_0 -part xc7z010clg400-1 -mode out_of_context
Starting synth_design
Attempting to get a license for feature 'Synthesis' and/or device 'xc7z010'
INFO: [Common 17-349] Got license for feature 'Synthesis' and/or device 'xc7z010'
INFO: [Device 21-403] Loading part xc7z010clg400-1
INFO: [Synth 8-7079] Multithreading enabled for synth_design using a maximum of 4 processes.
INFO: [Synth 8-7078] Launching helper process for spawning children vivado processes
INFO: [Synth 8-7075] Helper process launched with PID 287759
---------------------------------------------------------------------------------
Starting RTL Elaboration : Time (s): cpu = 00:00:03 ; elapsed = 00:00:03 . Memory (MB): peak = 2486.230 ; gain = 0.000 ; free physical = 3581 ; free virtual = 22361
---------------------------------------------------------------------------------
INFO: [Synth 8-638] synthesizing module 'rgb2dvi_0' [/home/user/Desktop/lab_final_6DOFTelem/lab_final_6DOFTelem.gen/sources_1/ip/rgb2dvi_0/synth/rgb2dvi_0.vhd:72]
	Parameter kGenerateSerialClk bound to: 0 - type: bool 
	Parameter kClkPrimitive bound to: PLL - type: string 
	Parameter kRstActiveHigh bound to: 1 - type: bool 
	Parameter kClkRange bound to: 1 - type: integer 
	Parameter kD0Swap bound to: 0 - type: bool 
	Parameter kD1Swap bound to: 0 - type: bool 
	Parameter kD2Swap bound to: 0 - type: bool 
	Parameter kClkSwap bound to: 0 - type: bool 
INFO: [Synth 8-3491] module 'rgb2dvi' declared at '/home/user/Desktop/lab_final_6DOFTelem/lab_final_6DOFTelem.gen/sources_1/ip/rgb2dvi_0/src/rgb2dvi.vhd:62' bound to instance 'U0' of component 'rgb2dvi' [/home/user/Desktop/lab_final_6DOFTelem/lab_final_6DOFTelem.gen/sources_1/ip/rgb2dvi_0/synth/rgb2dvi_0.vhd:124]
INFO: [Synth 8-638] synthesizing module 'rgb2dvi' [/home/user/Desktop/lab_final_6DOFTelem/lab_final_6DOFTelem.gen/sources_1/ip/rgb2dvi_0/src/rgb2dvi.vhd:94]
INFO: [Synth 8-638] synthesizing module 'ResetBridge' [/home/user/Desktop/lab_final_6DOFTelem/lab_final_6DOFTelem.gen/sources_1/ip/rgb2dvi_0/xil_defaultlib/src/SyncAsyncReset.vhd:72]
INFO: [Synth 8-638] synthesizing module 'SyncAsync' [/home/user/Desktop/lab_final_6DOFTelem/lab_final_6DOFTelem.gen/sources_1/ip/rgb2dvi_0/xil_defaultlib/src/SyncAsync.vhd:72]
INFO: [Synth 8-256] done synthesizing module 'SyncAsync' (1#1) [/home/user/Desktop/lab_final_6DOFTelem/lab_final_6DOFTelem.gen/sources_1/ip/rgb2dvi_0/xil_defaultlib/src/SyncAsync.vhd:72]
INFO: [Synth 8-256] done synthesizing module 'ResetBridge' (2#1) [/home/user/Desktop/lab_final_6DOFTelem/lab_final_6DOFTelem.gen/sources_1/ip/rgb2dvi_0/xil_defaultlib/src/SyncAsyncReset.vhd:72]
INFO: [Synth 8-638] synthesizing module 'OutputSERDES' [/home/user/Desktop/lab_final_6DOFTelem/lab_final_6DOFTelem.gen/sources_1/ip/rgb2dvi_0/src/OutputSERDES.vhd:76]
	Parameter IOSTANDARD bound to: TMDS_33 - type: string 
INFO: [Synth 8-113] binding component instance 'OutputBuffer' to cell 'OBUFDS' [/home/user/Desktop/lab_final_6DOFTelem/lab_final_6DOFTelem.gen/sources_1/ip/rgb2dvi_0/src/OutputSERDES.vhd:83]
	Parameter DATA_RATE_OQ bound to: DDR - type: string 
	Parameter DATA_RATE_TQ bound to: SDR - type: string 
	Parameter DATA_WIDTH bound to: 10 - type: integer 
	Parameter SERDES_MODE bound to: MASTER - type: string 
	Parameter TBYTE_CTL bound to: FALSE - type: string 
	Parameter TBYTE_SRC bound to: FALSE - type: string 
	Parameter TRISTATE_WIDTH bound to: 1 - type: integer 
INFO: [Synth 8-113] binding component instance 'SerializerMaster' to cell 'OSERDESE2' [/home/user/Desktop/lab_final_6DOFTelem/lab_final_6DOFTelem.gen/sources_1/ip/rgb2dvi_0/src/OutputSERDES.vhd:92]
	Parameter DATA_RATE_OQ bound to: DDR - type: string 
	Parameter DATA_RATE_TQ bound to: SDR - type: string 
	Parameter DATA_WIDTH bound to: 10 - type: integer 
	Parameter SERDES_MODE bound to: SLAVE - type: string 
	Parameter TBYTE_CTL bound to: FALSE - type: string 
	Parameter TBYTE_SRC bound to: FALSE - type: string 
	Parameter TRISTATE_WIDTH bound to: 1 - type: integer 
INFO: [Synth 8-113] binding component instance 'SerializerSlave' to cell 'OSERDESE2' [/home/user/Desktop/lab_final_6DOFTelem/lab_final_6DOFTelem.gen/sources_1/ip/rgb2dvi_0/src/OutputSERDES.vhd:135]
INFO: [Synth 8-256] done synthesizing module 'OutputSERDES' (3#1) [/home/user/Desktop/lab_final_6DOFTelem/lab_final_6DOFTelem.gen/sources_1/ip/rgb2dvi_0/src/OutputSERDES.vhd:76]
INFO: [Synth 8-638] synthesizing module 'TMDS_Encoder' [/home/user/Desktop/lab_final_6DOFTelem/lab_final_6DOFTelem.gen/sources_1/ip/rgb2dvi_0/src/TMDS_Encoder.vhd:80]
INFO: [Synth 8-256] done synthesizing module 'TMDS_Encoder' (4#1) [/home/user/Desktop/lab_final_6DOFTelem/lab_final_6DOFTelem.gen/sources_1/ip/rgb2dvi_0/src/TMDS_Encoder.vhd:80]
INFO: [Synth 8-256] done synthesizing module 'rgb2dvi' (5#1) [/home/user/Desktop/lab_final_6DOFTelem/lab_final_6DOFTelem.gen/sources_1/ip/rgb2dvi_0/src/rgb2dvi.vhd:94]
INFO: [Synth 8-256] done synthesizing module 'rgb2dvi_0' (6#1) [/home/user/Desktop/lab_final_6DOFTelem/lab_final_6DOFTelem.gen/sources_1/ip/rgb2dvi_0/synth/rgb2dvi_0.vhd:72]
---------------------------------------------------------------------------------
Finished RTL Elaboration : Time (s): cpu = 00:00:03 ; elapsed = 00:00:04 . Memory (MB): peak = 2486.230 ; gain = 0.000 ; free physical = 2927 ; free virtual = 21707
---------------------------------------------------------------------------------
---------------------------------------------------------------------------------
Start Handling Custom Attributes
---------------------------------------------------------------------------------
---------------------------------------------------------------------------------
Finished Handling Custom Attributes : Time (s): cpu = 00:00:04 ; elapsed = 00:00:04 . Memory (MB): peak = 2486.230 ; gain = 0.000 ; free physical = 2719 ; free virtual = 21500
---------------------------------------------------------------------------------
---------------------------------------------------------------------------------
Finished RTL Optimization Phase 1 : Time (s): cpu = 00:00:04 ; elapsed = 00:00:04 . Memory (MB): peak = 2486.230 ; gain = 0.000 ; free physical = 2719 ; free virtual = 21500
---------------------------------------------------------------------------------
Netlist sorting complete. Time (s): cpu = 00:00:00.01 ; elapsed = 00:00:00 . Memory (MB): peak = 2486.230 ; gain = 0.000 ; free physical = 2713 ; free virtual = 21493
INFO: [Netlist 29-17] Analyzing 4 Unisim elements for replacement
INFO: [Netlist 29-28] Unisim Transformation completed in 0 CPU seconds
INFO: [Project 1-570] Preparing netlist for logic optimization

Processing XDC Constraints
Initializing timing engine
Parsing XDC File [/home/user/Desktop/lab_final_6DOFTelem/lab_final_6DOFTelem.gen/sources_1/ip/rgb2dvi_0/src/rgb2dvi_ooc.xdc] for cell 'U0'
Finished Parsing XDC File [/home/user/Desktop/lab_final_6DOFTelem/lab_final_6DOFTelem.gen/sources_1/ip/rgb2dvi_0/src/rgb2dvi_ooc.xdc] for cell 'U0'
Parsing XDC File [/home/user/Desktop/lab_final_6DOFTelem/lab_final_6DOFTelem.gen/sources_1/ip/rgb2dvi_0/src/rgb2dvi.xdc] for cell 'U0'
Finished Parsing XDC File [/home/user/Desktop/lab_final_6DOFTelem/lab_final_6DOFTelem.gen/sources_1/ip/rgb2dvi_0/src/rgb2dvi.xdc] for cell 'U0'
Parsing XDC File [/home/user/Desktop/lab_final_6DOFTelem/lab_final_6DOFTelem.runs/rgb2dvi_0_synth_1/dont_touch.xdc]
Finished Parsing XDC File [/home/user/Desktop/lab_final_6DOFTelem/lab_final_6DOFTelem.runs/rgb2dvi_0_synth_1/dont_touch.xdc]
Parsing XDC File [/home/user/Desktop/lab_final_6DOFTelem/lab_final_6DOFTelem.gen/sources_1/ip/rgb2dvi_0/src/rgb2dvi_clocks.xdc] for cell 'U0'
Finished Parsing XDC File [/home/user/Desktop/lab_final_6DOFTelem/lab_final_6DOFTelem.gen/sources_1/ip/rgb2dvi_0/src/rgb2dvi_clocks.xdc] for cell 'U0'
Completed Processing XDC Constraints

Netlist sorting complete. Time (s): cpu = 00:00:00 ; elapsed = 00:00:00 . Memory (MB): peak = 2550.129 ; gain = 0.000 ; free physical = 3463 ; free virtual = 22243
INFO: [Project 1-111] Unisim Transformation Summary:
No Unisim elements were transformed.

Constraint Validation Runtime : Time (s): cpu = 00:00:00.02 ; elapsed = 00:00:00.01 . Memory (MB): peak = 2550.129 ; gain = 0.000 ; free physical = 3463 ; free virtual = 22243
---------------------------------------------------------------------------------
Finished Constraint Validation : Time (s): cpu = 00:00:08 ; elapsed = 00:00:08 . Memory (MB): peak = 2550.129 ; gain = 63.898 ; free physical = 3525 ; free virtual = 22306
---------------------------------------------------------------------------------
---------------------------------------------------------------------------------
Start Loading Part and Timing Information
---------------------------------------------------------------------------------
Loading part: xc7z010clg400-1
---------------------------------------------------------------------------------
Finished Loading Part and Timing Information : Time (s): cpu = 00:00:08 ; elapsed = 00:00:08 . Memory (MB): peak = 2550.129 ; gain = 63.898 ; free physical = 3525 ; free virtual = 22306
---------------------------------------------------------------------------------
---------------------------------------------------------------------------------
Start Applying 'set_property' XDC Constraints
---------------------------------------------------------------------------------
Applied set_property KEEP_HIERARCHY = SOFT for U0. (constraint file  /home/user/Desktop/lab_final_6DOFTelem/lab_final_6DOFTelem.runs/rgb2dvi_0_synth_1/dont_touch.xdc, line 9).
---------------------------------------------------------------------------------
Finished applying 'set_property' XDC Constraints : Time (s): cpu = 00:00:08 ; elapsed = 00:00:09 . Memory (MB): peak = 2550.129 ; gain = 63.898 ; free physical = 3525 ; free virtual = 22306
---------------------------------------------------------------------------------
---------------------------------------------------------------------------------
Finished RTL Optimization Phase 2 : Time (s): cpu = 00:00:08 ; elapsed = 00:00:09 . Memory (MB): peak = 2550.129 ; gain = 63.898 ; free physical = 3524 ; free virtual = 22305
---------------------------------------------------------------------------------
---------------------------------------------------------------------------------
Start RTL Component Statistics 
---------------------------------------------------------------------------------
Detailed RTL Component Info : 
+---Adders : 
	   3 Input    5 Bit       Adders := 9     
	   4 Input    5 Bit       Adders := 3     
	   2 Input    5 Bit       Adders := 3     
	   8 Input    4 Bit       Adders := 6     
	   2 Input    4 Bit       Adders := 3     
+---XORs : 
	   2 Input      1 Bit         XORs := 42    
+---Registers : 
	               10 Bit    Registers := 3     
	                9 Bit    Registers := 3     
	                8 Bit    Registers := 3     
	                5 Bit    Registers := 3     
	                4 Bit    Registers := 9     
	                2 Bit    Registers := 1     
	                1 Bit    Registers := 18    
+---Muxes : 
	   4 Input   10 Bit        Muxes := 3     
	   2 Input    9 Bit        Muxes := 3     
	   2 Input    5 Bit        Muxes := 9     
---------------------------------------------------------------------------------
Finished RTL Component Statistics 
---------------------------------------------------------------------------------
---------------------------------------------------------------------------------
Start Part Resource Summary
---------------------------------------------------------------------------------
Part Resources:
DSPs: 80 (col length:40)
BRAMs: 120 (col length: RAMB18 40 RAMB36 20)
---------------------------------------------------------------------------------
Finished Part Resource Summary
---------------------------------------------------------------------------------
---------------------------------------------------------------------------------
Start Cross Boundary and Area Optimization
---------------------------------------------------------------------------------
---------------------------------------------------------------------------------
Finished Cross Boundary and Area Optimization : Time (s): cpu = 00:00:11 ; elapsed = 00:00:12 . Memory (MB): peak = 2550.129 ; gain = 63.898 ; free physical = 3501 ; free virtual = 22283
---------------------------------------------------------------------------------
---------------------------------------------------------------------------------
Start Applying XDC Timing Constraints
---------------------------------------------------------------------------------
---------------------------------------------------------------------------------
Finished Applying XDC Timing Constraints : Time (s): cpu = 00:00:16 ; elapsed = 00:00:16 . Memory (MB): peak = 2550.129 ; gain = 63.898 ; free physical = 3392 ; free virtual = 22174
---------------------------------------------------------------------------------
---------------------------------------------------------------------------------
Start Timing Optimization
---------------------------------------------------------------------------------
---------------------------------------------------------------------------------
Finished Timing Optimization : Time (s): cpu = 00:00:16 ; elapsed = 00:00:17 . Memory (MB): peak = 2550.129 ; gain = 63.898 ; free physical = 3387 ; free virtual = 22170
---------------------------------------------------------------------------------
---------------------------------------------------------------------------------
Start Technology Mapping
---------------------------------------------------------------------------------
---------------------------------------------------------------------------------
Finished Technology Mapping : Time (s): cpu = 00:00:16 ; elapsed = 00:00:17 . Memory (MB): peak = 2550.129 ; gain = 63.898 ; free physical = 3387 ; free virtual = 22169
---------------------------------------------------------------------------------
---------------------------------------------------------------------------------
Start IO Insertion
---------------------------------------------------------------------------------
---------------------------------------------------------------------------------
Start Flattening Before IO Insertion
---------------------------------------------------------------------------------
---------------------------------------------------------------------------------
Finished Flattening Before IO Insertion
---------------------------------------------------------------------------------
---------------------------------------------------------------------------------
Start Final Netlist Cleanup
---------------------------------------------------------------------------------
---------------------------------------------------------------------------------
Finished Final Netlist Cleanup
---------------------------------------------------------------------------------
---------------------------------------------------------------------------------
Finished IO Insertion : Time (s): cpu = 00:00:19 ; elapsed = 00:00:19 . Memory (MB): peak = 2550.129 ; gain = 63.898 ; free physical = 3385 ; free virtual = 22168
---------------------------------------------------------------------------------
---------------------------------------------------------------------------------
Start Renaming Generated Instances
---------------------------------------------------------------------------------
---------------------------------------------------------------------------------
Finished Renaming Generated Instances : Time (s): cpu = 00:00:19 ; elapsed = 00:00:19 . Memory (MB): peak = 2550.129 ; gain = 63.898 ; free physical = 3385 ; free virtual = 22168
---------------------------------------------------------------------------------
---------------------------------------------------------------------------------
Start Rebuilding User Hierarchy
---------------------------------------------------------------------------------
---------------------------------------------------------------------------------
Finished Rebuilding User Hierarchy : Time (s): cpu = 00:00:19 ; elapsed = 00:00:19 . Memory (MB): peak = 2550.129 ; gain = 63.898 ; free physical = 3385 ; free virtual = 22168
---------------------------------------------------------------------------------
---------------------------------------------------------------------------------
Start Renaming Generated Ports
---------------------------------------------------------------------------------
---------------------------------------------------------------------------------
Finished Renaming Generated Ports : Time (s): cpu = 00:00:19 ; elapsed = 00:00:19 . Memory (MB): peak = 2550.129 ; gain = 63.898 ; free physical = 3385 ; free virtual = 22168
---------------------------------------------------------------------------------
---------------------------------------------------------------------------------
Start Handling Custom Attributes
---------------------------------------------------------------------------------
---------------------------------------------------------------------------------
Finished Handling Custom Attributes : Time (s): cpu = 00:00:19 ; elapsed = 00:00:19 . Memory (MB): peak = 2550.129 ; gain = 63.898 ; free physical = 3385 ; free virtual = 22168
---------------------------------------------------------------------------------
---------------------------------------------------------------------------------
Start Renaming Generated Nets
---------------------------------------------------------------------------------
---------------------------------------------------------------------------------
Finished Renaming Generated Nets : Time (s): cpu = 00:00:19 ; elapsed = 00:00:19 . Memory (MB): peak = 2550.129 ; gain = 63.898 ; free physical = 3385 ; free virtual = 22168
---------------------------------------------------------------------------------
---------------------------------------------------------------------------------
Start Writing Synthesis Report
---------------------------------------------------------------------------------

Report BlackBoxes: 
+-+--------------+----------+
| |BlackBox name |Instances |
+-+--------------+----------+
+-+--------------+----------+

Report Cell Usage: 
+------+----------+------+
|      |Cell      |Count |
+------+----------+------+
|1     |LUT1      |     4|
|2     |LUT2      |    22|
|3     |LUT3      |    34|
|4     |LUT4      |    23|
|5     |LUT5      |    43|
|6     |LUT6      |    72|
|7     |OSERDESE2 |     8|
|9     |FDPE      |     2|
|10    |FDRE      |   117|
|11    |FDSE      |    15|
|12    |OBUFDS    |     4|
+------+----------+------+
---------------------------------------------------------------------------------
Finished Writing Synthesis Report : Time (s): cpu = 00:00:19 ; elapsed = 00:00:19 . Memory (MB): peak = 2550.129 ; gain = 63.898 ; free physical = 3385 ; free virtual = 22168
---------------------------------------------------------------------------------
Synthesis finished with 0 errors, 0 critical warnings and 0 warnings.
Synthesis Optimization Runtime : Time (s): cpu = 00:00:17 ; elapsed = 00:00:18 . Memory (MB): peak = 2550.129 ; gain = 0.000 ; free physical = 3434 ; free virtual = 22216
Synthesis Optimization Complete : Time (s): cpu = 00:00:19 ; elapsed = 00:00:20 . Memory (MB): peak = 2550.129 ; gain = 63.898 ; free physical = 3434 ; free virtual = 22216
INFO: [Project 1-571] Translating synthesized netlist
Netlist sorting complete. Time (s): cpu = 00:00:00 ; elapsed = 00:00:00 . Memory (MB): peak = 2550.129 ; gain = 0.000 ; free physical = 3434 ; free virtual = 22216
INFO: [Netlist 29-17] Analyzing 4 Unisim elements for replacement
INFO: [Netlist 29-28] Unisim Transformation completed in 0 CPU seconds
INFO: [Project 1-570] Preparing netlist for logic optimization
INFO: [Opt 31-138] Pushed 0 inverter(s) to 0 load pin(s).
Netlist sorting complete. Time (s): cpu = 00:00:00 ; elapsed = 00:00:00 . Memory (MB): peak = 2550.129 ; gain = 0.000 ; free physical = 3466 ; free virtual = 22248
INFO: [Project 1-111] Unisim Transformation Summary:
No Unisim elements were transformed.

Synth Design complete, checksum: c1312852
INFO: [Common 17-83] Releasing license: Synthesis
35 Infos, 0 Warnings, 0 Critical Warnings and 0 Errors encountered.
synth_design completed successfully
synth_design: Time (s): cpu = 00:00:27 ; elapsed = 00:00:23 . Memory (MB): peak = 2550.129 ; gain = 64.031 ; free physical = 3601 ; free virtual = 22384
INFO: [Common 17-1381] The checkpoint '/home/user/Desktop/lab_final_6DOFTelem/lab_final_6DOFTelem.runs/rgb2dvi_0_synth_1/rgb2dvi_0.dcp' has been generated.
INFO: [Coretcl 2-1648] Added synthesis output to IP cache for IP rgb2dvi_0, cache-ID = ad3fb8243eb63d6f
INFO: [Coretcl 2-1174] Renamed 10 cell refs.
INFO: [Common 17-1381] The checkpoint '/home/user/Desktop/lab_final_6DOFTelem/lab_final_6DOFTelem.runs/rgb2dvi_0_synth_1/rgb2dvi_0.dcp' has been generated.
INFO: [runtcl-4] Executing : report_utilization -file rgb2dvi_0_utilization_synth.rpt -pb rgb2dvi_0_utilization_synth.pb
INFO: [Common 17-206] Exiting Vivado at Wed Apr 29 13:21:27 2026...
