
*** Running vivado
    with args -log hdmi_telemetry_top.vds -m64 -product Vivado -mode batch -messageDb vivado.pb -notrace -source hdmi_telemetry_top.tcl


****** Vivado v2021.1 (64-bit)
  **** SW Build 3247384 on Thu Jun 10 19:36:07 MDT 2021
  **** IP Build 3246043 on Fri Jun 11 00:30:35 MDT 2021
    ** Copyright 1986-2021 Xilinx, Inc. All Rights Reserved.

source hdmi_telemetry_top.tcl -notrace
INFO: [IP_Flow 19-234] Refreshing IP repositories
INFO: [IP_Flow 19-1700] Loaded user IP repository '/home/software/digilent'.
INFO: [IP_Flow 19-2313] Loaded Vivado IP repository '/home/software/Xilinx/Vivado/2021.1/data/ip'.
Command: synth_design -top hdmi_telemetry_top -part xc7z010clg400-1
Starting synth_design
Attempting to get a license for feature 'Synthesis' and/or device 'xc7z010'
INFO: [Common 17-349] Got license for feature 'Synthesis' and/or device 'xc7z010'
INFO: [Device 21-403] Loading part xc7z010clg400-1
INFO: [Synth 8-7079] Multithreading enabled for synth_design using a maximum of 4 processes.
INFO: [Synth 8-7078] Launching helper process for spawning children vivado processes
INFO: [Synth 8-7075] Helper process launched with PID 215160
---------------------------------------------------------------------------------
Starting RTL Elaboration : Time (s): cpu = 00:00:02 ; elapsed = 00:00:02 . Memory (MB): peak = 2521.039 ; gain = 0.000 ; free physical = 7501 ; free virtual = 25057
---------------------------------------------------------------------------------
INFO: [Synth 8-638] synthesizing module 'hdmi_telemetry_top' [/home/user/Desktop/lab_final_6DOFTelem/lab_final_6DOFTelem.srcs/sources_1/new/hdmi_telemetry_top.vhd:29]
INFO: [Synth 8-638] synthesizing module 'spi_clock_en' [/home/user/Desktop/lab_final_6DOFTelem/lab_final_6DOFTelem.srcs/sources_1/new/spi_clock_en.vhd:12]
INFO: [Synth 8-256] done synthesizing module 'spi_clock_en' (1#1) [/home/user/Desktop/lab_final_6DOFTelem/lab_final_6DOFTelem.srcs/sources_1/new/spi_clock_en.vhd:12]
INFO: [Synth 8-638] synthesizing module 'spi_master' [/home/user/Desktop/lab_final_6DOFTelem/lab_final_6DOFTelem.srcs/sources_1/new/spi_master.vhd:24]
INFO: [Synth 8-256] done synthesizing module 'spi_master' (2#1) [/home/user/Desktop/lab_final_6DOFTelem/lab_final_6DOFTelem.srcs/sources_1/new/spi_master.vhd:24]
INFO: [Synth 8-638] synthesizing module 'nav_imu_controller' [/home/user/Desktop/lab_final_6DOFTelem/lab_final_6DOFTelem.srcs/sources_1/new/nav_imu_controller.vhd:22]
INFO: [Synth 8-256] done synthesizing module 'nav_imu_controller' (3#1) [/home/user/Desktop/lab_final_6DOFTelem/lab_final_6DOFTelem.srcs/sources_1/new/nav_imu_controller.vhd:22]
INFO: [Synth 8-638] synthesizing module 'jstk2_controller' [/home/user/Desktop/lab_final_6DOFTelem/lab_final_6DOFTelem.srcs/sources_1/new/jstk2_controller.vhd:22]
INFO: [Synth 8-256] done synthesizing module 'jstk2_controller' (4#1) [/home/user/Desktop/lab_final_6DOFTelem/lab_final_6DOFTelem.srcs/sources_1/new/jstk2_controller.vhd:22]
INFO: [Synth 8-256] done synthesizing module 'hdmi_telemetry_top' (5#1) [/home/user/Desktop/lab_final_6DOFTelem/lab_final_6DOFTelem.srcs/sources_1/new/hdmi_telemetry_top.vhd:29]
---------------------------------------------------------------------------------
Finished RTL Elaboration : Time (s): cpu = 00:00:03 ; elapsed = 00:00:03 . Memory (MB): peak = 2521.039 ; gain = 0.000 ; free physical = 6638 ; free virtual = 24194
---------------------------------------------------------------------------------
---------------------------------------------------------------------------------
Start Handling Custom Attributes
---------------------------------------------------------------------------------
---------------------------------------------------------------------------------
Finished Handling Custom Attributes : Time (s): cpu = 00:00:04 ; elapsed = 00:00:04 . Memory (MB): peak = 2521.039 ; gain = 0.000 ; free physical = 6637 ; free virtual = 24193
---------------------------------------------------------------------------------
---------------------------------------------------------------------------------
Finished RTL Optimization Phase 1 : Time (s): cpu = 00:00:04 ; elapsed = 00:00:04 . Memory (MB): peak = 2521.039 ; gain = 0.000 ; free physical = 6637 ; free virtual = 24193
---------------------------------------------------------------------------------
Netlist sorting complete. Time (s): cpu = 00:00:00.01 ; elapsed = 00:00:00 . Memory (MB): peak = 2521.039 ; gain = 0.000 ; free physical = 6632 ; free virtual = 24188
INFO: [Project 1-570] Preparing netlist for logic optimization

Processing XDC Constraints
Initializing timing engine
Parsing XDC File [/home/user/Desktop/lab_final_6DOFTelem/lab_final_6DOFTelem.srcs/constrs_1/new/zybo_old_board.xdc]
Finished Parsing XDC File [/home/user/Desktop/lab_final_6DOFTelem/lab_final_6DOFTelem.srcs/constrs_1/new/zybo_old_board.xdc]
INFO: [Project 1-236] Implementation specific constraints were found while reading constraint file [/home/user/Desktop/lab_final_6DOFTelem/lab_final_6DOFTelem.srcs/constrs_1/new/zybo_old_board.xdc]. These constraints will be ignored for synthesis but will be used in implementation. Impacted constraints are listed in the file [.Xil/hdmi_telemetry_top_propImpl.xdc].
Resolution: To avoid this warning, move constraints listed in [.Xil/hdmi_telemetry_top_propImpl.xdc] to another XDC file and exclude this new file from synthesis with the used_in_synthesis property (File Properties dialog in GUI) and re-run elaboration/synthesis.
Completed Processing XDC Constraints

Netlist sorting complete. Time (s): cpu = 00:00:00 ; elapsed = 00:00:00 . Memory (MB): peak = 2584.938 ; gain = 0.000 ; free physical = 7376 ; free virtual = 24932
INFO: [Project 1-111] Unisim Transformation Summary:
No Unisim elements were transformed.

Constraint Validation Runtime : Time (s): cpu = 00:00:00 ; elapsed = 00:00:00 . Memory (MB): peak = 2584.938 ; gain = 0.000 ; free physical = 7376 ; free virtual = 24932
---------------------------------------------------------------------------------
Finished Constraint Validation : Time (s): cpu = 00:00:07 ; elapsed = 00:00:08 . Memory (MB): peak = 2584.938 ; gain = 63.898 ; free physical = 7441 ; free virtual = 24997
---------------------------------------------------------------------------------
---------------------------------------------------------------------------------
Start Loading Part and Timing Information
---------------------------------------------------------------------------------
Loading part: xc7z010clg400-1
---------------------------------------------------------------------------------
Finished Loading Part and Timing Information : Time (s): cpu = 00:00:07 ; elapsed = 00:00:08 . Memory (MB): peak = 2584.938 ; gain = 63.898 ; free physical = 7441 ; free virtual = 24997
---------------------------------------------------------------------------------
---------------------------------------------------------------------------------
Start Applying 'set_property' XDC Constraints
---------------------------------------------------------------------------------
---------------------------------------------------------------------------------
Finished applying 'set_property' XDC Constraints : Time (s): cpu = 00:00:07 ; elapsed = 00:00:08 . Memory (MB): peak = 2584.938 ; gain = 63.898 ; free physical = 7443 ; free virtual = 24999
---------------------------------------------------------------------------------
INFO: [Synth 8-802] inferred FSM for state register 'spi_state_reg' in module 'nav_imu_controller'
INFO: [Synth 8-802] inferred FSM for state register 'state_reg' in module 'nav_imu_controller'
INFO: [Synth 8-802] inferred FSM for state register 'spi_state_reg' in module 'jstk2_controller'
INFO: [Synth 8-802] inferred FSM for state register 'state_reg' in module 'jstk2_controller'
INFO: [Synth 8-802] inferred FSM for state register 'poll_state_reg' in module 'hdmi_telemetry_top'
---------------------------------------------------------------------------------------------------
                   State |                     New Encoding |                Previous Encoding 
---------------------------------------------------------------------------------------------------
                  s_idle |                              001 |                               00
              s_wait_ack |                              010 |                               01
            s_wait_ready |                              100 |                               10
---------------------------------------------------------------------------------------------------
INFO: [Synth 8-3354] encoded FSM with state register 'spi_state_reg' using encoding 'one-hot' in module 'nav_imu_controller'
---------------------------------------------------------------------------------------------------
                   State |                     New Encoding |                Previous Encoding 
---------------------------------------------------------------------------------------------------
                    init |                               00 |                               00
                    idle |                               01 |                               01
                read_imu |                               10 |                               10
                    done |                               11 |                               11
---------------------------------------------------------------------------------------------------
INFO: [Synth 8-3354] encoded FSM with state register 'state_reg' using encoding 'sequential' in module 'nav_imu_controller'
---------------------------------------------------------------------------------------------------
                   State |                     New Encoding |                Previous Encoding 
---------------------------------------------------------------------------------------------------
                  s_idle |                               00 |                               00
              s_wait_ack |                               01 |                               01
            s_wait_ready |                               10 |                               10
              s_wait_gap |                               11 |                               11
---------------------------------------------------------------------------------------------------
INFO: [Synth 8-3354] encoded FSM with state register 'spi_state_reg' using encoding 'sequential' in module 'jstk2_controller'
---------------------------------------------------------------------------------------------------
                   State |                     New Encoding |                Previous Encoding 
---------------------------------------------------------------------------------------------------
                    idle |                             0001 |                               00
               read_jstk |                             0010 |                               01
                    done |                             0100 |                               10
                  iSTATE |                             1000 |                               11
---------------------------------------------------------------------------------------------------
INFO: [Synth 8-3354] encoded FSM with state register 'state_reg' using encoding 'one-hot' in module 'jstk2_controller'
---------------------------------------------------------------------------------------------------
                   State |                     New Encoding |                Previous Encoding 
---------------------------------------------------------------------------------------------------
                    idle |                               00 |                               00
            read_sensors |                               01 |                               01
                wait_imu |                               10 |                               10
               wait_jstk |                               11 |                               11
---------------------------------------------------------------------------------------------------
INFO: [Synth 8-3354] encoded FSM with state register 'poll_state_reg' using encoding 'sequential' in module 'hdmi_telemetry_top'
---------------------------------------------------------------------------------
Finished RTL Optimization Phase 2 : Time (s): cpu = 00:00:08 ; elapsed = 00:00:08 . Memory (MB): peak = 2584.938 ; gain = 63.898 ; free physical = 7431 ; free virtual = 24986
---------------------------------------------------------------------------------
---------------------------------------------------------------------------------
Start RTL Component Statistics 
---------------------------------------------------------------------------------
Detailed RTL Component Info : 
+---Adders : 
	   2 Input   24 Bit       Adders := 1     
	   2 Input   11 Bit       Adders := 2     
	   2 Input    7 Bit       Adders := 1     
	   2 Input    4 Bit       Adders := 3     
	   2 Input    3 Bit       Adders := 3     
+---Registers : 
	               24 Bit    Registers := 1     
	               16 Bit    Registers := 5     
	               11 Bit    Registers := 2     
	                8 Bit    Registers := 18    
	                7 Bit    Registers := 1     
	                4 Bit    Registers := 1     
	                3 Bit    Registers := 3     
	                1 Bit    Registers := 23    
+---Muxes : 
	   2 Input   24 Bit        Muxes := 1     
	   4 Input   11 Bit        Muxes := 2     
	   2 Input   11 Bit        Muxes := 2     
	   2 Input    8 Bit        Muxes := 9     
	   6 Input    8 Bit        Muxes := 1     
	   4 Input    8 Bit        Muxes := 1     
	   2 Input    4 Bit        Muxes := 4     
	   4 Input    4 Bit        Muxes := 1     
	   3 Input    4 Bit        Muxes := 1     
	   2 Input    3 Bit        Muxes := 2     
	   4 Input    3 Bit        Muxes := 1     
	   4 Input    2 Bit        Muxes := 3     
	   2 Input    2 Bit        Muxes := 3     
	   2 Input    1 Bit        Muxes := 76    
	   8 Input    1 Bit        Muxes := 4     
	   3 Input    1 Bit        Muxes := 6     
	   6 Input    1 Bit        Muxes := 2     
	   4 Input    1 Bit        Muxes := 38    
---------------------------------------------------------------------------------
Finished RTL Component Statistics 
---------------------------------------------------------------------------------
---------------------------------------------------------------------------------
Start Part Resource Summary
---------------------------------------------------------------------------------
Part Resources:
DSPs: 80 (col length:40)
BRAMs: 120 (col length: RAMB18 40 RAMB36 20)
---------------------------------------------------------------------------------
Finished Part Resource Summary
---------------------------------------------------------------------------------
---------------------------------------------------------------------------------
Start Cross Boundary and Area Optimization
---------------------------------------------------------------------------------
---------------------------------------------------------------------------------
Finished Cross Boundary and Area Optimization : Time (s): cpu = 00:00:09 ; elapsed = 00:00:10 . Memory (MB): peak = 2584.938 ; gain = 63.898 ; free physical = 7424 ; free virtual = 24980
---------------------------------------------------------------------------------
---------------------------------------------------------------------------------
Start Applying XDC Timing Constraints
---------------------------------------------------------------------------------
---------------------------------------------------------------------------------
Finished Applying XDC Timing Constraints : Time (s): cpu = 00:00:13 ; elapsed = 00:00:14 . Memory (MB): peak = 2584.938 ; gain = 63.898 ; free physical = 7296 ; free virtual = 24852
---------------------------------------------------------------------------------
---------------------------------------------------------------------------------
Start Timing Optimization
---------------------------------------------------------------------------------
---------------------------------------------------------------------------------
Finished Timing Optimization : Time (s): cpu = 00:00:13 ; elapsed = 00:00:14 . Memory (MB): peak = 2584.938 ; gain = 63.898 ; free physical = 7292 ; free virtual = 24848
---------------------------------------------------------------------------------
---------------------------------------------------------------------------------
Start Technology Mapping
---------------------------------------------------------------------------------
---------------------------------------------------------------------------------
Finished Technology Mapping : Time (s): cpu = 00:00:14 ; elapsed = 00:00:14 . Memory (MB): peak = 2584.938 ; gain = 63.898 ; free physical = 7291 ; free virtual = 24846
---------------------------------------------------------------------------------
---------------------------------------------------------------------------------
Start IO Insertion
---------------------------------------------------------------------------------
---------------------------------------------------------------------------------
Start Flattening Before IO Insertion
---------------------------------------------------------------------------------
---------------------------------------------------------------------------------
Finished Flattening Before IO Insertion
---------------------------------------------------------------------------------
---------------------------------------------------------------------------------
Start Final Netlist Cleanup
---------------------------------------------------------------------------------
---------------------------------------------------------------------------------
Finished Final Netlist Cleanup
---------------------------------------------------------------------------------
---------------------------------------------------------------------------------
Finished IO Insertion : Time (s): cpu = 00:00:16 ; elapsed = 00:00:16 . Memory (MB): peak = 2584.938 ; gain = 63.898 ; free physical = 7288 ; free virtual = 24844
---------------------------------------------------------------------------------
---------------------------------------------------------------------------------
Start Renaming Generated Instances
---------------------------------------------------------------------------------
---------------------------------------------------------------------------------
Finished Renaming Generated Instances : Time (s): cpu = 00:00:16 ; elapsed = 00:00:16 . Memory (MB): peak = 2584.938 ; gain = 63.898 ; free physical = 7288 ; free virtual = 24844
---------------------------------------------------------------------------------
---------------------------------------------------------------------------------
Start Rebuilding User Hierarchy
---------------------------------------------------------------------------------
---------------------------------------------------------------------------------
Finished Rebuilding User Hierarchy : Time (s): cpu = 00:00:16 ; elapsed = 00:00:17 . Memory (MB): peak = 2584.938 ; gain = 63.898 ; free physical = 7288 ; free virtual = 24844
---------------------------------------------------------------------------------
---------------------------------------------------------------------------------
Start Renaming Generated Ports
---------------------------------------------------------------------------------
---------------------------------------------------------------------------------
Finished Renaming Generated Ports : Time (s): cpu = 00:00:16 ; elapsed = 00:00:17 . Memory (MB): peak = 2584.938 ; gain = 63.898 ; free physical = 7288 ; free virtual = 24844
---------------------------------------------------------------------------------
---------------------------------------------------------------------------------
Start Handling Custom Attributes
---------------------------------------------------------------------------------
---------------------------------------------------------------------------------
Finished Handling Custom Attributes : Time (s): cpu = 00:00:16 ; elapsed = 00:00:17 . Memory (MB): peak = 2584.938 ; gain = 63.898 ; free physical = 7288 ; free virtual = 24844
---------------------------------------------------------------------------------
---------------------------------------------------------------------------------
Start Renaming Generated Nets
---------------------------------------------------------------------------------
---------------------------------------------------------------------------------
Finished Renaming Generated Nets : Time (s): cpu = 00:00:16 ; elapsed = 00:00:17 . Memory (MB): peak = 2584.938 ; gain = 63.898 ; free physical = 7288 ; free virtual = 24844
---------------------------------------------------------------------------------
---------------------------------------------------------------------------------
Start Writing Synthesis Report
---------------------------------------------------------------------------------

Report BlackBoxes: 
+-+--------------+----------+
| |BlackBox name |Instances |
+-+--------------+----------+
+-+--------------+----------+

Report Cell Usage: 
+------+-------+------+
|      |Cell   |Count |
+------+-------+------+
|1     |BUFG   |     1|
|2     |CARRY4 |    18|
|3     |LUT1   |     3|
|4     |LUT2   |    75|
|5     |LUT3   |    44|
|6     |LUT4   |    33|
|7     |LUT5   |    50|
|8     |LUT6   |    67|
|9     |FDRE   |   271|
|10    |FDSE   |    10|
|11    |IBUF   |     5|
|12    |OBUF   |    10|
+------+-------+------+
---------------------------------------------------------------------------------
Finished Writing Synthesis Report : Time (s): cpu = 00:00:16 ; elapsed = 00:00:17 . Memory (MB): peak = 2584.938 ; gain = 63.898 ; free physical = 7288 ; free virtual = 24844
---------------------------------------------------------------------------------
Synthesis finished with 0 errors, 0 critical warnings and 0 warnings.
Synthesis Optimization Runtime : Time (s): cpu = 00:00:15 ; elapsed = 00:00:15 . Memory (MB): peak = 2584.938 ; gain = 0.000 ; free physical = 7345 ; free virtual = 24901
Synthesis Optimization Complete : Time (s): cpu = 00:00:16 ; elapsed = 00:00:17 . Memory (MB): peak = 2584.938 ; gain = 63.898 ; free physical = 7345 ; free virtual = 24901
INFO: [Project 1-571] Translating synthesized netlist
Netlist sorting complete. Time (s): cpu = 00:00:04 ; elapsed = 00:00:00.01 . Memory (MB): peak = 2584.938 ; gain = 0.000 ; free physical = 7431 ; free virtual = 24987
INFO: [Netlist 29-17] Analyzing 18 Unisim elements for replacement
INFO: [Netlist 29-28] Unisim Transformation completed in 0 CPU seconds
INFO: [Project 1-570] Preparing netlist for logic optimization
INFO: [Opt 31-138] Pushed 0 inverter(s) to 0 load pin(s).
Netlist sorting complete. Time (s): cpu = 00:00:00 ; elapsed = 00:00:00 . Memory (MB): peak = 2584.938 ; gain = 0.000 ; free physical = 7373 ; free virtual = 24928
INFO: [Project 1-111] Unisim Transformation Summary:
No Unisim elements were transformed.

Synth Design complete, checksum: 61104814
INFO: [Common 17-83] Releasing license: Synthesis
38 Infos, 0 Warnings, 0 Critical Warnings and 0 Errors encountered.
synth_design completed successfully
synth_design: Time (s): cpu = 00:00:23 ; elapsed = 00:00:20 . Memory (MB): peak = 2584.938 ; gain = 64.031 ; free physical = 7515 ; free virtual = 25071
INFO: [Common 17-1381] The checkpoint '/home/user/Desktop/lab_final_6DOFTelem/lab_final_6DOFTelem.runs/synth_1/hdmi_telemetry_top.dcp' has been generated.
INFO: [runtcl-4] Executing : report_utilization -file hdmi_telemetry_top_utilization_synth.rpt -pb hdmi_telemetry_top_utilization_synth.pb
INFO: [Common 17-206] Exiting Vivado at Mon May 11 14:46:51 2026...
